<?xml version="1.0" encoding="UTF-8"?>
<coverage generated="1694781688604" clover="3.2.0">
  <project timestamp="1694781688605" name="All files">
    <metrics statements="1529" coveredstatements="1528" conditionals="318" coveredconditionals="316" methods="93" coveredmethods="93" elements="1940" coveredelements="1937" complexity="0" loc="1529" ncloc="1529" packages="8" files="8" classes="8"/>
    <package name="src">
      <metrics statements="22" coveredstatements="22" conditionals="2" coveredconditionals="2" methods="2" coveredmethods="2"/>
      <file name="index.ts" path="C:\Users\alb03\Documents\Github\packages\store\src\index.ts">
        <metrics statements="22" coveredstatements="22" conditionals="2" coveredconditionals="2" methods="2" coveredmethods="2"/>
        <line num="1" count="1" type="stmt"/>
        <line num="2" count="1" type="stmt"/>
        <line num="3" count="1" type="stmt"/>
        <line num="4" count="1" type="stmt"/>
        <line num="5" count="1" type="stmt"/>
        <line num="6" count="1" type="stmt"/>
        <line num="7" count="1" type="stmt"/>
        <line num="8" count="1" type="stmt"/>
        <line num="9" count="1" type="stmt"/>
        <line num="10" count="1" type="stmt"/>
        <line num="11" count="47" type="cond" truecount="1" falsecount="0"/>
        <line num="12" count="47" type="stmt"/>
        <line num="13" count="47" type="cond" truecount="1" falsecount="0"/>
        <line num="14" count="39" type="stmt"/>
        <line num="15" count="39" type="stmt"/>
        <line num="16" count="39" type="stmt"/>
        <line num="17" count="39" type="stmt"/>
        <line num="18" count="47" type="stmt"/>
        <line num="19" count="47" type="stmt"/>
        <line num="20" count="47" type="stmt"/>
        <line num="21" count="1" type="stmt"/>
        <line num="22" count="1" type="stmt"/>
      </file>
    </package>
    <package name="src.constants">
      <metrics statements="25" coveredstatements="24" conditionals="1" coveredconditionals="0" methods="0" coveredmethods="0"/>
      <file name="internal.ts" path="C:\Users\alb03\Documents\Github\packages\store\src\constants\internal.ts">
        <metrics statements="25" coveredstatements="24" conditionals="1" coveredconditionals="0" methods="0" coveredmethods="0"/>
        <line num="1" count="1" type="stmt"/>
        <line num="2" count="1" type="stmt"/>
        <line num="3" count="1" type="stmt"/>
        <line num="4" count="1" type="stmt"/>
        <line num="5" count="1" type="stmt"/>
        <line num="6" count="1" type="stmt"/>
        <line num="7" count="1" type="stmt"/>
        <line num="8" count="1" type="stmt"/>
        <line num="9" count="1" type="stmt"/>
        <line num="10" count="1" type="stmt"/>
        <line num="11" count="1" type="stmt"/>
        <line num="12" count="1" type="stmt"/>
        <line num="13" count="1" type="stmt"/>
        <line num="14" count="1" type="stmt"/>
        <line num="15" count="1" type="stmt"/>
        <line num="16" count="1" type="stmt"/>
        <line num="17" count="1" type="stmt"/>
        <line num="18" count="1" type="stmt"/>
        <line num="19" count="1" type="stmt"/>
        <line num="20" count="1" type="stmt"/>
        <line num="21" count="1" type="stmt"/>
        <line num="22" count="1" type="stmt"/>
        <line num="23" count="1" type="stmt"/>
        <line num="24" count="1" type="cond" truecount="0" falsecount="1"/>
        <line num="25" count="0" type="stmt"/>
      </file>
    </package>
    <package name="src.helpers.commonProdDev">
      <metrics statements="33" coveredstatements="33" conditionals="12" coveredconditionals="11" methods="2" coveredmethods="2"/>
      <file name="index.ts" path="C:\Users\alb03\Documents\Github\packages\store\src\helpers\commonProdDev\index.ts">
        <metrics statements="33" coveredstatements="33" conditionals="12" coveredconditionals="11" methods="2" coveredmethods="2"/>
        <line num="1" count="1" type="stmt"/>
        <line num="2" count="1" type="stmt"/>
        <line num="3" count="1" type="stmt"/>
        <line num="4" count="1" type="stmt"/>
        <line num="5" count="1" type="cond" truecount="1" falsecount="0"/>
        <line num="6" count="142" type="cond" truecount="4" falsecount="0"/>
        <line num="7" count="142" type="stmt"/>
        <line num="8" count="1" type="stmt"/>
        <line num="9" count="1" type="cond" truecount="1" falsecount="0"/>
        <line num="10" count="93" type="stmt"/>
        <line num="11" count="93" type="stmt"/>
        <line num="12" count="93" type="stmt"/>
        <line num="13" count="93" type="stmt"/>
        <line num="14" count="93" type="stmt"/>
        <line num="15" count="93" type="cond" truecount="1" falsecount="0"/>
        <line num="16" count="65" type="stmt"/>
        <line num="17" count="65" type="stmt"/>
        <line num="18" count="65" type="stmt"/>
        <line num="19" count="65" type="stmt"/>
        <line num="20" count="93" type="cond" truecount="1" falsecount="0"/>
        <line num="21" count="28" type="cond" truecount="1" falsecount="0"/>
        <line num="22" count="25" type="stmt"/>
        <line num="23" count="25" type="stmt"/>
        <line num="24" count="25" type="stmt"/>
        <line num="25" count="25" type="stmt"/>
        <line num="26" count="25" type="stmt"/>
        <line num="27" count="28" type="stmt"/>
        <line num="28" count="93" type="cond" truecount="1" falsecount="0"/>
        <line num="29" count="76" type="stmt"/>
        <line num="30" count="76" type="cond" truecount="1" falsecount="1"/>
        <line num="31" count="93" type="stmt"/>
        <line num="32" count="93" type="stmt"/>
        <line num="33" count="93" type="stmt"/>
      </file>
    </package>
    <package name="src.helpers.developement">
      <metrics statements="186" coveredstatements="186" conditionals="40" coveredconditionals="40" methods="11" coveredmethods="11"/>
      <file name="index.ts" path="C:\Users\alb03\Documents\Github\packages\store\src\helpers\developement\index.ts">
        <metrics statements="186" coveredstatements="186" conditionals="40" coveredconditionals="40" methods="11" coveredmethods="11"/>
        <line num="1" count="1" type="stmt"/>
        <line num="2" count="1" type="stmt"/>
        <line num="3" count="1" type="stmt"/>
        <line num="4" count="1" type="stmt"/>
        <line num="5" count="1" type="stmt"/>
        <line num="6" count="54" type="cond" truecount="1" falsecount="0"/>
        <line num="7" count="54" type="cond" truecount="2" falsecount="0"/>
        <line num="8" count="2" type="stmt"/>
        <line num="9" count="2" type="stmt"/>
        <line num="10" count="2" type="stmt"/>
        <line num="11" count="2" type="stmt"/>
        <line num="12" count="2" type="stmt"/>
        <line num="13" count="2" type="stmt"/>
        <line num="14" count="2" type="cond" truecount="1" falsecount="0"/>
        <line num="15" count="54" type="cond" truecount="1" falsecount="0"/>
        <line num="16" count="5" type="stmt"/>
        <line num="17" count="5" type="stmt"/>
        <line num="18" count="5" type="stmt"/>
        <line num="19" count="5" type="cond" truecount="1" falsecount="0"/>
        <line num="20" count="5" type="stmt"/>
        <line num="21" count="5" type="stmt"/>
        <line num="22" count="5" type="stmt"/>
        <line num="23" count="54" type="stmt"/>
        <line num="24" count="1" type="stmt"/>
        <line num="25" count="13" type="cond" truecount="1" falsecount="0"/>
        <line num="26" count="13" type="cond" truecount="1" falsecount="0"/>
        <line num="27" count="7" type="stmt"/>
        <line num="28" count="7" type="stmt"/>
        <line num="29" count="7" type="stmt"/>
        <line num="30" count="7" type="stmt"/>
        <line num="31" count="7" type="cond" truecount="1" falsecount="0"/>
        <line num="32" count="12" type="stmt"/>
        <line num="33" count="1" type="stmt"/>
        <line num="34" count="5" type="cond" truecount="1" falsecount="0"/>
        <line num="35" count="5" type="cond" truecount="1" falsecount="0"/>
        <line num="36" count="1" type="stmt"/>
        <line num="37" count="1" type="stmt"/>
        <line num="38" count="1" type="stmt"/>
        <line num="39" count="1" type="stmt"/>
        <line num="40" count="1" type="stmt"/>
        <line num="41" count="1" type="stmt"/>
        <line num="42" count="1" type="cond" truecount="1" falsecount="0"/>
        <line num="43" count="4" type="stmt"/>
        <line num="44" count="4" type="stmt"/>
        <line num="45" count="1" type="stmt"/>
        <line num="46" count="39" type="cond" truecount="1" falsecount="0"/>
        <line num="47" count="39" type="stmt"/>
        <line num="48" count="39" type="cond" truecount="1" falsecount="0"/>
        <line num="49" count="22" type="cond" truecount="1" falsecount="0"/>
        <line num="50" count="39" type="cond" truecount="1" falsecount="0"/>
        <line num="51" count="1" type="stmt"/>
        <line num="52" count="1" type="stmt"/>
        <line num="53" count="1" type="stmt"/>
        <line num="54" count="1" type="stmt"/>
        <line num="55" count="1" type="stmt"/>
        <line num="56" count="1" type="stmt"/>
        <line num="57" count="39" type="stmt"/>
        <line num="58" count="1" type="stmt"/>
        <line num="59" count="44" type="cond" truecount="1" falsecount="0"/>
        <line num="60" count="44" type="cond" truecount="1" falsecount="0"/>
        <line num="61" count="1" type="stmt"/>
        <line num="62" count="1" type="stmt"/>
        <line num="63" count="1" type="stmt"/>
        <line num="64" count="1" type="stmt"/>
        <line num="65" count="1" type="stmt"/>
        <line num="66" count="1" type="stmt"/>
        <line num="67" count="1" type="stmt"/>
        <line num="68" count="44" type="stmt"/>
        <line num="69" count="1" type="stmt"/>
        <line num="70" count="45" type="cond" truecount="1" falsecount="0"/>
        <line num="71" count="45" type="cond" truecount="1" falsecount="0"/>
        <line num="72" count="2" type="stmt"/>
        <line num="73" count="2" type="stmt"/>
        <line num="74" count="2" type="stmt"/>
        <line num="75" count="2" type="stmt"/>
        <line num="76" count="2" type="stmt"/>
        <line num="77" count="2" type="stmt"/>
        <line num="78" count="45" type="stmt"/>
        <line num="79" count="1" type="stmt"/>
        <line num="80" count="55" type="cond" truecount="1" falsecount="0"/>
        <line num="81" count="55" type="stmt"/>
        <line num="82" count="55" type="stmt"/>
        <line num="83" count="55" type="stmt"/>
        <line num="84" count="55" type="stmt"/>
        <line num="85" count="55" type="stmt"/>
        <line num="86" count="55" type="stmt"/>
        <line num="87" count="55" type="stmt"/>
        <line num="88" count="55" type="cond" truecount="1" falsecount="0"/>
        <line num="89" count="53" type="cond" truecount="1" falsecount="0"/>
        <line num="90" count="53" type="cond" truecount="1" falsecount="0"/>
        <line num="91" count="53" type="cond" truecount="1" falsecount="0"/>
        <line num="92" count="53" type="stmt"/>
        <line num="93" count="55" type="cond" truecount="1" falsecount="0"/>
        <line num="94" count="2" type="stmt"/>
        <line num="95" count="2" type="stmt"/>
        <line num="96" count="2" type="stmt"/>
        <line num="97" count="2" type="stmt"/>
        <line num="98" count="2" type="cond" truecount="1" falsecount="0"/>
        <line num="99" count="1" type="cond" truecount="1" falsecount="0"/>
        <line num="100" count="1" type="stmt"/>
        <line num="101" count="2" type="stmt"/>
        <line num="102" count="2" type="cond" truecount="1" falsecount="0"/>
        <line num="103" count="53" type="stmt"/>
        <line num="104" count="53" type="stmt"/>
        <line num="105" count="53" type="stmt"/>
        <line num="106" count="55" type="cond" truecount="1" falsecount="0"/>
        <line num="107" count="4" type="stmt"/>
        <line num="108" count="4" type="cond" truecount="1" falsecount="0"/>
        <line num="109" count="49" type="stmt"/>
        <line num="110" count="55" type="cond" truecount="2" falsecount="0"/>
        <line num="111" count="4" type="stmt"/>
        <line num="112" count="4" type="cond" truecount="1" falsecount="0"/>
        <line num="113" count="45" type="stmt"/>
        <line num="114" count="45" type="stmt"/>
        <line num="115" count="45" type="stmt"/>
        <line num="116" count="45" type="stmt"/>
        <line num="117" count="1" type="stmt"/>
        <line num="118" count="47" type="cond" truecount="1" falsecount="0"/>
        <line num="119" count="47" type="stmt"/>
        <line num="120" count="47" type="stmt"/>
        <line num="121" count="47" type="stmt"/>
        <line num="122" count="47" type="stmt"/>
        <line num="123" count="47" type="stmt"/>
        <line num="124" count="47" type="stmt"/>
        <line num="125" count="47" type="stmt"/>
        <line num="126" count="47" type="stmt"/>
        <line num="127" count="1" type="stmt"/>
        <line num="128" count="19" type="cond" truecount="1" falsecount="0"/>
        <line num="129" count="19" type="stmt"/>
        <line num="130" count="19" type="stmt"/>
        <line num="131" count="19" type="stmt"/>
        <line num="132" count="19" type="stmt"/>
        <line num="133" count="19" type="stmt"/>
        <line num="134" count="19" type="stmt"/>
        <line num="135" count="19" type="stmt"/>
        <line num="136" count="19" type="stmt"/>
        <line num="137" count="19" type="stmt"/>
        <line num="138" count="19" type="stmt"/>
        <line num="139" count="19" type="stmt"/>
        <line num="140" count="19" type="stmt"/>
        <line num="141" count="19" type="cond" truecount="1" falsecount="0"/>
        <line num="142" count="6" type="stmt"/>
        <line num="143" count="6" type="stmt"/>
        <line num="144" count="6" type="stmt"/>
        <line num="145" count="6" type="stmt"/>
        <line num="146" count="6" type="stmt"/>
        <line num="147" count="6" type="stmt"/>
        <line num="148" count="19" type="stmt"/>
        <line num="149" count="1" type="stmt"/>
        <line num="150" count="76" type="cond" truecount="1" falsecount="0"/>
        <line num="151" count="76" type="cond" truecount="1" falsecount="0"/>
        <line num="152" count="5" type="stmt"/>
        <line num="153" count="5" type="stmt"/>
        <line num="154" count="5" type="stmt"/>
        <line num="155" count="5" type="stmt"/>
        <line num="156" count="5" type="stmt"/>
        <line num="157" count="5" type="stmt"/>
        <line num="158" count="76" type="stmt"/>
        <line num="159" count="1" type="stmt"/>
        <line num="160" count="25" type="cond" truecount="1" falsecount="0"/>
        <line num="161" count="25" type="stmt"/>
        <line num="162" count="25" type="stmt"/>
        <line num="163" count="25" type="stmt"/>
        <line num="164" count="1" type="stmt"/>
        <line num="165" count="1" type="stmt"/>
        <line num="166" count="1" type="stmt"/>
        <line num="167" count="1" type="stmt"/>
        <line num="168" count="1" type="stmt"/>
        <line num="169" count="1" type="stmt"/>
        <line num="170" count="1" type="stmt"/>
        <line num="171" count="1" type="stmt"/>
        <line num="172" count="1" type="stmt"/>
        <line num="173" count="1" type="stmt"/>
        <line num="174" count="1" type="stmt"/>
        <line num="175" count="1" type="stmt"/>
        <line num="176" count="1" type="stmt"/>
        <line num="177" count="1" type="stmt"/>
        <line num="178" count="1" type="stmt"/>
        <line num="179" count="1" type="stmt"/>
        <line num="180" count="1" type="stmt"/>
        <line num="181" count="1" type="stmt"/>
        <line num="182" count="1" type="stmt"/>
        <line num="183" count="1" type="stmt"/>
        <line num="184" count="1" type="stmt"/>
        <line num="185" count="1" type="stmt"/>
        <line num="186" count="1" type="stmt"/>
      </file>
    </package>
    <package name="src.helpers.observable">
      <metrics statements="189" coveredstatements="189" conditionals="24" coveredconditionals="24" methods="20" coveredmethods="20"/>
      <file name="index.ts" path="C:\Users\alb03\Documents\Github\packages\store\src\helpers\observable\index.ts">
        <metrics statements="189" coveredstatements="189" conditionals="24" coveredconditionals="24" methods="20" coveredmethods="20"/>
        <line num="1" count="1" type="stmt"/>
        <line num="2" count="1" type="stmt"/>
        <line num="3" count="1" type="stmt"/>
        <line num="4" count="1" type="stmt"/>
        <line num="5" count="9" type="cond" truecount="1" falsecount="0"/>
        <line num="6" count="9" type="stmt"/>
        <line num="7" count="9" type="stmt"/>
        <line num="8" count="9" type="stmt"/>
        <line num="9" count="9" type="stmt"/>
        <line num="10" count="9" type="cond" truecount="1" falsecount="0"/>
        <line num="11" count="9" type="stmt"/>
        <line num="12" count="9" type="stmt"/>
        <line num="13" count="9" type="stmt"/>
        <line num="14" count="9" type="stmt"/>
        <line num="15" count="9" type="stmt"/>
        <line num="16" count="9" type="stmt"/>
        <line num="17" count="9" type="stmt"/>
        <line num="18" count="9" type="cond" truecount="1" falsecount="0"/>
        <line num="19" count="9" type="stmt"/>
        <line num="20" count="9" type="stmt"/>
        <line num="21" count="9" type="stmt"/>
        <line num="22" count="9" type="cond" truecount="1" falsecount="0"/>
        <line num="23" count="19" type="cond" truecount="1" falsecount="0"/>
        <line num="24" count="14" type="stmt"/>
        <line num="25" count="14" type="stmt"/>
        <line num="26" count="14" type="stmt"/>
        <line num="27" count="14" type="stmt"/>
        <line num="28" count="14" type="stmt"/>
        <line num="29" count="14" type="stmt"/>
        <line num="30" count="14" type="stmt"/>
        <line num="31" count="14" type="stmt"/>
        <line num="32" count="14" type="stmt"/>
        <line num="33" count="14" type="stmt"/>
        <line num="34" count="14" type="cond" truecount="1" falsecount="0"/>
        <line num="35" count="5" type="stmt"/>
        <line num="36" count="5" type="stmt"/>
        <line num="37" count="5" type="stmt"/>
        <line num="38" count="5" type="stmt"/>
        <line num="39" count="5" type="stmt"/>
        <line num="40" count="5" type="stmt"/>
        <line num="41" count="5" type="stmt"/>
        <line num="42" count="5" type="cond" truecount="1" falsecount="0"/>
        <line num="43" count="3" type="stmt"/>
        <line num="44" count="3" type="stmt"/>
        <line num="45" count="3" type="stmt"/>
        <line num="46" count="3" type="stmt"/>
        <line num="47" count="3" type="stmt"/>
        <line num="48" count="3" type="stmt"/>
        <line num="49" count="3" type="stmt"/>
        <line num="50" count="3" type="stmt"/>
        <line num="51" count="3" type="stmt"/>
        <line num="52" count="3" type="stmt"/>
        <line num="53" count="5" type="cond" truecount="1" falsecount="0"/>
        <line num="54" count="1" type="stmt"/>
        <line num="55" count="1" type="stmt"/>
        <line num="56" count="1" type="stmt"/>
        <line num="57" count="1" type="stmt"/>
        <line num="58" count="1" type="stmt"/>
        <line num="59" count="1" type="stmt"/>
        <line num="60" count="1" type="stmt"/>
        <line num="61" count="1" type="stmt"/>
        <line num="62" count="1" type="stmt"/>
        <line num="63" count="1" type="stmt"/>
        <line num="64" count="5" type="cond" truecount="1" falsecount="0"/>
        <line num="65" count="1" type="stmt"/>
        <line num="66" count="1" type="stmt"/>
        <line num="67" count="1" type="stmt"/>
        <line num="68" count="1" type="stmt"/>
        <line num="69" count="1" type="stmt"/>
        <line num="70" count="1" type="stmt"/>
        <line num="71" count="1" type="stmt"/>
        <line num="72" count="1" type="stmt"/>
        <line num="73" count="1" type="stmt"/>
        <line num="74" count="1" type="stmt"/>
        <line num="75" count="5" type="stmt"/>
        <line num="76" count="5" type="stmt"/>
        <line num="77" count="5" type="stmt"/>
        <line num="78" count="19" type="stmt"/>
        <line num="79" count="9" type="stmt"/>
        <line num="80" count="9" type="cond" truecount="1" falsecount="0"/>
        <line num="81" count="2" type="stmt"/>
        <line num="82" count="2" type="stmt"/>
        <line num="83" count="2" type="stmt"/>
        <line num="84" count="2" type="stmt"/>
        <line num="85" count="2" type="stmt"/>
        <line num="86" count="2" type="stmt"/>
        <line num="87" count="2" type="cond" truecount="1" falsecount="0"/>
        <line num="88" count="1" type="stmt"/>
        <line num="89" count="1" type="stmt"/>
        <line num="90" count="2" type="stmt"/>
        <line num="91" count="2" type="stmt"/>
        <line num="92" count="9" type="stmt"/>
        <line num="93" count="9" type="cond" truecount="1" falsecount="0"/>
        <line num="94" count="3" type="stmt"/>
        <line num="95" count="3" type="cond" truecount="1" falsecount="0"/>
        <line num="96" count="3" type="stmt"/>
        <line num="97" count="3" type="stmt"/>
        <line num="98" count="3" type="stmt"/>
        <line num="99" count="3" type="stmt"/>
        <line num="100" count="3" type="stmt"/>
        <line num="101" count="3" type="stmt"/>
        <line num="102" count="3" type="stmt"/>
        <line num="103" count="3" type="stmt"/>
        <line num="104" count="3" type="stmt"/>
        <line num="105" count="3" type="stmt"/>
        <line num="106" count="3" type="stmt"/>
        <line num="107" count="3" type="stmt"/>
        <line num="108" count="9" type="stmt"/>
        <line num="109" count="1" type="stmt"/>
        <line num="110" count="9" type="cond" truecount="1" falsecount="0"/>
        <line num="111" count="9" type="stmt"/>
        <line num="112" count="9" type="stmt"/>
        <line num="113" count="9" type="stmt"/>
        <line num="114" count="9" type="stmt"/>
        <line num="115" count="9" type="cond" truecount="1" falsecount="0"/>
        <line num="116" count="9" type="stmt"/>
        <line num="117" count="9" type="stmt"/>
        <line num="118" count="9" type="stmt"/>
        <line num="119" count="9" type="stmt"/>
        <line num="120" count="9" type="stmt"/>
        <line num="121" count="9" type="stmt"/>
        <line num="122" count="9" type="stmt"/>
        <line num="123" count="9" type="cond" truecount="1" falsecount="0"/>
        <line num="124" count="9" type="stmt"/>
        <line num="125" count="9" type="stmt"/>
        <line num="126" count="9" type="stmt"/>
        <line num="127" count="9" type="cond" truecount="1" falsecount="0"/>
        <line num="128" count="17" type="cond" truecount="1" falsecount="0"/>
        <line num="129" count="16" type="stmt"/>
        <line num="130" count="16" type="stmt"/>
        <line num="131" count="16" type="stmt"/>
        <line num="132" count="16" type="stmt"/>
        <line num="133" count="16" type="stmt"/>
        <line num="134" count="16" type="stmt"/>
        <line num="135" count="16" type="stmt"/>
        <line num="136" count="16" type="stmt"/>
        <line num="137" count="16" type="stmt"/>
        <line num="138" count="16" type="cond" truecount="1" falsecount="0"/>
        <line num="139" count="1" type="stmt"/>
        <line num="140" count="1" type="stmt"/>
        <line num="141" count="1" type="stmt"/>
        <line num="142" count="1" type="stmt"/>
        <line num="143" count="1" type="stmt"/>
        <line num="144" count="1" type="stmt"/>
        <line num="145" count="1" type="stmt"/>
        <line num="146" count="1" type="cond" truecount="1" falsecount="0"/>
        <line num="147" count="1" type="stmt"/>
        <line num="148" count="1" type="stmt"/>
        <line num="149" count="1" type="stmt"/>
        <line num="150" count="1" type="stmt"/>
        <line num="151" count="1" type="stmt"/>
        <line num="152" count="1" type="stmt"/>
        <line num="153" count="1" type="stmt"/>
        <line num="154" count="1" type="stmt"/>
        <line num="155" count="1" type="stmt"/>
        <line num="156" count="1" type="stmt"/>
        <line num="157" count="1" type="stmt"/>
        <line num="158" count="1" type="stmt"/>
        <line num="159" count="17" type="stmt"/>
        <line num="160" count="9" type="stmt"/>
        <line num="161" count="9" type="cond" truecount="1" falsecount="0"/>
        <line num="162" count="1" type="stmt"/>
        <line num="163" count="1" type="stmt"/>
        <line num="164" count="1" type="stmt"/>
        <line num="165" count="1" type="stmt"/>
        <line num="166" count="1" type="stmt"/>
        <line num="167" count="1" type="stmt"/>
        <line num="168" count="1" type="cond" truecount="1" falsecount="0"/>
        <line num="169" count="1" type="stmt"/>
        <line num="170" count="1" type="stmt"/>
        <line num="171" count="1" type="stmt"/>
        <line num="172" count="1" type="stmt"/>
        <line num="173" count="9" type="stmt"/>
        <line num="174" count="9" type="cond" truecount="1" falsecount="0"/>
        <line num="175" count="5" type="stmt"/>
        <line num="176" count="5" type="stmt"/>
        <line num="177" count="5" type="stmt"/>
        <line num="178" count="5" type="stmt"/>
        <line num="179" count="5" type="stmt"/>
        <line num="180" count="5" type="stmt"/>
        <line num="181" count="5" type="cond" truecount="1" falsecount="0"/>
        <line num="182" count="3" type="stmt"/>
        <line num="183" count="3" type="stmt"/>
        <line num="184" count="5" type="stmt"/>
        <line num="185" count="5" type="stmt"/>
        <line num="186" count="5" type="stmt"/>
        <line num="187" count="9" type="stmt"/>
        <line num="188" count="1" type="stmt"/>
        <line num="189" count="1" type="stmt"/>
      </file>
    </package>
    <package name="src.helpers.store">
      <metrics statements="138" coveredstatements="138" conditionals="20" coveredconditionals="20" methods="13" coveredmethods="13"/>
      <file name="index.ts" path="C:\Users\alb03\Documents\Github\packages\store\src\helpers\store\index.ts">
        <metrics statements="138" coveredstatements="138" conditionals="20" coveredconditionals="20" methods="13" coveredmethods="13"/>
        <line num="1" count="1" type="stmt"/>
        <line num="2" count="1" type="stmt"/>
        <line num="3" count="1" type="stmt"/>
        <line num="4" count="1" type="stmt"/>
        <line num="5" count="1" type="stmt"/>
        <line num="6" count="1" type="stmt"/>
        <line num="7" count="1" type="stmt"/>
        <line num="8" count="1" type="stmt"/>
        <line num="9" count="1" type="stmt"/>
        <line num="10" count="1" type="stmt"/>
        <line num="11" count="1" type="cond" truecount="1" falsecount="0"/>
        <line num="12" count="40" type="stmt"/>
        <line num="13" count="40" type="stmt"/>
        <line num="14" count="40" type="stmt"/>
        <line num="15" count="40" type="stmt"/>
        <line num="16" count="40" type="stmt"/>
        <line num="17" count="40" type="stmt"/>
        <line num="18" count="40" type="stmt"/>
        <line num="19" count="40" type="stmt"/>
        <line num="20" count="1" type="stmt"/>
        <line num="21" count="1" type="cond" truecount="1" falsecount="0"/>
        <line num="22" count="40" type="stmt"/>
        <line num="23" count="40" type="stmt"/>
        <line num="24" count="1" type="stmt"/>
        <line num="25" count="1" type="cond" truecount="1" falsecount="0"/>
        <line num="26" count="12" type="stmt"/>
        <line num="27" count="12" type="stmt"/>
        <line num="28" count="1" type="stmt"/>
        <line num="29" count="1" type="cond" truecount="1" falsecount="0"/>
        <line num="30" count="28" type="stmt"/>
        <line num="31" count="28" type="stmt"/>
        <line num="32" count="1" type="stmt"/>
        <line num="33" count="1" type="cond" truecount="1" falsecount="0"/>
        <line num="34" count="28" type="stmt"/>
        <line num="35" count="28" type="stmt"/>
        <line num="36" count="1" type="stmt"/>
        <line num="37" count="1" type="cond" truecount="1" falsecount="0"/>
        <line num="38" count="12" type="stmt"/>
        <line num="39" count="12" type="stmt"/>
        <line num="40" count="1" type="stmt"/>
        <line num="41" count="1" type="cond" truecount="1" falsecount="0"/>
        <line num="42" count="34" type="stmt"/>
        <line num="43" count="34" type="stmt"/>
        <line num="44" count="34" type="stmt"/>
        <line num="45" count="34" type="cond" truecount="1" falsecount="0"/>
        <line num="46" count="119" type="stmt"/>
        <line num="47" count="119" type="cond" truecount="2" falsecount="0"/>
        <line num="48" count="64" type="stmt"/>
        <line num="49" count="64" type="stmt"/>
        <line num="50" count="109" type="cond" truecount="1" falsecount="0"/>
        <line num="51" count="55" type="stmt"/>
        <line num="52" count="55" type="stmt"/>
        <line num="53" count="119" type="stmt"/>
        <line num="54" count="34" type="stmt"/>
        <line num="55" count="34" type="stmt"/>
        <line num="56" count="1" type="stmt"/>
        <line num="57" count="1" type="cond" truecount="1" falsecount="0"/>
        <line num="58" count="12" type="stmt"/>
        <line num="59" count="12" type="stmt"/>
        <line num="60" count="1" type="stmt"/>
        <line num="61" count="1" type="cond" truecount="1" falsecount="0"/>
        <line num="62" count="12" type="cond" truecount="1" falsecount="0"/>
        <line num="63" count="6" type="stmt"/>
        <line num="64" count="6" type="stmt"/>
        <line num="65" count="6" type="stmt"/>
        <line num="66" count="6" type="stmt"/>
        <line num="67" count="6" type="stmt"/>
        <line num="68" count="6" type="stmt"/>
        <line num="69" count="6" type="stmt"/>
        <line num="70" count="6" type="stmt"/>
        <line num="71" count="6" type="stmt"/>
        <line num="72" count="6" type="stmt"/>
        <line num="73" count="6" type="stmt"/>
        <line num="74" count="6" type="stmt"/>
        <line num="75" count="6" type="stmt"/>
        <line num="76" count="6" type="stmt"/>
        <line num="77" count="6" type="stmt"/>
        <line num="78" count="6" type="stmt"/>
        <line num="79" count="6" type="stmt"/>
        <line num="80" count="6" type="stmt"/>
        <line num="81" count="6" type="stmt"/>
        <line num="82" count="6" type="stmt"/>
        <line num="83" count="6" type="stmt"/>
        <line num="84" count="6" type="stmt"/>
        <line num="85" count="6" type="stmt"/>
        <line num="86" count="6" type="stmt"/>
        <line num="87" count="6" type="cond" truecount="1" falsecount="0"/>
        <line num="88" count="4" type="stmt"/>
        <line num="89" count="4" type="stmt"/>
        <line num="90" count="4" type="stmt"/>
        <line num="91" count="4" type="cond" truecount="1" falsecount="0"/>
        <line num="92" count="2" type="stmt"/>
        <line num="93" count="2" type="stmt"/>
        <line num="94" count="2" type="stmt"/>
        <line num="95" count="4" type="stmt"/>
        <line num="96" count="6" type="stmt"/>
        <line num="97" count="6" type="stmt"/>
        <line num="98" count="12" type="stmt"/>
        <line num="99" count="12" type="stmt"/>
        <line num="100" count="1" type="stmt"/>
        <line num="101" count="1" type="cond" truecount="1" falsecount="0"/>
        <line num="102" count="28" type="stmt"/>
        <line num="103" count="28" type="stmt"/>
        <line num="104" count="1" type="stmt"/>
        <line num="105" count="1" type="cond" truecount="1" falsecount="0"/>
        <line num="106" count="28" type="stmt"/>
        <line num="107" count="28" type="stmt"/>
        <line num="108" count="28" type="stmt"/>
        <line num="109" count="28" type="stmt"/>
        <line num="110" count="28" type="stmt"/>
        <line num="111" count="28" type="stmt"/>
        <line num="112" count="28" type="stmt"/>
        <line num="113" count="28" type="stmt"/>
        <line num="114" count="28" type="stmt"/>
        <line num="115" count="28" type="stmt"/>
        <line num="116" count="28" type="stmt"/>
        <line num="117" count="28" type="stmt"/>
        <line num="118" count="28" type="stmt"/>
        <line num="119" count="28" type="stmt"/>
        <line num="120" count="28" type="stmt"/>
        <line num="121" count="28" type="stmt"/>
        <line num="122" count="28" type="stmt"/>
        <line num="123" count="28" type="stmt"/>
        <line num="124" count="28" type="stmt"/>
        <line num="125" count="28" type="stmt"/>
        <line num="126" count="28" type="cond" truecount="1" falsecount="0"/>
        <line num="127" count="60" type="stmt"/>
        <line num="128" count="60" type="stmt"/>
        <line num="129" count="60" type="cond" truecount="1" falsecount="0"/>
        <line num="130" count="40" type="stmt"/>
        <line num="131" count="40" type="stmt"/>
        <line num="132" count="40" type="stmt"/>
        <line num="133" count="60" type="stmt"/>
        <line num="134" count="28" type="stmt"/>
        <line num="135" count="28" type="stmt"/>
        <line num="136" count="1" type="stmt"/>
        <line num="137" count="1" type="stmt"/>
        <line num="138" count="1" type="stmt"/>
      </file>
    </package>
    <package name="src.helpers.store.controller">
      <metrics statements="426" coveredstatements="426" conditionals="72" coveredconditionals="72" methods="20" coveredmethods="20"/>
      <file name="index.ts" path="C:\Users\alb03\Documents\Github\packages\store\src\helpers\store\controller\index.ts">
        <metrics statements="426" coveredstatements="426" conditionals="72" coveredconditionals="72" methods="20" coveredmethods="20"/>
        <line num="1" count="1" type="stmt"/>
        <line num="2" count="1" type="stmt"/>
        <line num="3" count="1" type="stmt"/>
        <line num="4" count="1" type="stmt"/>
        <line num="5" count="40" type="cond" truecount="1" falsecount="0"/>
        <line num="6" count="40" type="stmt"/>
        <line num="7" count="40" type="stmt"/>
        <line num="8" count="40" type="stmt"/>
        <line num="9" count="40" type="stmt"/>
        <line num="10" count="40" type="stmt"/>
        <line num="11" count="40" type="stmt"/>
        <line num="12" count="40" type="stmt"/>
        <line num="13" count="40" type="cond" truecount="1" falsecount="0"/>
        <line num="14" count="40" type="stmt"/>
        <line num="15" count="40" type="stmt"/>
        <line num="16" count="40" type="stmt"/>
        <line num="17" count="40" type="stmt"/>
        <line num="18" count="40" type="stmt"/>
        <line num="19" count="40" type="stmt"/>
        <line num="20" count="40" type="stmt"/>
        <line num="21" count="40" type="stmt"/>
        <line num="22" count="40" type="cond" truecount="1" falsecount="0"/>
        <line num="23" count="8" type="stmt"/>
        <line num="24" count="8" type="stmt"/>
        <line num="25" count="40" type="stmt"/>
        <line num="26" count="40" type="stmt"/>
        <line num="27" count="40" type="stmt"/>
        <line num="28" count="40" type="stmt"/>
        <line num="29" count="40" type="stmt"/>
        <line num="30" count="40" type="cond" truecount="1" falsecount="0"/>
        <line num="31" count="8" type="stmt"/>
        <line num="32" count="8" type="stmt"/>
        <line num="33" count="8" type="stmt"/>
        <line num="34" count="8" type="cond" truecount="1" falsecount="0"/>
        <line num="35" count="5" type="stmt"/>
        <line num="36" count="5" type="stmt"/>
        <line num="37" count="5" type="stmt"/>
        <line num="38" count="5" type="stmt"/>
        <line num="39" count="5" type="cond" truecount="1" falsecount="0"/>
        <line num="40" count="5" type="cond" truecount="1" falsecount="0"/>
        <line num="41" count="3" type="stmt"/>
        <line num="42" count="3" type="stmt"/>
        <line num="43" count="3" type="stmt"/>
        <line num="44" count="3" type="stmt"/>
        <line num="45" count="3" type="stmt"/>
        <line num="46" count="3" type="stmt"/>
        <line num="47" count="3" type="stmt"/>
        <line num="48" count="3" type="stmt"/>
        <line num="49" count="3" type="stmt"/>
        <line num="50" count="3" type="stmt"/>
        <line num="51" count="3" type="stmt"/>
        <line num="52" count="3" type="stmt"/>
        <line num="53" count="3" type="stmt"/>
        <line num="54" count="3" type="stmt"/>
        <line num="55" count="3" type="stmt"/>
        <line num="56" count="8" type="cond" truecount="1" falsecount="0"/>
        <line num="57" count="2" type="stmt"/>
        <line num="58" count="2" type="stmt"/>
        <line num="59" count="2" type="cond" truecount="1" falsecount="0"/>
        <line num="60" count="3" type="stmt"/>
        <line num="61" count="3" type="stmt"/>
        <line num="62" count="3" type="cond" truecount="1" falsecount="0"/>
        <line num="63" count="1" type="stmt"/>
        <line num="64" count="1" type="stmt"/>
        <line num="65" count="1" type="stmt"/>
        <line num="66" count="8" type="stmt"/>
        <line num="67" count="40" type="stmt"/>
        <line num="68" count="40" type="stmt"/>
        <line num="69" count="40" type="stmt"/>
        <line num="70" count="40" type="stmt"/>
        <line num="71" count="40" type="stmt"/>
        <line num="72" count="40" type="stmt"/>
        <line num="73" count="40" type="stmt"/>
        <line num="74" count="40" type="stmt"/>
        <line num="75" count="40" type="stmt"/>
        <line num="76" count="40" type="stmt"/>
        <line num="77" count="40" type="stmt"/>
        <line num="78" count="40" type="stmt"/>
        <line num="79" count="40" type="stmt"/>
        <line num="80" count="40" type="stmt"/>
        <line num="81" count="40" type="stmt"/>
        <line num="82" count="40" type="stmt"/>
        <line num="83" count="40" type="stmt"/>
        <line num="84" count="40" type="stmt"/>
        <line num="85" count="40" type="stmt"/>
        <line num="86" count="40" type="stmt"/>
        <line num="87" count="40" type="stmt"/>
        <line num="88" count="40" type="stmt"/>
        <line num="89" count="40" type="stmt"/>
        <line num="90" count="40" type="stmt"/>
        <line num="91" count="40" type="stmt"/>
        <line num="92" count="40" type="cond" truecount="1" falsecount="0"/>
        <line num="93" count="40" type="stmt"/>
        <line num="94" count="40" type="stmt"/>
        <line num="95" count="40" type="stmt"/>
        <line num="96" count="40" type="stmt"/>
        <line num="97" count="40" type="stmt"/>
        <line num="98" count="40" type="stmt"/>
        <line num="99" count="40" type="stmt"/>
        <line num="100" count="40" type="stmt"/>
        <line num="101" count="40" type="stmt"/>
        <line num="102" count="40" type="stmt"/>
        <line num="103" count="40" type="stmt"/>
        <line num="104" count="40" type="stmt"/>
        <line num="105" count="40" type="stmt"/>
        <line num="106" count="40" type="cond" truecount="1" falsecount="0"/>
        <line num="107" count="27" type="stmt"/>
        <line num="108" count="27" type="stmt"/>
        <line num="109" count="27" type="cond" truecount="1" falsecount="0"/>
        <line num="110" count="49" type="cond" truecount="2" falsecount="0"/>
        <line num="111" count="49" type="stmt"/>
        <line num="112" count="27" type="stmt"/>
        <line num="113" count="27" type="stmt"/>
        <line num="114" count="40" type="stmt"/>
        <line num="115" count="40" type="stmt"/>
        <line num="116" count="40" type="stmt"/>
        <line num="117" count="40" type="stmt"/>
        <line num="118" count="40" type="stmt"/>
        <line num="119" count="40" type="stmt"/>
        <line num="120" count="40" type="stmt"/>
        <line num="121" count="40" type="stmt"/>
        <line num="122" count="40" type="stmt"/>
        <line num="123" count="40" type="cond" truecount="1" falsecount="0"/>
        <line num="124" count="40" type="cond" truecount="1" falsecount="0"/>
        <line num="125" count="14" type="stmt"/>
        <line num="126" count="14" type="stmt"/>
        <line num="127" count="14" type="stmt"/>
        <line num="128" count="14" type="stmt"/>
        <line num="129" count="14" type="cond" truecount="1" falsecount="0"/>
        <line num="130" count="1" type="stmt"/>
        <line num="131" count="1" type="stmt"/>
        <line num="132" count="1" type="stmt"/>
        <line num="133" count="1" type="stmt"/>
        <line num="134" count="1" type="stmt"/>
        <line num="135" count="14" type="cond" truecount="1" falsecount="0"/>
        <line num="136" count="26" type="stmt"/>
        <line num="137" count="26" type="cond" truecount="1" falsecount="0"/>
        <line num="138" count="47" type="stmt"/>
        <line num="139" count="47" type="stmt"/>
        <line num="140" count="47" type="stmt"/>
        <line num="141" count="47" type="stmt"/>
        <line num="142" count="47" type="stmt"/>
        <line num="143" count="47" type="stmt"/>
        <line num="144" count="47" type="stmt"/>
        <line num="145" count="47" type="stmt"/>
        <line num="146" count="47" type="stmt"/>
        <line num="147" count="47" type="stmt"/>
        <line num="148" count="47" type="stmt"/>
        <line num="149" count="47" type="stmt"/>
        <line num="150" count="47" type="stmt"/>
        <line num="151" count="47" type="stmt"/>
        <line num="152" count="47" type="stmt"/>
        <line num="153" count="47" type="stmt"/>
        <line num="154" count="47" type="stmt"/>
        <line num="155" count="47" type="stmt"/>
        <line num="156" count="47" type="stmt"/>
        <line num="157" count="47" type="stmt"/>
        <line num="158" count="47" type="stmt"/>
        <line num="159" count="47" type="stmt"/>
        <line num="160" count="47" type="stmt"/>
        <line num="161" count="47" type="stmt"/>
        <line num="162" count="47" type="stmt"/>
        <line num="163" count="47" type="stmt"/>
        <line num="164" count="47" type="stmt"/>
        <line num="165" count="47" type="stmt"/>
        <line num="166" count="47" type="stmt"/>
        <line num="167" count="47" type="stmt"/>
        <line num="168" count="47" type="stmt"/>
        <line num="169" count="47" type="stmt"/>
        <line num="170" count="47" type="stmt"/>
        <line num="171" count="47" type="stmt"/>
        <line num="172" count="47" type="stmt"/>
        <line num="173" count="47" type="stmt"/>
        <line num="174" count="47" type="stmt"/>
        <line num="175" count="47" type="stmt"/>
        <line num="176" count="47" type="stmt"/>
        <line num="177" count="47" type="stmt"/>
        <line num="178" count="47" type="stmt"/>
        <line num="179" count="47" type="cond" truecount="1" falsecount="0"/>
        <line num="180" count="14" type="stmt"/>
        <line num="181" count="14" type="cond" truecount="1" falsecount="0"/>
        <line num="182" count="6" type="stmt"/>
        <line num="183" count="6" type="stmt"/>
        <line num="184" count="14" type="stmt"/>
        <line num="185" count="14" type="stmt"/>
        <line num="186" count="14" type="cond" truecount="1" falsecount="0"/>
        <line num="187" count="2" type="stmt"/>
        <line num="188" count="2" type="stmt"/>
        <line num="189" count="47" type="cond" truecount="1" falsecount="0"/>
        <line num="190" count="33" type="stmt"/>
        <line num="191" count="33" type="stmt"/>
        <line num="192" count="33" type="stmt"/>
        <line num="193" count="26" type="stmt"/>
        <line num="194" count="26" type="stmt"/>
        <line num="195" count="26" type="stmt"/>
        <line num="196" count="26" type="stmt"/>
        <line num="197" count="26" type="stmt"/>
        <line num="198" count="26" type="stmt"/>
        <line num="199" count="26" type="stmt"/>
        <line num="200" count="40" type="cond" truecount="1" falsecount="0"/>
        <line num="201" count="16" type="stmt"/>
        <line num="202" count="16" type="cond" truecount="1" falsecount="0"/>
        <line num="203" count="26" type="stmt"/>
        <line num="204" count="26" type="stmt"/>
        <line num="205" count="26" type="cond" truecount="1" falsecount="0"/>
        <line num="206" count="1" type="stmt"/>
        <line num="207" count="1" type="stmt"/>
        <line num="208" count="1" type="stmt"/>
        <line num="209" count="1" type="stmt"/>
        <line num="210" count="1" type="cond" truecount="1" falsecount="0"/>
        <line num="211" count="2" type="cond" truecount="1" falsecount="0"/>
        <line num="212" count="1" type="stmt"/>
        <line num="213" count="1" type="stmt"/>
        <line num="214" count="1" type="stmt"/>
        <line num="215" count="1" type="stmt"/>
        <line num="216" count="1" type="stmt"/>
        <line num="217" count="1" type="stmt"/>
        <line num="218" count="40" type="stmt"/>
        <line num="219" count="40" type="stmt"/>
        <line num="220" count="40" type="cond" truecount="1" falsecount="0"/>
        <line num="221" count="42" type="stmt"/>
        <line num="222" count="42" type="stmt"/>
        <line num="223" count="42" type="stmt"/>
        <line num="224" count="42" type="cond" truecount="1" falsecount="0"/>
        <line num="225" count="3" type="cond" truecount="1" falsecount="0"/>
        <line num="226" count="3" type="stmt"/>
        <line num="227" count="42" type="stmt"/>
        <line num="228" count="42" type="stmt"/>
        <line num="229" count="42" type="cond" truecount="1" falsecount="0"/>
        <line num="230" count="39" type="stmt"/>
        <line num="231" count="39" type="cond" truecount="1" falsecount="0"/>
        <line num="232" count="3" type="stmt"/>
        <line num="233" count="3" type="cond" truecount="1" falsecount="0"/>
        <line num="234" count="42" type="stmt"/>
        <line num="235" count="40" type="stmt"/>
        <line num="236" count="40" type="cond" truecount="1" falsecount="0"/>
        <line num="237" count="50" type="stmt"/>
        <line num="238" count="50" type="stmt"/>
        <line num="239" count="40" type="stmt"/>
        <line num="240" count="40" type="stmt"/>
        <line num="241" count="40" type="stmt"/>
        <line num="242" count="40" type="stmt"/>
        <line num="243" count="40" type="stmt"/>
        <line num="244" count="40" type="stmt"/>
        <line num="245" count="40" type="cond" truecount="1" falsecount="0"/>
        <line num="246" count="30" type="stmt"/>
        <line num="247" count="30" type="stmt"/>
        <line num="248" count="30" type="stmt"/>
        <line num="249" count="30" type="stmt"/>
        <line num="250" count="30" type="stmt"/>
        <line num="251" count="30" type="stmt"/>
        <line num="252" count="30" type="stmt"/>
        <line num="253" count="30" type="stmt"/>
        <line num="254" count="30" type="stmt"/>
        <line num="255" count="30" type="stmt"/>
        <line num="256" count="30" type="stmt"/>
        <line num="257" count="30" type="stmt"/>
        <line num="258" count="30" type="stmt"/>
        <line num="259" count="30" type="stmt"/>
        <line num="260" count="30" type="stmt"/>
        <line num="261" count="30" type="stmt"/>
        <line num="262" count="30" type="stmt"/>
        <line num="263" count="30" type="cond" truecount="1" falsecount="0"/>
        <line num="264" count="30" type="stmt"/>
        <line num="265" count="30" type="stmt"/>
        <line num="266" count="30" type="cond" truecount="1" falsecount="0"/>
        <line num="267" count="6" type="cond" truecount="1" falsecount="0"/>
        <line num="268" count="6" type="stmt"/>
        <line num="269" count="6" type="stmt"/>
        <line num="270" count="30" type="stmt"/>
        <line num="271" count="30" type="cond" truecount="1" falsecount="0"/>
        <line num="272" count="8" type="cond" truecount="1" falsecount="0"/>
        <line num="273" count="8" type="stmt"/>
        <line num="274" count="8" type="stmt"/>
        <line num="275" count="30" type="stmt"/>
        <line num="276" count="30" type="cond" truecount="1" falsecount="0"/>
        <line num="277" count="7" type="cond" truecount="1" falsecount="0"/>
        <line num="278" count="7" type="cond" truecount="1" falsecount="0"/>
        <line num="279" count="7" type="stmt"/>
        <line num="280" count="7" type="stmt"/>
        <line num="281" count="30" type="stmt"/>
        <line num="282" count="30" type="cond" truecount="1" falsecount="0"/>
        <line num="283" count="30" type="stmt"/>
        <line num="284" count="30" type="stmt"/>
        <line num="285" count="40" type="stmt"/>
        <line num="286" count="40" type="stmt"/>
        <line num="287" count="40" type="stmt"/>
        <line num="288" count="40" type="stmt"/>
        <line num="289" count="40" type="stmt"/>
        <line num="290" count="40" type="cond" truecount="1" falsecount="0"/>
        <line num="291" count="28" type="stmt"/>
        <line num="292" count="28" type="stmt"/>
        <line num="293" count="28" type="stmt"/>
        <line num="294" count="28" type="cond" truecount="1" falsecount="0"/>
        <line num="295" count="36" type="cond" truecount="2" falsecount="0"/>
        <line num="296" count="36" type="stmt"/>
        <line num="297" count="28" type="stmt"/>
        <line num="298" count="28" type="stmt"/>
        <line num="299" count="28" type="stmt"/>
        <line num="300" count="40" type="stmt"/>
        <line num="301" count="40" type="stmt"/>
        <line num="302" count="40" type="stmt"/>
        <line num="303" count="40" type="stmt"/>
        <line num="304" count="40" type="cond" truecount="1" falsecount="0"/>
        <line num="305" count="26" type="stmt"/>
        <line num="306" count="26" type="stmt"/>
        <line num="307" count="26" type="stmt"/>
        <line num="308" count="26" type="stmt"/>
        <line num="309" count="26" type="cond" truecount="1" falsecount="0"/>
        <line num="310" count="7" type="stmt"/>
        <line num="311" count="7" type="stmt"/>
        <line num="312" count="26" type="cond" truecount="1" falsecount="0"/>
        <line num="313" count="5" type="stmt"/>
        <line num="314" count="5" type="stmt"/>
        <line num="315" count="5" type="stmt"/>
        <line num="316" count="5" type="cond" truecount="1" falsecount="0"/>
        <line num="317" count="26" type="cond" truecount="1" falsecount="0"/>
        <line num="318" count="7" type="stmt"/>
        <line num="319" count="7" type="stmt"/>
        <line num="320" count="7" type="cond" truecount="1" falsecount="0"/>
        <line num="321" count="7" type="cond" truecount="1" falsecount="0"/>
        <line num="322" count="26" type="cond" truecount="1" falsecount="0"/>
        <line num="323" count="7" type="stmt"/>
        <line num="324" count="7" type="stmt"/>
        <line num="325" count="7" type="cond" truecount="1" falsecount="0"/>
        <line num="326" count="7" type="cond" truecount="1" falsecount="0"/>
        <line num="327" count="20" type="stmt"/>
        <line num="328" count="26" type="stmt"/>
        <line num="329" count="40" type="stmt"/>
        <line num="330" count="40" type="stmt"/>
        <line num="331" count="40" type="stmt"/>
        <line num="332" count="40" type="stmt"/>
        <line num="333" count="40" type="cond" truecount="1" falsecount="0"/>
        <line num="334" count="50" type="stmt"/>
        <line num="335" count="50" type="stmt"/>
        <line num="336" count="50" type="stmt"/>
        <line num="337" count="50" type="stmt"/>
        <line num="338" count="50" type="cond" truecount="1" falsecount="0"/>
        <line num="339" count="22" type="stmt"/>
        <line num="340" count="22" type="stmt"/>
        <line num="341" count="22" type="stmt"/>
        <line num="342" count="22" type="cond" truecount="2" falsecount="0"/>
        <line num="343" count="28" type="stmt"/>
        <line num="344" count="28" type="stmt"/>
        <line num="345" count="28" type="stmt"/>
        <line num="346" count="28" type="stmt"/>
        <line num="347" count="28" type="stmt"/>
        <line num="348" count="28" type="stmt"/>
        <line num="349" count="28" type="stmt"/>
        <line num="350" count="28" type="stmt"/>
        <line num="351" count="28" type="stmt"/>
        <line num="352" count="28" type="stmt"/>
        <line num="353" count="28" type="stmt"/>
        <line num="354" count="28" type="stmt"/>
        <line num="355" count="28" type="stmt"/>
        <line num="356" count="28" type="cond" truecount="1" falsecount="0"/>
        <line num="357" count="60" type="stmt"/>
        <line num="358" count="60" type="stmt"/>
        <line num="359" count="60" type="stmt"/>
        <line num="360" count="60" type="stmt"/>
        <line num="361" count="60" type="stmt"/>
        <line num="362" count="60" type="stmt"/>
        <line num="363" count="60" type="stmt"/>
        <line num="364" count="60" type="stmt"/>
        <line num="365" count="60" type="stmt"/>
        <line num="366" count="60" type="stmt"/>
        <line num="367" count="60" type="stmt"/>
        <line num="368" count="60" type="cond" truecount="1" falsecount="0"/>
        <line num="369" count="19" type="stmt"/>
        <line num="370" count="60" type="cond" truecount="1" falsecount="0"/>
        <line num="371" count="17" type="stmt"/>
        <line num="372" count="17" type="stmt"/>
        <line num="373" count="17" type="stmt"/>
        <line num="374" count="17" type="stmt"/>
        <line num="375" count="17" type="stmt"/>
        <line num="376" count="17" type="stmt"/>
        <line num="377" count="17" type="stmt"/>
        <line num="378" count="17" type="stmt"/>
        <line num="379" count="17" type="stmt"/>
        <line num="380" count="17" type="stmt"/>
        <line num="381" count="17" type="stmt"/>
        <line num="382" count="17" type="stmt"/>
        <line num="383" count="17" type="stmt"/>
        <line num="384" count="17" type="stmt"/>
        <line num="385" count="17" type="cond" truecount="1" falsecount="0"/>
        <line num="386" count="43" type="stmt"/>
        <line num="387" count="43" type="stmt"/>
        <line num="388" count="43" type="stmt"/>
        <line num="389" count="43" type="stmt"/>
        <line num="390" count="60" type="cond" truecount="1" falsecount="0"/>
        <line num="391" count="26" type="stmt"/>
        <line num="392" count="26" type="stmt"/>
        <line num="393" count="26" type="stmt"/>
        <line num="394" count="26" type="stmt"/>
        <line num="395" count="26" type="stmt"/>
        <line num="396" count="26" type="cond" truecount="1" falsecount="0"/>
        <line num="397" count="17" type="stmt"/>
        <line num="398" count="17" type="stmt"/>
        <line num="399" count="17" type="stmt"/>
        <line num="400" count="17" type="stmt"/>
        <line num="401" count="17" type="stmt"/>
        <line num="402" count="60" type="stmt"/>
        <line num="403" count="28" type="stmt"/>
        <line num="404" count="28" type="stmt"/>
        <line num="405" count="28" type="stmt"/>
        <line num="406" count="28" type="stmt"/>
        <line num="407" count="28" type="stmt"/>
        <line num="408" count="28" type="stmt"/>
        <line num="409" count="28" type="stmt"/>
        <line num="410" count="48" type="cond" truecount="1" falsecount="0"/>
        <line num="411" count="13" type="stmt"/>
        <line num="412" count="13" type="stmt"/>
        <line num="413" count="13" type="stmt"/>
        <line num="414" count="13" type="stmt"/>
        <line num="415" count="13" type="stmt"/>
        <line num="416" count="13" type="stmt"/>
        <line num="417" count="13" type="stmt"/>
        <line num="418" count="13" type="stmt"/>
        <line num="419" count="13" type="stmt"/>
        <line num="420" count="13" type="cond" truecount="1" falsecount="0"/>
        <line num="421" count="15" type="stmt"/>
        <line num="422" count="15" type="stmt"/>
        <line num="423" count="50" type="stmt"/>
        <line num="424" count="40" type="stmt"/>
        <line num="425" count="1" type="stmt"/>
        <line num="426" count="1" type="stmt"/>
      </file>
    </package>
    <package name="src.helpers.util">
      <metrics statements="510" coveredstatements="510" conditionals="147" coveredconditionals="147" methods="25" coveredmethods="25"/>
      <file name="index.ts" path="C:\Users\alb03\Documents\Github\packages\store\src\helpers\util\index.ts">
        <metrics statements="510" coveredstatements="510" conditionals="147" coveredconditionals="147" methods="25" coveredmethods="25"/>
        <line num="1" count="1" type="stmt"/>
        <line num="2" count="1" type="stmt"/>
        <line num="3" count="1" type="stmt"/>
        <line num="4" count="1" type="stmt"/>
        <line num="5" count="1" type="stmt"/>
        <line num="6" count="1" type="stmt"/>
        <line num="7" count="1" type="stmt"/>
        <line num="8" count="1" type="stmt"/>
        <line num="9" count="1" type="stmt"/>
        <line num="10" count="1" type="stmt"/>
        <line num="11" count="1" type="stmt"/>
        <line num="12" count="1" type="stmt"/>
        <line num="13" count="1" type="stmt"/>
        <line num="14" count="1" type="stmt"/>
        <line num="15" count="1" type="stmt"/>
        <line num="16" count="1" type="stmt"/>
        <line num="17" count="1" type="stmt"/>
        <line num="18" count="1" type="stmt"/>
        <line num="19" count="1" type="stmt"/>
        <line num="20" count="1" type="stmt"/>
        <line num="21" count="1" type="stmt"/>
        <line num="22" count="1" type="stmt"/>
        <line num="23" count="1" type="stmt"/>
        <line num="24" count="1" type="stmt"/>
        <line num="25" count="1" type="stmt"/>
        <line num="26" count="1" type="stmt"/>
        <line num="27" count="1" type="stmt"/>
        <line num="28" count="33" type="cond" truecount="1" falsecount="0"/>
        <line num="29" count="33" type="stmt"/>
        <line num="30" count="33" type="stmt"/>
        <line num="31" count="33" type="stmt"/>
        <line num="32" count="33" type="stmt"/>
        <line num="33" count="33" type="stmt"/>
        <line num="34" count="33" type="cond" truecount="1" falsecount="0"/>
        <line num="35" count="25" type="cond" truecount="1" falsecount="0"/>
        <line num="36" count="23" type="stmt"/>
        <line num="37" count="23" type="stmt"/>
        <line num="38" count="23" type="stmt"/>
        <line num="39" count="23" type="stmt"/>
        <line num="40" count="23" type="stmt"/>
        <line num="41" count="23" type="stmt"/>
        <line num="42" count="25" type="stmt"/>
        <line num="43" count="25" type="stmt"/>
        <line num="44" count="25" type="stmt"/>
        <line num="45" count="25" type="stmt"/>
        <line num="46" count="25" type="stmt"/>
        <line num="47" count="25" type="stmt"/>
        <line num="48" count="25" type="stmt"/>
        <line num="49" count="25" type="stmt"/>
        <line num="50" count="25" type="stmt"/>
        <line num="51" count="25" type="stmt"/>
        <line num="52" count="33" type="cond" truecount="1" falsecount="0"/>
        <line num="53" count="8" type="cond" truecount="1" falsecount="0"/>
        <line num="54" count="5" type="stmt"/>
        <line num="55" count="5" type="stmt"/>
        <line num="56" count="8" type="stmt"/>
        <line num="57" count="8" type="stmt"/>
        <line num="58" count="8" type="stmt"/>
        <line num="59" count="8" type="stmt"/>
        <line num="60" count="8" type="stmt"/>
        <line num="61" count="8" type="stmt"/>
        <line num="62" count="8" type="stmt"/>
        <line num="63" count="8" type="stmt"/>
        <line num="64" count="8" type="stmt"/>
        <line num="65" count="33" type="stmt"/>
        <line num="66" count="33" type="stmt"/>
        <line num="67" count="1" type="stmt"/>
        <line num="68" count="85" type="cond" truecount="1" falsecount="0"/>
        <line num="69" count="85" type="stmt"/>
        <line num="70" count="85" type="stmt"/>
        <line num="71" count="85" type="stmt"/>
        <line num="72" count="85" type="stmt"/>
        <line num="73" count="85" type="cond" truecount="1" falsecount="0"/>
        <line num="74" count="27" type="cond" truecount="1" falsecount="0"/>
        <line num="75" count="25" type="stmt"/>
        <line num="76" count="25" type="stmt"/>
        <line num="77" count="25" type="stmt"/>
        <line num="78" count="25" type="stmt"/>
        <line num="79" count="25" type="stmt"/>
        <line num="80" count="25" type="stmt"/>
        <line num="81" count="25" type="stmt"/>
        <line num="82" count="25" type="stmt"/>
        <line num="83" count="25" type="stmt"/>
        <line num="84" count="25" type="stmt"/>
        <line num="85" count="25" type="stmt"/>
        <line num="86" count="25" type="stmt"/>
        <line num="87" count="25" type="stmt"/>
        <line num="88" count="25" type="stmt"/>
        <line num="89" count="25" type="stmt"/>
        <line num="90" count="25" type="cond" truecount="1" falsecount="0"/>
        <line num="91" count="25" type="stmt"/>
        <line num="92" count="25" type="cond" truecount="1" falsecount="0"/>
        <line num="93" count="25" type="stmt"/>
        <line num="94" count="25" type="stmt"/>
        <line num="95" count="25" type="stmt"/>
        <line num="96" count="27" type="stmt"/>
        <line num="97" count="27" type="stmt"/>
        <line num="98" count="85" type="cond" truecount="1" falsecount="0"/>
        <line num="99" count="8" type="cond" truecount="1" falsecount="0"/>
        <line num="100" count="8" type="stmt"/>
        <line num="101" count="8" type="stmt"/>
        <line num="102" count="8" type="cond" truecount="1" falsecount="0"/>
        <line num="103" count="8" type="stmt"/>
        <line num="104" count="8" type="stmt"/>
        <line num="105" count="8" type="stmt"/>
        <line num="106" count="8" type="stmt"/>
        <line num="107" count="8" type="stmt"/>
        <line num="108" count="8" type="stmt"/>
        <line num="109" count="8" type="stmt"/>
        <line num="110" count="8" type="stmt"/>
        <line num="111" count="8" type="stmt"/>
        <line num="112" count="85" type="stmt"/>
        <line num="113" count="85" type="stmt"/>
        <line num="114" count="1" type="stmt"/>
        <line num="115" count="206" type="cond" truecount="1" falsecount="0"/>
        <line num="116" count="206" type="stmt"/>
        <line num="117" count="206" type="stmt"/>
        <line num="118" count="206" type="stmt"/>
        <line num="119" count="206" type="stmt"/>
        <line num="120" count="206" type="stmt"/>
        <line num="121" count="206" type="stmt"/>
        <line num="122" count="206" type="cond" truecount="1" falsecount="0"/>
        <line num="123" count="312" type="cond" truecount="1" falsecount="0"/>
        <line num="124" count="171" type="stmt"/>
        <line num="125" count="171" type="stmt"/>
        <line num="126" count="171" type="cond" truecount="2" falsecount="0"/>
        <line num="127" count="171" type="stmt"/>
        <line num="128" count="171" type="stmt"/>
        <line num="129" count="312" type="cond" truecount="1" falsecount="0"/>
        <line num="130" count="141" type="cond" truecount="2" falsecount="0"/>
        <line num="131" count="141" type="stmt"/>
        <line num="132" count="206" type="stmt"/>
        <line num="133" count="206" type="cond" truecount="1" falsecount="0"/>
        <line num="134" count="206" type="stmt"/>
        <line num="135" count="206" type="stmt"/>
        <line num="136" count="1" type="stmt"/>
        <line num="137" count="1" type="stmt"/>
        <line num="138" count="1" type="stmt"/>
        <line num="139" count="1" type="stmt"/>
        <line num="140" count="1" type="stmt"/>
        <line num="141" count="1" type="stmt"/>
        <line num="142" count="1" type="cond" truecount="1" falsecount="0"/>
        <line num="143" count="205" type="stmt"/>
        <line num="144" count="205" type="stmt"/>
        <line num="145" count="205" type="stmt"/>
        <line num="146" count="205" type="stmt"/>
        <line num="147" count="205" type="stmt"/>
        <line num="148" count="205" type="stmt"/>
        <line num="149" count="205" type="stmt"/>
        <line num="150" count="205" type="stmt"/>
        <line num="151" count="205" type="stmt"/>
        <line num="152" count="205" type="stmt"/>
        <line num="153" count="205" type="cond" truecount="2" falsecount="0"/>
        <line num="154" count="3" type="stmt"/>
        <line num="155" count="3" type="stmt"/>
        <line num="156" count="3" type="stmt"/>
        <line num="157" count="3" type="stmt"/>
        <line num="158" count="3" type="stmt"/>
        <line num="159" count="3" type="stmt"/>
        <line num="160" count="3" type="stmt"/>
        <line num="161" count="3" type="stmt"/>
        <line num="162" count="3" type="stmt"/>
        <line num="163" count="3" type="cond" truecount="1" falsecount="0"/>
        <line num="164" count="205" type="cond" truecount="2" falsecount="0"/>
        <line num="165" count="9" type="stmt"/>
        <line num="166" count="9" type="stmt"/>
        <line num="167" count="9" type="stmt"/>
        <line num="168" count="9" type="stmt"/>
        <line num="169" count="9" type="stmt"/>
        <line num="170" count="9" type="stmt"/>
        <line num="171" count="9" type="stmt"/>
        <line num="172" count="9" type="stmt"/>
        <line num="173" count="9" type="cond" truecount="1" falsecount="0"/>
        <line num="174" count="205" type="cond" truecount="2" falsecount="0"/>
        <line num="175" count="9" type="stmt"/>
        <line num="176" count="9" type="stmt"/>
        <line num="177" count="9" type="stmt"/>
        <line num="178" count="9" type="stmt"/>
        <line num="179" count="9" type="stmt"/>
        <line num="180" count="9" type="stmt"/>
        <line num="181" count="9" type="stmt"/>
        <line num="182" count="9" type="stmt"/>
        <line num="183" count="9" type="cond" truecount="1" falsecount="0"/>
        <line num="184" count="205" type="cond" truecount="2" falsecount="0"/>
        <line num="185" count="82" type="cond" truecount="1" falsecount="0"/>
        <line num="186" count="112" type="stmt"/>
        <line num="187" count="112" type="stmt"/>
        <line num="188" count="112" type="stmt"/>
        <line num="189" count="112" type="stmt"/>
        <line num="190" count="112" type="stmt"/>
        <line num="191" count="112" type="stmt"/>
        <line num="192" count="112" type="stmt"/>
        <line num="193" count="112" type="stmt"/>
        <line num="194" count="112" type="stmt"/>
        <line num="195" count="112" type="stmt"/>
        <line num="196" count="112" type="stmt"/>
        <line num="197" count="112" type="stmt"/>
        <line num="198" count="112" type="stmt"/>
        <line num="199" count="112" type="stmt"/>
        <line num="200" count="112" type="stmt"/>
        <line num="201" count="112" type="stmt"/>
        <line num="202" count="112" type="stmt"/>
        <line num="203" count="112" type="stmt"/>
        <line num="204" count="112" type="stmt"/>
        <line num="205" count="112" type="stmt"/>
        <line num="206" count="112" type="stmt"/>
        <line num="207" count="112" type="stmt"/>
        <line num="208" count="112" type="stmt"/>
        <line num="209" count="112" type="stmt"/>
        <line num="210" count="112" type="stmt"/>
        <line num="211" count="112" type="stmt"/>
        <line num="212" count="112" type="stmt"/>
        <line num="213" count="112" type="stmt"/>
        <line num="214" count="112" type="stmt"/>
        <line num="215" count="112" type="cond" truecount="1" falsecount="0"/>
        <line num="216" count="106" type="stmt"/>
        <line num="217" count="106" type="cond" truecount="2" falsecount="0"/>
        <line num="218" count="106" type="stmt"/>
        <line num="219" count="106" type="stmt"/>
        <line num="220" count="112" type="cond" truecount="1" falsecount="0"/>
        <line num="221" count="6" type="stmt"/>
        <line num="222" count="6" type="stmt"/>
        <line num="223" count="112" type="stmt"/>
        <line num="224" count="112" type="stmt"/>
        <line num="225" count="112" type="stmt"/>
        <line num="226" count="112" type="stmt"/>
        <line num="227" count="82" type="stmt"/>
        <line num="228" count="82" type="stmt"/>
        <line num="229" count="82" type="stmt"/>
        <line num="230" count="82" type="stmt"/>
        <line num="231" count="82" type="cond" truecount="1" falsecount="0"/>
        <line num="232" count="12" type="stmt"/>
        <line num="233" count="12" type="stmt"/>
        <line num="234" count="82" type="stmt"/>
        <line num="235" count="82" type="stmt"/>
        <line num="236" count="82" type="stmt"/>
        <line num="237" count="82" type="stmt"/>
        <line num="238" count="82" type="cond" truecount="1" falsecount="0"/>
        <line num="239" count="102" type="stmt"/>
        <line num="240" count="102" type="stmt"/>
        <line num="241" count="1" type="stmt"/>
        <line num="242" count="1" type="cond" truecount="1" falsecount="0"/>
        <line num="243" count="1018" type="cond" truecount="2" falsecount="0"/>
        <line num="244" count="29" type="stmt"/>
        <line num="245" count="29" type="cond" truecount="1" falsecount="0"/>
        <line num="246" count="1018" type="cond" truecount="2" falsecount="0"/>
        <line num="247" count="96" type="stmt"/>
        <line num="248" count="96" type="cond" truecount="1" falsecount="0"/>
        <line num="249" count="1018" type="cond" truecount="2" falsecount="0"/>
        <line num="250" count="92" type="stmt"/>
        <line num="251" count="92" type="cond" truecount="1" falsecount="0"/>
        <line num="252" count="1018" type="cond" truecount="2" falsecount="0"/>
        <line num="253" count="264" type="stmt"/>
        <line num="254" count="264" type="cond" truecount="1" falsecount="0"/>
        <line num="255" count="558" type="stmt"/>
        <line num="256" count="558" type="stmt"/>
        <line num="257" count="264" type="stmt"/>
        <line num="258" count="264" type="stmt"/>
        <line num="259" count="264" type="cond" truecount="1" falsecount="0"/>
        <line num="260" count="537" type="stmt"/>
        <line num="261" count="537" type="stmt"/>
        <line num="262" count="1" type="stmt"/>
        <line num="263" count="1" type="cond" truecount="1" falsecount="0"/>
        <line num="264" count="41" type="stmt"/>
        <line num="265" count="41" type="stmt"/>
        <line num="266" count="41" type="cond" truecount="1" falsecount="0"/>
        <line num="267" count="85" type="cond" truecount="1" falsecount="0"/>
        <line num="268" count="28" type="stmt"/>
        <line num="269" count="28" type="stmt"/>
        <line num="270" count="28" type="stmt"/>
        <line num="271" count="85" type="stmt"/>
        <line num="272" count="41" type="stmt"/>
        <line num="273" count="41" type="cond" truecount="1" falsecount="0"/>
        <line num="274" count="13" type="cond" truecount="1" falsecount="0"/>
        <line num="275" count="13" type="stmt"/>
        <line num="276" count="41" type="stmt"/>
        <line num="277" count="41" type="stmt"/>
        <line num="278" count="41" type="stmt"/>
        <line num="279" count="1" type="stmt"/>
        <line num="280" count="1" type="cond" truecount="1" falsecount="0"/>
        <line num="281" count="166" type="stmt"/>
        <line num="282" count="166" type="stmt"/>
        <line num="283" count="166" type="cond" truecount="1" falsecount="0"/>
        <line num="284" count="159" type="cond" truecount="1" falsecount="0"/>
        <line num="285" count="159" type="cond" truecount="1" falsecount="0"/>
        <line num="286" count="159" type="stmt"/>
        <line num="287" count="166" type="cond" truecount="1" falsecount="0"/>
        <line num="288" count="7" type="stmt"/>
        <line num="289" count="7" type="cond" truecount="1" falsecount="0"/>
        <line num="290" count="159" type="stmt"/>
        <line num="291" count="159" type="cond" truecount="1" falsecount="0"/>
        <line num="292" count="39" type="cond" truecount="1" falsecount="0"/>
        <line num="293" count="39" type="stmt"/>
        <line num="294" count="166" type="cond" truecount="1" falsecount="0"/>
        <line num="295" count="38" type="cond" truecount="1" falsecount="0"/>
        <line num="296" count="76" type="stmt"/>
        <line num="297" count="76" type="cond" truecount="1" falsecount="0"/>
        <line num="298" count="33" type="stmt"/>
        <line num="299" count="33" type="stmt"/>
        <line num="300" count="76" type="stmt"/>
        <line num="301" count="38" type="stmt"/>
        <line num="302" count="38" type="cond" truecount="1" falsecount="0"/>
        <line num="303" count="121" type="stmt"/>
        <line num="304" count="166" type="cond" truecount="2" falsecount="0"/>
        <line num="305" count="111" type="cond" truecount="2" falsecount="0"/>
        <line num="306" count="25" type="stmt"/>
        <line num="307" count="166" type="cond" truecount="1" falsecount="0"/>
        <line num="308" count="15" type="stmt"/>
        <line num="309" count="15" type="stmt"/>
        <line num="310" count="15" type="cond" truecount="1" falsecount="0"/>
        <line num="311" count="10" type="stmt"/>
        <line num="312" count="10" type="stmt"/>
        <line num="313" count="10" type="stmt"/>
        <line num="314" count="10" type="cond" truecount="1" falsecount="0"/>
        <line num="315" count="5" type="stmt"/>
        <line num="316" count="5" type="stmt"/>
        <line num="317" count="10" type="stmt"/>
        <line num="318" count="15" type="stmt"/>
        <line num="319" count="15" type="cond" truecount="1" falsecount="0"/>
        <line num="320" count="106" type="stmt"/>
        <line num="321" count="106" type="cond" truecount="1" falsecount="0"/>
        <line num="322" count="42" type="cond" truecount="1" falsecount="0"/>
        <line num="323" count="42" type="stmt"/>
        <line num="324" count="166" type="cond" truecount="1" falsecount="0"/>
        <line num="325" count="33" type="stmt"/>
        <line num="326" count="33" type="cond" truecount="1" falsecount="0"/>
        <line num="327" count="38" type="stmt"/>
        <line num="328" count="38" type="cond" truecount="1" falsecount="0"/>
        <line num="329" count="33" type="stmt"/>
        <line num="330" count="33" type="stmt"/>
        <line num="331" count="38" type="stmt"/>
        <line num="332" count="33" type="stmt"/>
        <line num="333" count="33" type="cond" truecount="1" falsecount="0"/>
        <line num="334" count="73" type="stmt"/>
        <line num="335" count="73" type="stmt"/>
        <line num="336" count="1" type="stmt"/>
        <line num="337" count="1" type="cond" truecount="1" falsecount="0"/>
        <line num="338" count="105" type="stmt"/>
        <line num="339" count="105" type="stmt"/>
        <line num="340" count="105" type="stmt"/>
        <line num="341" count="105" type="stmt"/>
        <line num="342" count="105" type="stmt"/>
        <line num="343" count="105" type="stmt"/>
        <line num="344" count="105" type="stmt"/>
        <line num="345" count="105" type="stmt"/>
        <line num="346" count="105" type="cond" truecount="1" falsecount="0"/>
        <line num="347" count="35" type="stmt"/>
        <line num="348" count="35" type="cond" truecount="1" falsecount="0"/>
        <line num="349" count="70" type="stmt"/>
        <line num="350" count="105" type="cond" truecount="1" falsecount="0"/>
        <line num="351" count="11" type="stmt"/>
        <line num="352" count="11" type="cond" truecount="1" falsecount="0"/>
        <line num="353" count="59" type="stmt"/>
        <line num="354" count="105" type="cond" truecount="2" falsecount="0"/>
        <line num="355" count="4" type="cond" truecount="2" falsecount="0"/>
        <line num="356" count="4" type="cond" truecount="1" falsecount="0"/>
        <line num="357" count="55" type="stmt"/>
        <line num="358" count="105" type="cond" truecount="2" falsecount="0"/>
        <line num="359" count="7" type="cond" truecount="1" falsecount="0"/>
        <line num="360" count="1" type="cond" truecount="1" falsecount="0"/>
        <line num="361" count="6" type="stmt"/>
        <line num="362" count="7" type="cond" truecount="1" falsecount="0"/>
        <line num="363" count="48" type="stmt"/>
        <line num="364" count="48" type="stmt"/>
        <line num="365" count="48" type="stmt"/>
        <line num="366" count="48" type="stmt"/>
        <line num="367" count="48" type="stmt"/>
        <line num="368" count="1" type="stmt"/>
        <line num="369" count="1" type="cond" truecount="1" falsecount="0"/>
        <line num="370" count="89" type="stmt"/>
        <line num="371" count="89" type="stmt"/>
        <line num="372" count="89" type="stmt"/>
        <line num="373" count="89" type="stmt"/>
        <line num="374" count="89" type="stmt"/>
        <line num="375" count="89" type="stmt"/>
        <line num="376" count="89" type="stmt"/>
        <line num="377" count="89" type="stmt"/>
        <line num="378" count="89" type="stmt"/>
        <line num="379" count="89" type="cond" truecount="1" falsecount="0"/>
        <line num="380" count="47" type="cond" truecount="1" falsecount="0"/>
        <line num="381" count="28" type="stmt"/>
        <line num="382" count="28" type="cond" truecount="4" falsecount="0"/>
        <line num="383" count="28" type="stmt"/>
        <line num="384" count="47" type="cond" truecount="1" falsecount="0"/>
        <line num="385" count="19" type="cond" truecount="1" falsecount="0"/>
        <line num="386" count="19" type="cond" truecount="1" falsecount="0"/>
        <line num="387" count="14" type="cond" truecount="2" falsecount="0"/>
        <line num="388" count="6" type="cond" truecount="1" falsecount="0"/>
        <line num="389" count="8" type="cond" truecount="1" falsecount="0"/>
        <line num="390" count="5" type="stmt"/>
        <line num="391" count="19" type="stmt"/>
        <line num="392" count="47" type="stmt"/>
        <line num="393" count="89" type="cond" truecount="1" falsecount="0"/>
        <line num="394" count="42" type="cond" truecount="1" falsecount="0"/>
        <line num="395" count="37" type="stmt"/>
        <line num="396" count="37" type="cond" truecount="2" falsecount="0"/>
        <line num="397" count="37" type="stmt"/>
        <line num="398" count="42" type="cond" truecount="1" falsecount="0"/>
        <line num="399" count="5" type="cond" truecount="1" falsecount="0"/>
        <line num="400" count="5" type="stmt"/>
        <line num="401" count="5" type="cond" truecount="2" falsecount="0"/>
        <line num="402" count="2" type="cond" truecount="1" falsecount="0"/>
        <line num="403" count="3" type="stmt"/>
        <line num="404" count="5" type="stmt"/>
        <line num="405" count="42" type="stmt"/>
        <line num="406" count="89" type="stmt"/>
        <line num="407" count="89" type="stmt"/>
        <line num="408" count="1" type="stmt"/>
        <line num="409" count="9" type="cond" truecount="1" falsecount="0"/>
        <line num="410" count="9" type="stmt"/>
        <line num="411" count="9" type="stmt"/>
        <line num="412" count="9" type="stmt"/>
        <line num="413" count="9" type="stmt"/>
        <line num="414" count="9" type="stmt"/>
        <line num="415" count="9" type="stmt"/>
        <line num="416" count="9" type="stmt"/>
        <line num="417" count="9" type="stmt"/>
        <line num="418" count="9" type="stmt"/>
        <line num="419" count="9" type="stmt"/>
        <line num="420" count="9" type="stmt"/>
        <line num="421" count="9" type="cond" truecount="1" falsecount="0"/>
        <line num="422" count="1" type="stmt"/>
        <line num="423" count="1" type="cond" truecount="1" falsecount="0"/>
        <line num="424" count="8" type="cond" truecount="1" falsecount="0"/>
        <line num="425" count="15" type="stmt"/>
        <line num="426" count="15" type="stmt"/>
        <line num="427" count="15" type="stmt"/>
        <line num="428" count="15" type="stmt"/>
        <line num="429" count="15" type="stmt"/>
        <line num="430" count="8" type="stmt"/>
        <line num="431" count="8" type="stmt"/>
        <line num="432" count="1" type="stmt"/>
        <line num="433" count="1" type="cond" truecount="1" falsecount="0"/>
        <line num="434" count="40" type="cond" truecount="1" falsecount="0"/>
        <line num="435" count="5" type="stmt"/>
        <line num="436" count="5" type="stmt"/>
        <line num="437" count="5" type="stmt"/>
        <line num="438" count="40" type="cond" truecount="1" falsecount="0"/>
        <line num="439" count="10" type="stmt"/>
        <line num="440" count="10" type="stmt"/>
        <line num="441" count="10" type="stmt"/>
        <line num="442" count="10" type="stmt"/>
        <line num="443" count="40" type="cond" truecount="1" falsecount="0"/>
        <line num="444" count="45" type="stmt"/>
        <line num="445" count="45" type="stmt"/>
        <line num="446" count="45" type="stmt"/>
        <line num="447" count="45" type="stmt"/>
        <line num="448" count="45" type="stmt"/>
        <line num="449" count="45" type="stmt"/>
        <line num="450" count="45" type="stmt"/>
        <line num="451" count="45" type="cond" truecount="1" falsecount="0"/>
        <line num="452" count="2" type="cond" truecount="1" falsecount="0"/>
        <line num="453" count="2" type="cond" truecount="1" falsecount="0"/>
        <line num="454" count="40" type="stmt"/>
        <line num="455" count="40" type="stmt"/>
        <line num="456" count="45" type="stmt"/>
        <line num="457" count="40" type="stmt"/>
        <line num="458" count="40" type="stmt"/>
        <line num="459" count="1" type="stmt"/>
        <line num="460" count="1" type="cond" truecount="1" falsecount="0"/>
        <line num="461" count="40" type="stmt"/>
        <line num="462" count="40" type="stmt"/>
        <line num="463" count="40" type="stmt"/>
        <line num="464" count="40" type="cond" truecount="1" falsecount="0"/>
        <line num="465" count="10" type="stmt"/>
        <line num="466" count="10" type="cond" truecount="2" falsecount="0"/>
        <line num="467" count="10" type="stmt"/>
        <line num="468" count="10" type="stmt"/>
        <line num="469" count="40" type="cond" truecount="1" falsecount="0"/>
        <line num="470" count="29" type="stmt"/>
        <line num="471" count="29" type="cond" truecount="2" falsecount="0"/>
        <line num="472" count="29" type="stmt"/>
        <line num="473" count="29" type="stmt"/>
        <line num="474" count="40" type="cond" truecount="1" falsecount="0"/>
        <line num="475" count="5" type="stmt"/>
        <line num="476" count="5" type="stmt"/>
        <line num="477" count="5" type="stmt"/>
        <line num="478" count="40" type="stmt"/>
        <line num="479" count="40" type="stmt"/>
        <line num="480" count="1" type="stmt"/>
        <line num="481" count="1" type="cond" truecount="1" falsecount="0"/>
        <line num="482" count="40" type="stmt"/>
        <line num="483" count="40" type="stmt"/>
        <line num="484" count="1" type="stmt"/>
        <line num="485" count="1" type="cond" truecount="1" falsecount="0"/>
        <line num="486" count="47" type="stmt"/>
        <line num="487" count="47" type="stmt"/>
        <line num="488" count="47" type="stmt"/>
        <line num="489" count="47" type="stmt"/>
        <line num="490" count="47" type="cond" truecount="1" falsecount="0"/>
        <line num="491" count="12" type="stmt"/>
        <line num="492" count="12" type="stmt"/>
        <line num="493" count="12" type="stmt"/>
        <line num="494" count="12" type="stmt"/>
        <line num="495" count="12" type="stmt"/>
        <line num="496" count="12" type="stmt"/>
        <line num="497" count="12" type="stmt"/>
        <line num="498" count="12" type="stmt"/>
        <line num="499" count="12" type="stmt"/>
        <line num="500" count="12" type="cond" truecount="1" falsecount="0"/>
        <line num="501" count="28" type="stmt"/>
        <line num="502" count="28" type="stmt"/>
        <line num="503" count="28" type="stmt"/>
        <line num="504" count="28" type="stmt"/>
        <line num="505" count="28" type="stmt"/>
        <line num="506" count="28" type="stmt"/>
        <line num="507" count="28" type="stmt"/>
        <line num="508" count="28" type="stmt"/>
        <line num="509" count="28" type="stmt"/>
        <line num="510" count="28" type="stmt"/>
      </file>
    </package>
  </project>
</coverage>
