{"C:\\Users\\alb03\\Documents\\Github\\packages\\store\\src\\index.ts": {"path":"C:\\Users\\alb03\\Documents\\Github\\packages\\store\\src\\index.ts","all":false,"statementMap":{"0":{"start":{"line":1,"column":0},"end":{"line":1,"column":37}},"1":{"start":{"line":2,"column":0},"end":{"line":2,"column":8}},"2":{"start":{"line":3,"column":0},"end":{"line":3,"column":14}},"3":{"start":{"line":4,"column":0},"end":{"line":4,"column":10}},"4":{"start":{"line":5,"column":0},"end":{"line":5,"column":18}},"5":{"start":{"line":6,"column":0},"end":{"line":6,"column":15}},"6":{"start":{"line":7,"column":0},"end":{"line":7,"column":24}},"7":{"start":{"line":8,"column":0},"end":{"line":8,"column":59}},"8":{"start":{"line":9,"column":0},"end":{"line":9,"column":52}},"9":{"start":{"line":10,"column":0},"end":{"line":10,"column":0}},"10":{"start":{"line":11,"column":0},"end":{"line":11,"column":45}},"11":{"start":{"line":12,"column":0},"end":{"line":12,"column":38}},"12":{"start":{"line":13,"column":0},"end":{"line":13,"column":45}},"13":{"start":{"line":14,"column":0},"end":{"line":14,"column":30}},"14":{"start":{"line":15,"column":0},"end":{"line":15,"column":80}},"15":{"start":{"line":16,"column":0},"end":{"line":16,"column":36}},"16":{"start":{"line":17,"column":0},"end":{"line":17,"column":3}},"17":{"start":{"line":18,"column":0},"end":{"line":18,"column":54}},"18":{"start":{"line":19,"column":0},"end":{"line":19,"column":50}},"19":{"start":{"line":20,"column":0},"end":{"line":20,"column":1}},"20":{"start":{"line":21,"column":0},"end":{"line":21,"column":0}},"21":{"start":{"line":22,"column":0},"end":{"line":22,"column":23}}},"s":{"0":1,"1":1,"2":1,"3":1,"4":1,"5":1,"6":1,"7":1,"8":1,"9":1,"10":46,"11":46,"12":46,"13":39,"14":39,"15":39,"16":39,"17":46,"18":46,"19":46,"20":1,"21":1},"branchMap":{"0":{"type":"branch","line":11,"loc":{"start":{"line":11,"column":0},"end":{"line":20,"column":1}},"locations":[{"start":{"line":11,"column":0},"end":{"line":20,"column":1}}]},"1":{"type":"branch","line":13,"loc":{"start":{"line":13,"column":2},"end":{"line":17,"column":3}},"locations":[{"start":{"line":13,"column":2},"end":{"line":17,"column":3}}]}},"b":{"0":[46],"1":[39]},"fnMap":{"0":{"name":"createStore","decl":{"start":{"line":11,"column":0},"end":{"line":20,"column":1}},"loc":{"start":{"line":11,"column":0},"end":{"line":20,"column":1}},"line":11},"1":{"name":"useVanillaStore","decl":{"start":{"line":13,"column":2},"end":{"line":17,"column":3}},"loc":{"start":{"line":13,"column":2},"end":{"line":17,"column":3}},"line":13}},"f":{"0":46,"1":39}}
,"C:\\Users\\alb03\\Documents\\Github\\packages\\store\\src\\constants\\internal.ts": {"path":"C:\\Users\\alb03\\Documents\\Github\\packages\\store\\src\\constants\\internal.ts","all":false,"statementMap":{"0":{"start":{"line":1,"column":0},"end":{"line":1,"column":29}},"1":{"start":{"line":2,"column":0},"end":{"line":2,"column":29}},"2":{"start":{"line":3,"column":0},"end":{"line":3,"column":43}},"3":{"start":{"line":4,"column":0},"end":{"line":4,"column":43}},"4":{"start":{"line":5,"column":0},"end":{"line":5,"column":23}},"5":{"start":{"line":6,"column":0},"end":{"line":6,"column":0}},"6":{"start":{"line":7,"column":0},"end":{"line":7,"column":25}},"7":{"start":{"line":8,"column":0},"end":{"line":8,"column":0}},"8":{"start":{"line":9,"column":0},"end":{"line":9,"column":41}},"9":{"start":{"line":10,"column":0},"end":{"line":10,"column":36}},"10":{"start":{"line":11,"column":0},"end":{"line":11,"column":49}},"11":{"start":{"line":12,"column":0},"end":{"line":12,"column":174}},"12":{"start":{"line":13,"column":0},"end":{"line":13,"column":64}},"13":{"start":{"line":14,"column":0},"end":{"line":14,"column":102}},"14":{"start":{"line":15,"column":0},"end":{"line":15,"column":127}},"15":{"start":{"line":16,"column":0},"end":{"line":16,"column":60}},"16":{"start":{"line":17,"column":0},"end":{"line":17,"column":72}},"17":{"start":{"line":18,"column":0},"end":{"line":18,"column":78}},"18":{"start":{"line":19,"column":0},"end":{"line":19,"column":83}},"19":{"start":{"line":20,"column":0},"end":{"line":20,"column":218}},"20":{"start":{"line":21,"column":0},"end":{"line":21,"column":66}},"21":{"start":{"line":22,"column":0},"end":{"line":22,"column":3}}},"s":{"0":1,"1":1,"2":1,"3":1,"4":1,"5":1,"6":1,"7":1,"8":1,"9":1,"10":1,"11":1,"12":1,"13":1,"14":1,"15":1,"16":1,"17":1,"18":1,"19":1,"20":1,"21":1},"branchMap":{},"b":{},"fnMap":{},"f":{}}
,"C:\\Users\\alb03\\Documents\\Github\\packages\\store\\src\\helpers\\commonProdDev\\index.ts": {"path":"C:\\Users\\alb03\\Documents\\Github\\packages\\store\\src\\helpers\\commonProdDev\\index.ts","all":false,"statementMap":{"0":{"start":{"line":1,"column":0},"end":{"line":1,"column":54}},"1":{"start":{"line":2,"column":0},"end":{"line":2,"column":46}},"2":{"start":{"line":3,"column":0},"end":{"line":3,"column":58}},"3":{"start":{"line":4,"column":0},"end":{"line":4,"column":0}},"4":{"start":{"line":5,"column":0},"end":{"line":5,"column":45}},"5":{"start":{"line":6,"column":0},"end":{"line":6,"column":65}},"6":{"start":{"line":7,"column":0},"end":{"line":7,"column":1}},"7":{"start":{"line":8,"column":0},"end":{"line":8,"column":0}},"8":{"start":{"line":9,"column":0},"end":{"line":9,"column":46}},"9":{"start":{"line":10,"column":0},"end":{"line":10,"column":31}},"10":{"start":{"line":11,"column":0},"end":{"line":11,"column":17}},"11":{"start":{"line":12,"column":0},"end":{"line":12,"column":3}},"12":{"start":{"line":13,"column":0},"end":{"line":13,"column":43}},"13":{"start":{"line":14,"column":0},"end":{"line":14,"column":23}},"14":{"start":{"line":15,"column":0},"end":{"line":15,"column":28}},"15":{"start":{"line":16,"column":0},"end":{"line":16,"column":14}},"16":{"start":{"line":17,"column":0},"end":{"line":17,"column":21}},"17":{"start":{"line":18,"column":0},"end":{"line":18,"column":22}},"18":{"start":{"line":19,"column":0},"end":{"line":19,"column":6}},"19":{"start":{"line":20,"column":0},"end":{"line":20,"column":10}},"20":{"start":{"line":21,"column":0},"end":{"line":21,"column":36}},"21":{"start":{"line":22,"column":0},"end":{"line":22,"column":21}},"22":{"start":{"line":23,"column":0},"end":{"line":23,"column":28}},"23":{"start":{"line":24,"column":0},"end":{"line":24,"column":29}},"24":{"start":{"line":25,"column":0},"end":{"line":25,"column":8}},"25":{"start":{"line":26,"column":0},"end":{"line":26,"column":5}},"26":{"start":{"line":27,"column":0},"end":{"line":27,"column":3}},"27":{"start":{"line":28,"column":0},"end":{"line":28,"column":24}},"28":{"start":{"line":29,"column":0},"end":{"line":29,"column":46}},"29":{"start":{"line":30,"column":0},"end":{"line":30,"column":44}},"30":{"start":{"line":31,"column":0},"end":{"line":31,"column":5}},"31":{"start":{"line":32,"column":0},"end":{"line":32,"column":16}},"32":{"start":{"line":33,"column":0},"end":{"line":33,"column":1}}},"s":{"0":1,"1":1,"2":1,"3":1,"4":1,"5":142,"6":142,"7":1,"8":1,"9":93,"10":93,"11":93,"12":93,"13":93,"14":93,"15":65,"16":65,"17":65,"18":65,"19":93,"20":28,"21":25,"22":25,"23":25,"24":25,"25":25,"26":28,"27":93,"28":77,"29":77,"30":93,"31":93,"32":93},"branchMap":{"0":{"type":"branch","line":5,"loc":{"start":{"line":5,"column":7},"end":{"line":7,"column":1}},"locations":[{"start":{"line":5,"column":7},"end":{"line":7,"column":1}}]},"1":{"type":"branch","line":6,"loc":{"start":{"line":6,"column":9},"end":{"line":6,"column":62}},"locations":[{"start":{"line":6,"column":9},"end":{"line":6,"column":62}}]},"2":{"type":"branch","line":6,"loc":{"start":{"line":6,"column":30},"end":{"line":6,"column":41}},"locations":[{"start":{"line":6,"column":30},"end":{"line":6,"column":41}}]},"3":{"type":"branch","line":6,"loc":{"start":{"line":6,"column":37},"end":{"line":6,"column":62}},"locations":[{"start":{"line":6,"column":37},"end":{"line":6,"column":62}}]},"4":{"type":"branch","line":6,"loc":{"start":{"line":6,"column":57},"end":{"line":6,"column":65}},"locations":[{"start":{"line":6,"column":57},"end":{"line":6,"column":65}}]},"5":{"type":"branch","line":9,"loc":{"start":{"line":9,"column":7},"end":{"line":33,"column":1}},"locations":[{"start":{"line":9,"column":7},"end":{"line":33,"column":1}}]},"6":{"type":"branch","line":15,"loc":{"start":{"line":15,"column":27},"end":{"line":20,"column":9}},"locations":[{"start":{"line":15,"column":27},"end":{"line":20,"column":9}}]},"7":{"type":"branch","line":20,"loc":{"start":{"line":20,"column":2},"end":{"line":27,"column":3}},"locations":[{"start":{"line":20,"column":2},"end":{"line":27,"column":3}}]},"8":{"type":"branch","line":21,"loc":{"start":{"line":21,"column":35},"end":{"line":26,"column":5}},"locations":[{"start":{"line":21,"column":35},"end":{"line":26,"column":5}}]},"9":{"type":"branch","line":28,"loc":{"start":{"line":28,"column":16},"end":{"line":31,"column":3}},"locations":[{"start":{"line":28,"column":16},"end":{"line":31,"column":3}}]},"10":{"type":"branch","line":30,"loc":{"start":{"line":30,"column":13},"end":{"line":30,"column":34}},"locations":[{"start":{"line":30,"column":13},"end":{"line":30,"column":34}}]},"11":{"type":"branch","line":30,"loc":{"start":{"line":30,"column":30},"end":{"line":30,"column":44}},"locations":[{"start":{"line":30,"column":30},"end":{"line":30,"column":44}}]}},"b":{"0":[142],"1":[124],"2":[28],"3":[96],"4":[18],"5":[93],"6":[65],"7":[28],"8":[25],"9":[77],"10":[72],"11":[0]},"fnMap":{"0":{"name":"createPath","decl":{"start":{"line":5,"column":7},"end":{"line":7,"column":1}},"loc":{"start":{"line":5,"column":7},"end":{"line":7,"column":1}},"line":5},"1":{"name":"checkReWriteStoreAndGetResult","decl":{"start":{"line":9,"column":7},"end":{"line":33,"column":1}},"loc":{"start":{"line":9,"column":7},"end":{"line":33,"column":1}},"line":9}},"f":{"0":142,"1":93}}
,"C:\\Users\\alb03\\Documents\\Github\\packages\\store\\src\\helpers\\developement\\index.ts": {"path":"C:\\Users\\alb03\\Documents\\Github\\packages\\store\\src\\helpers\\developement\\index.ts","all":false,"statementMap":{"0":{"start":{"line":1,"column":0},"end":{"line":1,"column":62}},"1":{"start":{"line":2,"column":0},"end":{"line":2,"column":80}},"2":{"start":{"line":3,"column":0},"end":{"line":3,"column":62}},"3":{"start":{"line":4,"column":0},"end":{"line":4,"column":77}},"4":{"start":{"line":5,"column":0},"end":{"line":5,"column":0}},"5":{"start":{"line":6,"column":0},"end":{"line":6,"column":59}},"6":{"start":{"line":7,"column":0},"end":{"line":7,"column":55}},"7":{"start":{"line":8,"column":0},"end":{"line":8,"column":16}},"8":{"start":{"line":9,"column":0},"end":{"line":9,"column":29}},"9":{"start":{"line":10,"column":0},"end":{"line":10,"column":54}},"10":{"start":{"line":11,"column":0},"end":{"line":11,"column":18}},"11":{"start":{"line":12,"column":0},"end":{"line":12,"column":7}},"12":{"start":{"line":13,"column":0},"end":{"line":13,"column":3}},"13":{"start":{"line":14,"column":0},"end":{"line":14,"column":44}},"14":{"start":{"line":15,"column":0},"end":{"line":15,"column":16}},"15":{"start":{"line":16,"column":0},"end":{"line":16,"column":29}},"16":{"start":{"line":17,"column":0},"end":{"line":17,"column":59}},"17":{"start":{"line":18,"column":0},"end":{"line":18,"column":18}},"18":{"start":{"line":19,"column":0},"end":{"line":19,"column":7}},"19":{"start":{"line":20,"column":0},"end":{"line":20,"column":3}},"20":{"start":{"line":21,"column":0},"end":{"line":21,"column":1}},"21":{"start":{"line":22,"column":0},"end":{"line":22,"column":0}},"22":{"start":{"line":23,"column":0},"end":{"line":23,"column":48}},"23":{"start":{"line":24,"column":0},"end":{"line":24,"column":28}},"24":{"start":{"line":25,"column":0},"end":{"line":25,"column":18}},"25":{"start":{"line":26,"column":0},"end":{"line":26,"column":17}},"26":{"start":{"line":27,"column":0},"end":{"line":27,"column":57}},"27":{"start":{"line":28,"column":0},"end":{"line":28,"column":6}},"28":{"start":{"line":29,"column":0},"end":{"line":29,"column":3}},"29":{"start":{"line":30,"column":0},"end":{"line":30,"column":1}},"30":{"start":{"line":31,"column":0},"end":{"line":31,"column":0}},"31":{"start":{"line":32,"column":0},"end":{"line":32,"column":53}},"32":{"start":{"line":33,"column":0},"end":{"line":33,"column":27}},"33":{"start":{"line":34,"column":0},"end":{"line":34,"column":16}},"34":{"start":{"line":35,"column":0},"end":{"line":35,"column":39}},"35":{"start":{"line":36,"column":0},"end":{"line":36,"column":43}},"36":{"start":{"line":37,"column":0},"end":{"line":37,"column":18}},"37":{"start":{"line":38,"column":0},"end":{"line":38,"column":7}},"38":{"start":{"line":39,"column":0},"end":{"line":39,"column":3}},"39":{"start":{"line":40,"column":0},"end":{"line":40,"column":33}},"40":{"start":{"line":41,"column":0},"end":{"line":41,"column":1}},"41":{"start":{"line":42,"column":0},"end":{"line":42,"column":0}},"42":{"start":{"line":43,"column":0},"end":{"line":43,"column":44}},"43":{"start":{"line":44,"column":0},"end":{"line":44,"column":6}},"44":{"start":{"line":45,"column":0},"end":{"line":45,"column":36}},"45":{"start":{"line":46,"column":0},"end":{"line":46,"column":62}},"46":{"start":{"line":47,"column":0},"end":{"line":47,"column":5}},"47":{"start":{"line":48,"column":0},"end":{"line":48,"column":16}},"48":{"start":{"line":49,"column":0},"end":{"line":49,"column":38}},"49":{"start":{"line":50,"column":0},"end":{"line":50,"column":49}},"50":{"start":{"line":51,"column":0},"end":{"line":51,"column":7}},"51":{"start":{"line":52,"column":0},"end":{"line":52,"column":3}},"52":{"start":{"line":53,"column":0},"end":{"line":53,"column":1}},"53":{"start":{"line":54,"column":0},"end":{"line":54,"column":0}},"54":{"start":{"line":55,"column":0},"end":{"line":55,"column":37}},"55":{"start":{"line":56,"column":0},"end":{"line":56,"column":38}},"56":{"start":{"line":57,"column":0},"end":{"line":57,"column":16}},"57":{"start":{"line":58,"column":0},"end":{"line":58,"column":30}},"58":{"start":{"line":59,"column":0},"end":{"line":59,"column":36}},"59":{"start":{"line":60,"column":0},"end":{"line":60,"column":19}},"60":{"start":{"line":61,"column":0},"end":{"line":61,"column":7}},"61":{"start":{"line":62,"column":0},"end":{"line":62,"column":3}},"62":{"start":{"line":63,"column":0},"end":{"line":63,"column":1}},"63":{"start":{"line":64,"column":0},"end":{"line":64,"column":0}},"64":{"start":{"line":65,"column":0},"end":{"line":65,"column":54}},"65":{"start":{"line":66,"column":0},"end":{"line":66,"column":39}},"66":{"start":{"line":67,"column":0},"end":{"line":67,"column":16}},"67":{"start":{"line":68,"column":0},"end":{"line":68,"column":39}},"68":{"start":{"line":69,"column":0},"end":{"line":69,"column":44}},"69":{"start":{"line":70,"column":0},"end":{"line":70,"column":7}},"70":{"start":{"line":71,"column":0},"end":{"line":71,"column":3}},"71":{"start":{"line":72,"column":0},"end":{"line":72,"column":1}},"72":{"start":{"line":73,"column":0},"end":{"line":73,"column":0}},"73":{"start":{"line":74,"column":0},"end":{"line":74,"column":26}},"74":{"start":{"line":75,"column":0},"end":{"line":75,"column":16}},"75":{"start":{"line":76,"column":0},"end":{"line":76,"column":16}},"76":{"start":{"line":77,"column":0},"end":{"line":77,"column":31}},"77":{"start":{"line":78,"column":0},"end":{"line":78,"column":22}},"78":{"start":{"line":79,"column":0},"end":{"line":79,"column":3}},"79":{"start":{"line":80,"column":0},"end":{"line":80,"column":36}},"80":{"start":{"line":81,"column":0},"end":{"line":81,"column":6}},"81":{"start":{"line":82,"column":0},"end":{"line":82,"column":45}},"82":{"start":{"line":83,"column":0},"end":{"line":83,"column":19}},"83":{"start":{"line":84,"column":0},"end":{"line":84,"column":21}},"84":{"start":{"line":85,"column":0},"end":{"line":85,"column":26}},"85":{"start":{"line":86,"column":0},"end":{"line":86,"column":32}},"86":{"start":{"line":87,"column":0},"end":{"line":87,"column":5}},"87":{"start":{"line":88,"column":0},"end":{"line":88,"column":16}},"88":{"start":{"line":89,"column":0},"end":{"line":89,"column":39}},"89":{"start":{"line":90,"column":0},"end":{"line":90,"column":14}},"90":{"start":{"line":91,"column":0},"end":{"line":91,"column":34}},"91":{"start":{"line":92,"column":0},"end":{"line":92,"column":45}},"92":{"start":{"line":93,"column":0},"end":{"line":93,"column":48}},"93":{"start":{"line":94,"column":0},"end":{"line":94,"column":7}},"94":{"start":{"line":95,"column":0},"end":{"line":95,"column":3}},"95":{"start":{"line":96,"column":0},"end":{"line":96,"column":0}},"96":{"start":{"line":97,"column":0},"end":{"line":97,"column":34}},"97":{"start":{"line":98,"column":0},"end":{"line":98,"column":28}},"98":{"start":{"line":99,"column":0},"end":{"line":99,"column":40}},"99":{"start":{"line":100,"column":0},"end":{"line":100,"column":11}},"100":{"start":{"line":101,"column":0},"end":{"line":101,"column":3}},"101":{"start":{"line":102,"column":0},"end":{"line":102,"column":0}},"102":{"start":{"line":103,"column":0},"end":{"line":103,"column":63}},"103":{"start":{"line":104,"column":0},"end":{"line":104,"column":11}},"104":{"start":{"line":105,"column":0},"end":{"line":105,"column":3}},"105":{"start":{"line":106,"column":0},"end":{"line":106,"column":0}},"106":{"start":{"line":107,"column":0},"end":{"line":107,"column":52}},"107":{"start":{"line":108,"column":0},"end":{"line":108,"column":33}},"108":{"start":{"line":109,"column":0},"end":{"line":109,"column":1}},"109":{"start":{"line":110,"column":0},"end":{"line":110,"column":0}},"110":{"start":{"line":111,"column":0},"end":{"line":111,"column":28}},"111":{"start":{"line":112,"column":0},"end":{"line":112,"column":6}},"112":{"start":{"line":113,"column":0},"end":{"line":113,"column":36}},"113":{"start":{"line":114,"column":0},"end":{"line":114,"column":26}},"114":{"start":{"line":115,"column":0},"end":{"line":115,"column":77}},"115":{"start":{"line":116,"column":0},"end":{"line":116,"column":5}},"116":{"start":{"line":117,"column":0},"end":{"line":117,"column":41}},"117":{"start":{"line":118,"column":0},"end":{"line":118,"column":3}},"118":{"start":{"line":119,"column":0},"end":{"line":119,"column":1}},"119":{"start":{"line":120,"column":0},"end":{"line":120,"column":0}},"120":{"start":{"line":121,"column":0},"end":{"line":121,"column":76}},"121":{"start":{"line":122,"column":0},"end":{"line":122,"column":23}},"122":{"start":{"line":123,"column":0},"end":{"line":123,"column":76}},"123":{"start":{"line":124,"column":0},"end":{"line":124,"column":76}},"124":{"start":{"line":125,"column":0},"end":{"line":125,"column":29}},"125":{"start":{"line":126,"column":0},"end":{"line":126,"column":15}},"126":{"start":{"line":127,"column":0},"end":{"line":127,"column":19}},"127":{"start":{"line":128,"column":0},"end":{"line":128,"column":19}},"128":{"start":{"line":129,"column":0},"end":{"line":129,"column":20}},"129":{"start":{"line":130,"column":0},"end":{"line":130,"column":16}},"130":{"start":{"line":131,"column":0},"end":{"line":131,"column":5}},"131":{"start":{"line":132,"column":0},"end":{"line":132,"column":11}},"132":{"start":{"line":133,"column":0},"end":{"line":133,"column":51}},"133":{"start":{"line":134,"column":0},"end":{"line":134,"column":16}},"134":{"start":{"line":135,"column":0},"end":{"line":135,"column":56}},"135":{"start":{"line":136,"column":0},"end":{"line":136,"column":62}},"136":{"start":{"line":137,"column":0},"end":{"line":137,"column":7}},"137":{"start":{"line":138,"column":0},"end":{"line":138,"column":3}},"138":{"start":{"line":139,"column":0},"end":{"line":139,"column":1}},"139":{"start":{"line":140,"column":0},"end":{"line":140,"column":0}},"140":{"start":{"line":141,"column":0},"end":{"line":141,"column":74}},"141":{"start":{"line":142,"column":0},"end":{"line":142,"column":64}},"142":{"start":{"line":143,"column":0},"end":{"line":143,"column":16}},"143":{"start":{"line":144,"column":0},"end":{"line":144,"column":47}},"144":{"start":{"line":145,"column":0},"end":{"line":145,"column":66}},"145":{"start":{"line":146,"column":0},"end":{"line":146,"column":7}},"146":{"start":{"line":147,"column":0},"end":{"line":147,"column":3}},"147":{"start":{"line":148,"column":0},"end":{"line":148,"column":1}},"148":{"start":{"line":149,"column":0},"end":{"line":149,"column":0}},"149":{"start":{"line":150,"column":0},"end":{"line":150,"column":40}},"150":{"start":{"line":151,"column":0},"end":{"line":151,"column":61}},"151":{"start":{"line":152,"column":0},"end":{"line":152,"column":16}},"152":{"start":{"line":153,"column":0},"end":{"line":153,"column":1}},"153":{"start":{"line":154,"column":0},"end":{"line":154,"column":0}},"154":{"start":{"line":155,"column":0},"end":{"line":155,"column":25}},"155":{"start":{"line":156,"column":0},"end":{"line":156,"column":67}},"156":{"start":{"line":157,"column":0},"end":{"line":157,"column":0}},"157":{"start":{"line":158,"column":0},"end":{"line":158,"column":29}},"158":{"start":{"line":159,"column":0},"end":{"line":159,"column":71}},"159":{"start":{"line":160,"column":0},"end":{"line":160,"column":0}},"160":{"start":{"line":161,"column":0},"end":{"line":161,"column":28}},"161":{"start":{"line":162,"column":0},"end":{"line":162,"column":70}},"162":{"start":{"line":163,"column":0},"end":{"line":163,"column":0}},"163":{"start":{"line":164,"column":0},"end":{"line":164,"column":32}},"164":{"start":{"line":165,"column":0},"end":{"line":165,"column":74}},"165":{"start":{"line":166,"column":0},"end":{"line":166,"column":0}},"166":{"start":{"line":167,"column":0},"end":{"line":167,"column":32}},"167":{"start":{"line":168,"column":0},"end":{"line":168,"column":74}},"168":{"start":{"line":169,"column":0},"end":{"line":169,"column":25}},"169":{"start":{"line":170,"column":0},"end":{"line":170,"column":67}},"170":{"start":{"line":171,"column":0},"end":{"line":171,"column":31}},"171":{"start":{"line":172,"column":0},"end":{"line":172,"column":73}},"172":{"start":{"line":173,"column":0},"end":{"line":173,"column":36}},"173":{"start":{"line":174,"column":0},"end":{"line":174,"column":78}},"174":{"start":{"line":175,"column":0},"end":{"line":175,"column":38}},"175":{"start":{"line":176,"column":0},"end":{"line":176,"column":80}},"176":{"start":{"line":177,"column":0},"end":{"line":177,"column":41}},"177":{"start":{"line":178,"column":0},"end":{"line":178,"column":39}},"178":{"start":{"line":179,"column":0},"end":{"line":179,"column":31}},"179":{"start":{"line":180,"column":0},"end":{"line":180,"column":19}}},"s":{"0":1,"1":1,"2":1,"3":1,"4":1,"5":53,"6":53,"7":2,"8":2,"9":2,"10":2,"11":2,"12":2,"13":53,"14":5,"15":5,"16":5,"17":5,"18":5,"19":5,"20":53,"21":1,"22":13,"23":13,"24":7,"25":7,"26":7,"27":7,"28":7,"29":12,"30":1,"31":5,"32":5,"33":1,"34":1,"35":1,"36":1,"37":1,"38":1,"39":4,"40":4,"41":1,"42":39,"43":39,"44":39,"45":23,"46":39,"47":1,"48":1,"49":1,"50":1,"51":1,"52":39,"53":1,"54":44,"55":44,"56":1,"57":1,"58":1,"59":1,"60":1,"61":1,"62":44,"63":1,"64":45,"65":45,"66":2,"67":2,"68":2,"69":2,"70":2,"71":45,"72":1,"73":55,"74":55,"75":55,"76":55,"77":55,"78":55,"79":55,"80":55,"81":55,"82":53,"83":53,"84":53,"85":53,"86":55,"87":2,"88":2,"89":2,"90":2,"91":1,"92":1,"93":2,"94":2,"95":53,"96":53,"97":53,"98":55,"99":4,"100":4,"101":49,"102":55,"103":4,"104":4,"105":45,"106":45,"107":45,"108":45,"109":1,"110":46,"111":46,"112":46,"113":0,"114":0,"115":46,"116":0,"117":0,"118":46,"119":1,"120":20,"121":20,"122":20,"123":20,"124":20,"125":20,"126":20,"127":20,"128":20,"129":20,"130":20,"131":20,"132":20,"133":6,"134":6,"135":6,"136":6,"137":6,"138":20,"139":1,"140":77,"141":77,"142":5,"143":5,"144":5,"145":5,"146":5,"147":77,"148":1,"149":25,"150":25,"151":25,"152":25,"153":1,"154":1,"155":1,"156":1,"157":1,"158":1,"159":1,"160":1,"161":1,"162":1,"163":1,"164":1,"165":1,"166":1,"167":1,"168":1,"169":1,"170":1,"171":1,"172":1,"173":1,"174":1,"175":1,"176":1,"177":1,"178":1,"179":0},"branchMap":{"0":{"type":"branch","line":156,"loc":{"start":{"line":156,"column":42},"end":{"line":156,"column":67}},"locations":[{"start":{"line":156,"column":42},"end":{"line":156,"column":67}}]},"1":{"type":"branch","line":159,"loc":{"start":{"line":159,"column":42},"end":{"line":159,"column":71}},"locations":[{"start":{"line":159,"column":42},"end":{"line":159,"column":71}}]},"2":{"type":"branch","line":162,"loc":{"start":{"line":162,"column":42},"end":{"line":162,"column":70}},"locations":[{"start":{"line":162,"column":42},"end":{"line":162,"column":70}}]},"3":{"type":"branch","line":165,"loc":{"start":{"line":165,"column":42},"end":{"line":165,"column":74}},"locations":[{"start":{"line":165,"column":42},"end":{"line":165,"column":74}}]},"4":{"type":"branch","line":168,"loc":{"start":{"line":168,"column":42},"end":{"line":168,"column":74}},"locations":[{"start":{"line":168,"column":42},"end":{"line":168,"column":74}}]},"5":{"type":"branch","line":170,"loc":{"start":{"line":170,"column":42},"end":{"line":170,"column":67}},"locations":[{"start":{"line":170,"column":42},"end":{"line":170,"column":67}}]},"6":{"type":"branch","line":172,"loc":{"start":{"line":172,"column":42},"end":{"line":172,"column":73}},"locations":[{"start":{"line":172,"column":42},"end":{"line":172,"column":73}}]},"7":{"type":"branch","line":174,"loc":{"start":{"line":174,"column":42},"end":{"line":174,"column":78}},"locations":[{"start":{"line":174,"column":42},"end":{"line":174,"column":78}}]},"8":{"type":"branch","line":176,"loc":{"start":{"line":176,"column":42},"end":{"line":176,"column":80}},"locations":[{"start":{"line":176,"column":42},"end":{"line":176,"column":80}}]},"9":{"type":"branch","line":179,"loc":{"start":{"line":179,"column":6},"end":{"line":180,"column":19}},"locations":[{"start":{"line":179,"column":6},"end":{"line":180,"column":19}}]},"10":{"type":"branch","line":6,"loc":{"start":{"line":6,"column":0},"end":{"line":21,"column":1}},"locations":[{"start":{"line":6,"column":0},"end":{"line":21,"column":1}}]},"11":{"type":"branch","line":7,"loc":{"start":{"line":7,"column":23},"end":{"line":7,"column":54}},"locations":[{"start":{"line":7,"column":23},"end":{"line":7,"column":54}}]},"12":{"type":"branch","line":7,"loc":{"start":{"line":7,"column":54},"end":{"line":13,"column":3}},"locations":[{"start":{"line":7,"column":54},"end":{"line":13,"column":3}}]},"13":{"type":"branch","line":13,"loc":{"start":{"line":13,"column":2},"end":{"line":14,"column":43}},"locations":[{"start":{"line":13,"column":2},"end":{"line":14,"column":43}}]},"14":{"type":"branch","line":14,"loc":{"start":{"line":14,"column":43},"end":{"line":20,"column":3}},"locations":[{"start":{"line":14,"column":43},"end":{"line":20,"column":3}}]},"15":{"type":"branch","line":17,"loc":{"start":{"line":17,"column":15},"end":{"line":17,"column":59}},"locations":[{"start":{"line":17,"column":15},"end":{"line":17,"column":59}}]},"16":{"type":"branch","line":23,"loc":{"start":{"line":23,"column":0},"end":{"line":30,"column":1}},"locations":[{"start":{"line":23,"column":0},"end":{"line":30,"column":1}}]},"17":{"type":"branch","line":24,"loc":{"start":{"line":24,"column":27},"end":{"line":29,"column":3}},"locations":[{"start":{"line":24,"column":27},"end":{"line":29,"column":3}}]},"18":{"type":"branch","line":29,"loc":{"start":{"line":29,"column":2},"end":{"line":30,"column":1}},"locations":[{"start":{"line":29,"column":2},"end":{"line":30,"column":1}}]},"19":{"type":"branch","line":32,"loc":{"start":{"line":32,"column":0},"end":{"line":41,"column":1}},"locations":[{"start":{"line":32,"column":0},"end":{"line":41,"column":1}}]},"20":{"type":"branch","line":33,"loc":{"start":{"line":33,"column":26},"end":{"line":39,"column":3}},"locations":[{"start":{"line":33,"column":26},"end":{"line":39,"column":3}}]},"21":{"type":"branch","line":39,"loc":{"start":{"line":39,"column":2},"end":{"line":41,"column":1}},"locations":[{"start":{"line":39,"column":2},"end":{"line":41,"column":1}}]},"22":{"type":"branch","line":43,"loc":{"start":{"line":43,"column":0},"end":{"line":53,"column":1}},"locations":[{"start":{"line":43,"column":0},"end":{"line":53,"column":1}}]},"23":{"type":"branch","line":45,"loc":{"start":{"line":45,"column":22},"end":{"line":46,"column":62}},"locations":[{"start":{"line":45,"column":22},"end":{"line":46,"column":62}}]},"24":{"type":"branch","line":46,"loc":{"start":{"line":46,"column":16},"end":{"line":46,"column":62}},"locations":[{"start":{"line":46,"column":16},"end":{"line":46,"column":62}}]},"25":{"type":"branch","line":47,"loc":{"start":{"line":47,"column":4},"end":{"line":52,"column":3}},"locations":[{"start":{"line":47,"column":4},"end":{"line":52,"column":3}}]},"26":{"type":"branch","line":55,"loc":{"start":{"line":55,"column":0},"end":{"line":63,"column":1}},"locations":[{"start":{"line":55,"column":0},"end":{"line":63,"column":1}}]},"27":{"type":"branch","line":56,"loc":{"start":{"line":56,"column":37},"end":{"line":62,"column":3}},"locations":[{"start":{"line":56,"column":37},"end":{"line":62,"column":3}}]},"28":{"type":"branch","line":65,"loc":{"start":{"line":65,"column":0},"end":{"line":72,"column":1}},"locations":[{"start":{"line":65,"column":0},"end":{"line":72,"column":1}}]},"29":{"type":"branch","line":66,"loc":{"start":{"line":66,"column":38},"end":{"line":71,"column":3}},"locations":[{"start":{"line":66,"column":38},"end":{"line":71,"column":3}}]},"30":{"type":"branch","line":74,"loc":{"start":{"line":74,"column":0},"end":{"line":109,"column":1}},"locations":[{"start":{"line":74,"column":0},"end":{"line":109,"column":1}}]},"31":{"type":"branch","line":82,"loc":{"start":{"line":82,"column":34},"end":{"line":83,"column":19}},"locations":[{"start":{"line":82,"column":34},"end":{"line":83,"column":19}}]},"32":{"type":"branch","line":83,"loc":{"start":{"line":83,"column":14},"end":{"line":84,"column":21}},"locations":[{"start":{"line":83,"column":14},"end":{"line":84,"column":21}}]},"33":{"type":"branch","line":84,"loc":{"start":{"line":84,"column":14},"end":{"line":85,"column":26}},"locations":[{"start":{"line":84,"column":14},"end":{"line":85,"column":26}}]},"34":{"type":"branch","line":85,"loc":{"start":{"line":85,"column":14},"end":{"line":86,"column":32}},"locations":[{"start":{"line":85,"column":14},"end":{"line":86,"column":32}}]},"35":{"type":"branch","line":87,"loc":{"start":{"line":87,"column":4},"end":{"line":95,"column":3}},"locations":[{"start":{"line":87,"column":4},"end":{"line":95,"column":3}}]},"36":{"type":"branch","line":91,"loc":{"start":{"line":91,"column":22},"end":{"line":92,"column":45}},"locations":[{"start":{"line":91,"column":22},"end":{"line":92,"column":45}}]},"37":{"type":"branch","line":92,"loc":{"start":{"line":92,"column":23},"end":{"line":93,"column":48}},"locations":[{"start":{"line":92,"column":23},"end":{"line":93,"column":48}}]},"38":{"type":"branch","line":95,"loc":{"start":{"line":95,"column":2},"end":{"line":99,"column":39}},"locations":[{"start":{"line":95,"column":2},"end":{"line":99,"column":39}}]},"39":{"type":"branch","line":99,"loc":{"start":{"line":99,"column":39},"end":{"line":101,"column":3}},"locations":[{"start":{"line":99,"column":39},"end":{"line":101,"column":3}}]},"40":{"type":"branch","line":101,"loc":{"start":{"line":101,"column":2},"end":{"line":103,"column":41}},"locations":[{"start":{"line":101,"column":2},"end":{"line":103,"column":41}}]},"41":{"type":"branch","line":103,"loc":{"start":{"line":103,"column":36},"end":{"line":103,"column":62}},"locations":[{"start":{"line":103,"column":36},"end":{"line":103,"column":62}}]},"42":{"type":"branch","line":103,"loc":{"start":{"line":103,"column":62},"end":{"line":105,"column":3}},"locations":[{"start":{"line":103,"column":62},"end":{"line":105,"column":3}}]},"43":{"type":"branch","line":105,"loc":{"start":{"line":105,"column":2},"end":{"line":109,"column":1}},"locations":[{"start":{"line":105,"column":2},"end":{"line":109,"column":1}}]},"44":{"type":"branch","line":111,"loc":{"start":{"line":111,"column":0},"end":{"line":119,"column":1}},"locations":[{"start":{"line":111,"column":0},"end":{"line":119,"column":1}}]},"45":{"type":"branch","line":113,"loc":{"start":{"line":113,"column":22},"end":{"line":114,"column":26}},"locations":[{"start":{"line":113,"column":22},"end":{"line":114,"column":26}}]},"46":{"type":"branch","line":114,"loc":{"start":{"line":114,"column":17},"end":{"line":115,"column":77}},"locations":[{"start":{"line":114,"column":17},"end":{"line":115,"column":77}}]},"47":{"type":"branch","line":116,"loc":{"start":{"line":116,"column":4},"end":{"line":118,"column":3}},"locations":[{"start":{"line":116,"column":4},"end":{"line":118,"column":3}}]},"48":{"type":"branch","line":121,"loc":{"start":{"line":121,"column":0},"end":{"line":139,"column":1}},"locations":[{"start":{"line":121,"column":0},"end":{"line":139,"column":1}}]},"49":{"type":"branch","line":133,"loc":{"start":{"line":133,"column":50},"end":{"line":138,"column":3}},"locations":[{"start":{"line":133,"column":50},"end":{"line":138,"column":3}}]},"50":{"type":"branch","line":141,"loc":{"start":{"line":141,"column":0},"end":{"line":148,"column":1}},"locations":[{"start":{"line":141,"column":0},"end":{"line":148,"column":1}}]},"51":{"type":"branch","line":142,"loc":{"start":{"line":142,"column":63},"end":{"line":147,"column":3}},"locations":[{"start":{"line":142,"column":63},"end":{"line":147,"column":3}}]},"52":{"type":"branch","line":150,"loc":{"start":{"line":150,"column":0},"end":{"line":153,"column":1}},"locations":[{"start":{"line":150,"column":0},"end":{"line":153,"column":1}}]}},"b":{"0":[0],"1":[0],"2":[0],"3":[0],"4":[0],"5":[0],"6":[0],"7":[0],"8":[0],"9":[0],"10":[53],"11":[52],"12":[2],"13":[51],"14":[5],"15":[4],"16":[13],"17":[7],"18":[12],"19":[5],"20":[1],"21":[4],"22":[39],"23":[23],"24":[22],"25":[1],"26":[44],"27":[1],"28":[45],"29":[2],"30":[55],"31":[53],"32":[53],"33":[53],"34":[53],"35":[2],"36":[1],"37":[1],"38":[53],"39":[4],"40":[49],"41":[4],"42":[4],"43":[45],"44":[46],"45":[0],"46":[0],"47":[0],"48":[20],"49":[6],"50":[77],"51":[5],"52":[25]},"fnMap":{"0":{"name":"validateStore","decl":{"start":{"line":6,"column":0},"end":{"line":21,"column":1}},"loc":{"start":{"line":6,"column":0},"end":{"line":21,"column":1}},"line":6},"1":{"name":"checkGroupStoreRootObject","decl":{"start":{"line":23,"column":0},"end":{"line":30,"column":1}},"loc":{"start":{"line":23,"column":0},"end":{"line":30,"column":1}},"line":23},"2":{"name":"checkOnEvent","decl":{"start":{"line":32,"column":0},"end":{"line":41,"column":1}},"loc":{"start":{"line":32,"column":0},"end":{"line":41,"column":1}},"line":32},"3":{"name":"checkStoreTarget","decl":{"start":{"line":43,"column":0},"end":{"line":53,"column":1}},"loc":{"start":{"line":43,"column":0},"end":{"line":53,"column":1}},"line":43},"4":{"name":"checkNull","decl":{"start":{"line":55,"column":0},"end":{"line":63,"column":1}},"loc":{"start":{"line":55,"column":0},"end":{"line":63,"column":1}},"line":55},"5":{"name":"checkCallback","decl":{"start":{"line":65,"column":0},"end":{"line":72,"column":1}},"loc":{"start":{"line":65,"column":0},"end":{"line":72,"column":1}},"line":65},"6":{"name":"checkListenEvent","decl":{"start":{"line":74,"column":0},"end":{"line":109,"column":1}},"loc":{"start":{"line":74,"column":0},"end":{"line":109,"column":1}},"line":74},"7":{"name":"warnProdNodeENV","decl":{"start":{"line":111,"column":0},"end":{"line":119,"column":1}},"loc":{"start":{"line":111,"column":0},"end":{"line":119,"column":1}},"line":111},"8":{"name":"checkInterceptorCall","decl":{"start":{"line":121,"column":0},"end":{"line":139,"column":1}},"loc":{"start":{"line":121,"column":0},"end":{"line":139,"column":1}},"line":121},"9":{"name":"checkConnectionToStore","decl":{"start":{"line":141,"column":0},"end":{"line":148,"column":1}},"loc":{"start":{"line":141,"column":0},"end":{"line":148,"column":1}},"line":141},"10":{"name":"utilError","decl":{"start":{"line":150,"column":0},"end":{"line":153,"column":1}},"loc":{"start":{"line":150,"column":0},"end":{"line":153,"column":1}},"line":150},"11":{"name":"_utilError","decl":{"start":{"line":156,"column":54},"end":{"line":156,"column":67}},"loc":{"start":{"line":156,"column":54},"end":{"line":156,"column":67}},"line":156},"12":{"name":"_validateStore","decl":{"start":{"line":159,"column":58},"end":{"line":159,"column":71}},"loc":{"start":{"line":159,"column":58},"end":{"line":159,"column":71}},"line":159},"13":{"name":"_checkOnEvent","decl":{"start":{"line":162,"column":57},"end":{"line":162,"column":70}},"loc":{"start":{"line":162,"column":57},"end":{"line":162,"column":70}},"line":162},"14":{"name":"_checkListenEvent","decl":{"start":{"line":165,"column":61},"end":{"line":165,"column":74}},"loc":{"start":{"line":165,"column":61},"end":{"line":165,"column":74}},"line":165},"15":{"name":"_checkStoreTarget","decl":{"start":{"line":168,"column":61},"end":{"line":168,"column":74}},"loc":{"start":{"line":168,"column":61},"end":{"line":168,"column":74}},"line":168},"16":{"name":"_checkNull","decl":{"start":{"line":170,"column":54},"end":{"line":170,"column":67}},"loc":{"start":{"line":170,"column":54},"end":{"line":170,"column":67}},"line":170},"17":{"name":"_warnProdNodeENV","decl":{"start":{"line":172,"column":60},"end":{"line":172,"column":73}},"loc":{"start":{"line":172,"column":60},"end":{"line":172,"column":73}},"line":172},"18":{"name":"_checkInterceptorCall","decl":{"start":{"line":174,"column":65},"end":{"line":174,"column":78}},"loc":{"start":{"line":174,"column":65},"end":{"line":174,"column":78}},"line":174},"19":{"name":"_checkConnectionToStore","decl":{"start":{"line":176,"column":67},"end":{"line":176,"column":80}},"loc":{"start":{"line":176,"column":67},"end":{"line":176,"column":80}},"line":176},"20":{"name":"_checkGroupStoreRootObject","decl":{"start":{"line":180,"column":6},"end":{"line":180,"column":19}},"loc":{"start":{"line":180,"column":6},"end":{"line":180,"column":19}},"line":180}},"f":{"0":53,"1":13,"2":5,"3":39,"4":44,"5":45,"6":55,"7":46,"8":20,"9":77,"10":25,"11":0,"12":0,"13":0,"14":0,"15":0,"16":0,"17":0,"18":0,"19":0,"20":0}}
,"C:\\Users\\alb03\\Documents\\Github\\packages\\store\\src\\helpers\\observable\\index.ts": {"path":"C:\\Users\\alb03\\Documents\\Github\\packages\\store\\src\\helpers\\observable\\index.ts","all":false,"statementMap":{"0":{"start":{"line":1,"column":0},"end":{"line":1,"column":43}},"1":{"start":{"line":2,"column":0},"end":{"line":2,"column":77}},"2":{"start":{"line":3,"column":0},"end":{"line":3,"column":51}},"3":{"start":{"line":4,"column":0},"end":{"line":4,"column":0}},"4":{"start":{"line":5,"column":0},"end":{"line":5,"column":33}},"5":{"start":{"line":6,"column":0},"end":{"line":6,"column":26}},"6":{"start":{"line":7,"column":0},"end":{"line":7,"column":17}},"7":{"start":{"line":8,"column":0},"end":{"line":8,"column":45}},"8":{"start":{"line":9,"column":0},"end":{"line":9,"column":0}},"9":{"start":{"line":10,"column":0},"end":{"line":10,"column":79}},"10":{"start":{"line":11,"column":0},"end":{"line":11,"column":12}},"11":{"start":{"line":12,"column":0},"end":{"line":12,"column":24}},"12":{"start":{"line":13,"column":0},"end":{"line":13,"column":22}},"13":{"start":{"line":14,"column":0},"end":{"line":14,"column":44}},"14":{"start":{"line":15,"column":0},"end":{"line":15,"column":49}},"15":{"start":{"line":16,"column":0},"end":{"line":16,"column":3}},"16":{"start":{"line":17,"column":0},"end":{"line":17,"column":0}},"17":{"start":{"line":18,"column":0},"end":{"line":18,"column":16}},"18":{"start":{"line":19,"column":0},"end":{"line":19,"column":23}},"19":{"start":{"line":20,"column":0},"end":{"line":20,"column":3}},"20":{"start":{"line":21,"column":0},"end":{"line":21,"column":0}},"21":{"start":{"line":22,"column":0},"end":{"line":22,"column":29}},"22":{"start":{"line":23,"column":0},"end":{"line":23,"column":21}},"23":{"start":{"line":24,"column":0},"end":{"line":24,"column":16}},"24":{"start":{"line":25,"column":0},"end":{"line":25,"column":12}},"25":{"start":{"line":26,"column":0},"end":{"line":26,"column":33}},"26":{"start":{"line":27,"column":0},"end":{"line":27,"column":16}},"27":{"start":{"line":28,"column":0},"end":{"line":28,"column":22}},"28":{"start":{"line":29,"column":0},"end":{"line":29,"column":32}},"29":{"start":{"line":30,"column":0},"end":{"line":30,"column":14}},"30":{"start":{"line":31,"column":0},"end":{"line":31,"column":9}},"31":{"start":{"line":32,"column":0},"end":{"line":32,"column":8}},"32":{"start":{"line":33,"column":0},"end":{"line":33,"column":18}},"33":{"start":{"line":34,"column":0},"end":{"line":34,"column":5}},"34":{"start":{"line":35,"column":0},"end":{"line":35,"column":23}},"35":{"start":{"line":36,"column":0},"end":{"line":36,"column":35}},"36":{"start":{"line":37,"column":0},"end":{"line":37,"column":57}},"37":{"start":{"line":38,"column":0},"end":{"line":38,"column":14}},"38":{"start":{"line":39,"column":0},"end":{"line":39,"column":46}},"39":{"start":{"line":40,"column":0},"end":{"line":40,"column":12}},"40":{"start":{"line":41,"column":0},"end":{"line":41,"column":27}},"41":{"start":{"line":42,"column":0},"end":{"line":42,"column":57}},"42":{"start":{"line":43,"column":0},"end":{"line":43,"column":20}},"43":{"start":{"line":44,"column":0},"end":{"line":44,"column":24}},"44":{"start":{"line":45,"column":0},"end":{"line":45,"column":37}},"45":{"start":{"line":46,"column":0},"end":{"line":46,"column":28}},"46":{"start":{"line":47,"column":0},"end":{"line":47,"column":26}},"47":{"start":{"line":48,"column":0},"end":{"line":48,"column":36}},"48":{"start":{"line":49,"column":0},"end":{"line":49,"column":18}},"49":{"start":{"line":50,"column":0},"end":{"line":50,"column":13}},"50":{"start":{"line":51,"column":0},"end":{"line":51,"column":12}},"51":{"start":{"line":52,"column":0},"end":{"line":52,"column":10}},"52":{"start":{"line":53,"column":0},"end":{"line":53,"column":57}},"53":{"start":{"line":54,"column":0},"end":{"line":54,"column":20}},"54":{"start":{"line":55,"column":0},"end":{"line":55,"column":24}},"55":{"start":{"line":56,"column":0},"end":{"line":56,"column":37}},"56":{"start":{"line":57,"column":0},"end":{"line":57,"column":28}},"57":{"start":{"line":58,"column":0},"end":{"line":58,"column":26}},"58":{"start":{"line":59,"column":0},"end":{"line":59,"column":36}},"59":{"start":{"line":60,"column":0},"end":{"line":60,"column":18}},"60":{"start":{"line":61,"column":0},"end":{"line":61,"column":13}},"61":{"start":{"line":62,"column":0},"end":{"line":62,"column":12}},"62":{"start":{"line":63,"column":0},"end":{"line":63,"column":10}},"63":{"start":{"line":64,"column":0},"end":{"line":64,"column":65}},"64":{"start":{"line":65,"column":0},"end":{"line":65,"column":20}},"65":{"start":{"line":66,"column":0},"end":{"line":66,"column":24}},"66":{"start":{"line":67,"column":0},"end":{"line":67,"column":37}},"67":{"start":{"line":68,"column":0},"end":{"line":68,"column":28}},"68":{"start":{"line":69,"column":0},"end":{"line":69,"column":26}},"69":{"start":{"line":70,"column":0},"end":{"line":70,"column":36}},"70":{"start":{"line":71,"column":0},"end":{"line":71,"column":18}},"71":{"start":{"line":72,"column":0},"end":{"line":72,"column":13}},"72":{"start":{"line":73,"column":0},"end":{"line":73,"column":12}},"73":{"start":{"line":74,"column":0},"end":{"line":74,"column":9}},"74":{"start":{"line":75,"column":0},"end":{"line":75,"column":9}},"75":{"start":{"line":76,"column":0},"end":{"line":76,"column":5}},"76":{"start":{"line":77,"column":0},"end":{"line":77,"column":16}},"77":{"start":{"line":78,"column":0},"end":{"line":78,"column":3}},"78":{"start":{"line":79,"column":0},"end":{"line":79,"column":0}},"79":{"start":{"line":80,"column":0},"end":{"line":80,"column":11}},"80":{"start":{"line":81,"column":0},"end":{"line":81,"column":49}},"81":{"start":{"line":82,"column":0},"end":{"line":82,"column":55}},"82":{"start":{"line":83,"column":0},"end":{"line":83,"column":16}},"83":{"start":{"line":84,"column":0},"end":{"line":84,"column":18}},"84":{"start":{"line":85,"column":0},"end":{"line":85,"column":19}},"85":{"start":{"line":86,"column":0},"end":{"line":86,"column":27}},"86":{"start":{"line":87,"column":0},"end":{"line":87,"column":26}},"87":{"start":{"line":88,"column":0},"end":{"line":88,"column":22}},"88":{"start":{"line":89,"column":0},"end":{"line":89,"column":7}},"89":{"start":{"line":90,"column":0},"end":{"line":90,"column":7}},"90":{"start":{"line":91,"column":0},"end":{"line":91,"column":3}},"91":{"start":{"line":92,"column":0},"end":{"line":92,"column":0}},"92":{"start":{"line":93,"column":0},"end":{"line":93,"column":20}},"93":{"start":{"line":94,"column":0},"end":{"line":94,"column":49}},"94":{"start":{"line":95,"column":0},"end":{"line":95,"column":55}},"95":{"start":{"line":96,"column":0},"end":{"line":96,"column":15}},"96":{"start":{"line":97,"column":0},"end":{"line":97,"column":18}},"97":{"start":{"line":98,"column":0},"end":{"line":98,"column":19}},"98":{"start":{"line":99,"column":0},"end":{"line":99,"column":28}},"99":{"start":{"line":100,"column":0},"end":{"line":100,"column":55}},"100":{"start":{"line":101,"column":0},"end":{"line":101,"column":34}},"101":{"start":{"line":102,"column":0},"end":{"line":102,"column":8}},"102":{"start":{"line":103,"column":0},"end":{"line":103,"column":55}},"103":{"start":{"line":104,"column":0},"end":{"line":104,"column":34}},"104":{"start":{"line":105,"column":0},"end":{"line":105,"column":8}},"105":{"start":{"line":106,"column":0},"end":{"line":106,"column":63}},"106":{"start":{"line":107,"column":0},"end":{"line":107,"column":34}},"107":{"start":{"line":108,"column":0},"end":{"line":108,"column":7}},"108":{"start":{"line":109,"column":0},"end":{"line":109,"column":7}},"109":{"start":{"line":110,"column":0},"end":{"line":110,"column":16}},"110":{"start":{"line":111,"column":0},"end":{"line":111,"column":3}},"111":{"start":{"line":112,"column":0},"end":{"line":112,"column":1}},"112":{"start":{"line":113,"column":0},"end":{"line":113,"column":0}},"113":{"start":{"line":114,"column":0},"end":{"line":114,"column":33}},"114":{"start":{"line":115,"column":0},"end":{"line":115,"column":26}},"115":{"start":{"line":116,"column":0},"end":{"line":116,"column":17}},"116":{"start":{"line":117,"column":0},"end":{"line":117,"column":45}},"117":{"start":{"line":118,"column":0},"end":{"line":118,"column":0}},"118":{"start":{"line":119,"column":0},"end":{"line":119,"column":79}},"119":{"start":{"line":120,"column":0},"end":{"line":120,"column":12}},"120":{"start":{"line":121,"column":0},"end":{"line":121,"column":24}},"121":{"start":{"line":122,"column":0},"end":{"line":122,"column":22}},"122":{"start":{"line":123,"column":0},"end":{"line":123,"column":44}},"123":{"start":{"line":124,"column":0},"end":{"line":124,"column":49}},"124":{"start":{"line":125,"column":0},"end":{"line":125,"column":3}},"125":{"start":{"line":126,"column":0},"end":{"line":126,"column":0}},"126":{"start":{"line":127,"column":0},"end":{"line":127,"column":16}},"127":{"start":{"line":128,"column":0},"end":{"line":128,"column":23}},"128":{"start":{"line":129,"column":0},"end":{"line":129,"column":3}},"129":{"start":{"line":130,"column":0},"end":{"line":130,"column":0}},"130":{"start":{"line":131,"column":0},"end":{"line":131,"column":19}},"131":{"start":{"line":132,"column":0},"end":{"line":132,"column":21}},"132":{"start":{"line":133,"column":0},"end":{"line":133,"column":16}},"133":{"start":{"line":134,"column":0},"end":{"line":134,"column":33}},"134":{"start":{"line":135,"column":0},"end":{"line":135,"column":16}},"135":{"start":{"line":136,"column":0},"end":{"line":136,"column":22}},"136":{"start":{"line":137,"column":0},"end":{"line":137,"column":32}},"137":{"start":{"line":138,"column":0},"end":{"line":138,"column":14}},"138":{"start":{"line":139,"column":0},"end":{"line":139,"column":9}},"139":{"start":{"line":140,"column":0},"end":{"line":140,"column":8}},"140":{"start":{"line":141,"column":0},"end":{"line":141,"column":18}},"141":{"start":{"line":142,"column":0},"end":{"line":142,"column":5}},"142":{"start":{"line":143,"column":0},"end":{"line":143,"column":28}},"143":{"start":{"line":144,"column":0},"end":{"line":144,"column":51}},"144":{"start":{"line":145,"column":0},"end":{"line":145,"column":57}},"145":{"start":{"line":146,"column":0},"end":{"line":146,"column":18}},"146":{"start":{"line":147,"column":0},"end":{"line":147,"column":14}},"147":{"start":{"line":148,"column":0},"end":{"line":148,"column":14}},"148":{"start":{"line":149,"column":0},"end":{"line":149,"column":27}},"149":{"start":{"line":150,"column":0},"end":{"line":150,"column":57}},"150":{"start":{"line":151,"column":0},"end":{"line":151,"column":20}},"151":{"start":{"line":152,"column":0},"end":{"line":152,"column":37}},"152":{"start":{"line":153,"column":0},"end":{"line":153,"column":28}},"153":{"start":{"line":154,"column":0},"end":{"line":154,"column":26}},"154":{"start":{"line":155,"column":0},"end":{"line":155,"column":36}},"155":{"start":{"line":156,"column":0},"end":{"line":156,"column":18}},"156":{"start":{"line":157,"column":0},"end":{"line":157,"column":13}},"157":{"start":{"line":158,"column":0},"end":{"line":158,"column":12}},"158":{"start":{"line":159,"column":0},"end":{"line":159,"column":9}},"159":{"start":{"line":160,"column":0},"end":{"line":160,"column":9}},"160":{"start":{"line":161,"column":0},"end":{"line":161,"column":5}},"161":{"start":{"line":162,"column":0},"end":{"line":162,"column":16}},"162":{"start":{"line":163,"column":0},"end":{"line":163,"column":3}},"163":{"start":{"line":164,"column":0},"end":{"line":164,"column":0}},"164":{"start":{"line":165,"column":0},"end":{"line":165,"column":11}},"165":{"start":{"line":166,"column":0},"end":{"line":166,"column":49}},"166":{"start":{"line":167,"column":0},"end":{"line":167,"column":55}},"167":{"start":{"line":168,"column":0},"end":{"line":168,"column":16}},"168":{"start":{"line":169,"column":0},"end":{"line":169,"column":18}},"169":{"start":{"line":170,"column":0},"end":{"line":170,"column":19}},"170":{"start":{"line":171,"column":0},"end":{"line":171,"column":27}},"171":{"start":{"line":172,"column":0},"end":{"line":172,"column":26}},"172":{"start":{"line":173,"column":0},"end":{"line":173,"column":22}},"173":{"start":{"line":174,"column":0},"end":{"line":174,"column":7}},"174":{"start":{"line":175,"column":0},"end":{"line":175,"column":7}},"175":{"start":{"line":176,"column":0},"end":{"line":176,"column":3}},"176":{"start":{"line":177,"column":0},"end":{"line":177,"column":0}},"177":{"start":{"line":178,"column":0},"end":{"line":178,"column":22}},"178":{"start":{"line":179,"column":0},"end":{"line":179,"column":49}},"179":{"start":{"line":180,"column":0},"end":{"line":180,"column":55}},"180":{"start":{"line":181,"column":0},"end":{"line":181,"column":16}},"181":{"start":{"line":182,"column":0},"end":{"line":182,"column":12}},"182":{"start":{"line":183,"column":0},"end":{"line":183,"column":19}},"183":{"start":{"line":184,"column":0},"end":{"line":184,"column":28}},"184":{"start":{"line":185,"column":0},"end":{"line":185,"column":55}},"185":{"start":{"line":186,"column":0},"end":{"line":186,"column":36}},"186":{"start":{"line":187,"column":0},"end":{"line":187,"column":7}},"187":{"start":{"line":188,"column":0},"end":{"line":188,"column":7}},"188":{"start":{"line":189,"column":0},"end":{"line":189,"column":16}},"189":{"start":{"line":190,"column":0},"end":{"line":190,"column":3}},"190":{"start":{"line":191,"column":0},"end":{"line":191,"column":1}},"191":{"start":{"line":192,"column":0},"end":{"line":192,"column":0}},"192":{"start":{"line":193,"column":0},"end":{"line":193,"column":40}}},"s":{"0":1,"1":1,"2":1,"3":1,"4":9,"5":9,"6":9,"7":9,"8":9,"9":9,"10":9,"11":9,"12":9,"13":9,"14":9,"15":9,"16":9,"17":9,"18":9,"19":9,"20":9,"21":9,"22":19,"23":14,"24":14,"25":14,"26":14,"27":14,"28":14,"29":14,"30":14,"31":14,"32":14,"33":14,"34":5,"35":5,"36":5,"37":5,"38":5,"39":5,"40":5,"41":5,"42":3,"43":3,"44":3,"45":3,"46":3,"47":3,"48":3,"49":3,"50":3,"51":3,"52":5,"53":1,"54":1,"55":1,"56":1,"57":1,"58":1,"59":1,"60":1,"61":1,"62":1,"63":5,"64":1,"65":1,"66":1,"67":1,"68":1,"69":1,"70":1,"71":1,"72":1,"73":1,"74":5,"75":5,"76":5,"77":19,"78":9,"79":9,"80":2,"81":2,"82":2,"83":2,"84":2,"85":2,"86":2,"87":1,"88":1,"89":2,"90":2,"91":9,"92":9,"93":3,"94":3,"95":3,"96":3,"97":3,"98":3,"99":3,"100":1,"101":1,"102":3,"103":1,"104":1,"105":3,"106":1,"107":1,"108":3,"109":3,"110":3,"111":9,"112":1,"113":9,"114":9,"115":9,"116":9,"117":9,"118":9,"119":9,"120":9,"121":9,"122":9,"123":9,"124":9,"125":9,"126":9,"127":9,"128":9,"129":9,"130":9,"131":17,"132":16,"133":16,"134":16,"135":16,"136":16,"137":16,"138":16,"139":16,"140":16,"141":16,"142":1,"143":1,"144":1,"145":1,"146":1,"147":1,"148":1,"149":1,"150":1,"151":1,"152":1,"153":1,"154":1,"155":1,"156":1,"157":1,"158":1,"159":1,"160":1,"161":1,"162":17,"163":9,"164":9,"165":1,"166":1,"167":1,"168":1,"169":1,"170":1,"171":1,"172":1,"173":1,"174":1,"175":1,"176":9,"177":9,"178":5,"179":5,"180":5,"181":5,"182":5,"183":5,"184":5,"185":3,"186":3,"187":5,"188":5,"189":5,"190":9,"191":1,"192":1},"branchMap":{"0":{"type":"branch","line":5,"loc":{"start":{"line":5,"column":0},"end":{"line":112,"column":1}},"locations":[{"start":{"line":5,"column":0},"end":{"line":112,"column":1}}]},"1":{"type":"branch","line":10,"loc":{"start":{"line":10,"column":2},"end":{"line":16,"column":3}},"locations":[{"start":{"line":10,"column":2},"end":{"line":16,"column":3}}]},"2":{"type":"branch","line":18,"loc":{"start":{"line":18,"column":2},"end":{"line":20,"column":3}},"locations":[{"start":{"line":18,"column":2},"end":{"line":20,"column":3}}]},"3":{"type":"branch","line":22,"loc":{"start":{"line":22,"column":2},"end":{"line":78,"column":3}},"locations":[{"start":{"line":22,"column":2},"end":{"line":78,"column":3}}]},"4":{"type":"branch","line":23,"loc":{"start":{"line":23,"column":20},"end":{"line":34,"column":5}},"locations":[{"start":{"line":23,"column":20},"end":{"line":34,"column":5}}]},"5":{"type":"branch","line":34,"loc":{"start":{"line":34,"column":4},"end":{"line":77,"column":16}},"locations":[{"start":{"line":34,"column":4},"end":{"line":77,"column":16}}]},"6":{"type":"branch","line":42,"loc":{"start":{"line":42,"column":21},"end":{"line":52,"column":10}},"locations":[{"start":{"line":42,"column":21},"end":{"line":52,"column":10}}]},"7":{"type":"branch","line":53,"loc":{"start":{"line":53,"column":21},"end":{"line":63,"column":10}},"locations":[{"start":{"line":53,"column":21},"end":{"line":63,"column":10}}]},"8":{"type":"branch","line":64,"loc":{"start":{"line":64,"column":29},"end":{"line":74,"column":9}},"locations":[{"start":{"line":64,"column":29},"end":{"line":74,"column":9}}]},"9":{"type":"branch","line":80,"loc":{"start":{"line":80,"column":2},"end":{"line":91,"column":3}},"locations":[{"start":{"line":80,"column":2},"end":{"line":91,"column":3}}]},"10":{"type":"branch","line":87,"loc":{"start":{"line":87,"column":19},"end":{"line":89,"column":7}},"locations":[{"start":{"line":87,"column":19},"end":{"line":89,"column":7}}]},"11":{"type":"branch","line":93,"loc":{"start":{"line":93,"column":2},"end":{"line":111,"column":3}},"locations":[{"start":{"line":93,"column":2},"end":{"line":111,"column":3}}]},"12":{"type":"branch","line":100,"loc":{"start":{"line":100,"column":19},"end":{"line":102,"column":8}},"locations":[{"start":{"line":100,"column":19},"end":{"line":102,"column":8}}]},"13":{"type":"branch","line":103,"loc":{"start":{"line":103,"column":19},"end":{"line":105,"column":8}},"locations":[{"start":{"line":103,"column":19},"end":{"line":105,"column":8}}]},"14":{"type":"branch","line":106,"loc":{"start":{"line":106,"column":27},"end":{"line":108,"column":7}},"locations":[{"start":{"line":106,"column":27},"end":{"line":108,"column":7}}]},"15":{"type":"branch","line":114,"loc":{"start":{"line":114,"column":0},"end":{"line":191,"column":1}},"locations":[{"start":{"line":114,"column":0},"end":{"line":191,"column":1}}]},"16":{"type":"branch","line":119,"loc":{"start":{"line":119,"column":2},"end":{"line":125,"column":3}},"locations":[{"start":{"line":119,"column":2},"end":{"line":125,"column":3}}]},"17":{"type":"branch","line":127,"loc":{"start":{"line":127,"column":2},"end":{"line":129,"column":3}},"locations":[{"start":{"line":127,"column":2},"end":{"line":129,"column":3}}]},"18":{"type":"branch","line":131,"loc":{"start":{"line":131,"column":2},"end":{"line":163,"column":3}},"locations":[{"start":{"line":131,"column":2},"end":{"line":163,"column":3}}]},"19":{"type":"branch","line":132,"loc":{"start":{"line":132,"column":20},"end":{"line":142,"column":5}},"locations":[{"start":{"line":132,"column":20},"end":{"line":142,"column":5}}]},"20":{"type":"branch","line":142,"loc":{"start":{"line":142,"column":4},"end":{"line":162,"column":16}},"locations":[{"start":{"line":142,"column":4},"end":{"line":162,"column":16}}]},"21":{"type":"branch","line":150,"loc":{"start":{"line":150,"column":21},"end":{"line":159,"column":9}},"locations":[{"start":{"line":150,"column":21},"end":{"line":159,"column":9}}]},"22":{"type":"branch","line":165,"loc":{"start":{"line":165,"column":2},"end":{"line":176,"column":3}},"locations":[{"start":{"line":165,"column":2},"end":{"line":176,"column":3}}]},"23":{"type":"branch","line":172,"loc":{"start":{"line":172,"column":19},"end":{"line":174,"column":7}},"locations":[{"start":{"line":172,"column":19},"end":{"line":174,"column":7}}]},"24":{"type":"branch","line":178,"loc":{"start":{"line":178,"column":2},"end":{"line":190,"column":3}},"locations":[{"start":{"line":178,"column":2},"end":{"line":190,"column":3}}]},"25":{"type":"branch","line":185,"loc":{"start":{"line":185,"column":19},"end":{"line":187,"column":7}},"locations":[{"start":{"line":185,"column":19},"end":{"line":187,"column":7}}]}},"b":{"0":[9],"1":[9],"2":[9],"3":[19],"4":[14],"5":[5],"6":[3],"7":[1],"8":[1],"9":[2],"10":[1],"11":[3],"12":[1],"13":[1],"14":[1],"15":[9],"16":[9],"17":[9],"18":[17],"19":[16],"20":[1],"21":[1],"22":[1],"23":[1],"24":[5],"25":[3]},"fnMap":{"0":{"name":"<instance_members_initializer>","decl":{"start":{"line":5,"column":0},"end":{"line":112,"column":1}},"loc":{"start":{"line":5,"column":0},"end":{"line":112,"column":1}},"line":5},"1":{"name":"ObservableMap","decl":{"start":{"line":10,"column":2},"end":{"line":16,"column":3}},"loc":{"start":{"line":10,"column":2},"end":{"line":16,"column":3}},"line":10},"2":{"name":"finishInit","decl":{"start":{"line":18,"column":2},"end":{"line":20,"column":3}},"loc":{"start":{"line":18,"column":2},"end":{"line":20,"column":3}},"line":18},"3":{"name":"set","decl":{"start":{"line":22,"column":2},"end":{"line":78,"column":3}},"loc":{"start":{"line":22,"column":2},"end":{"line":78,"column":3}},"line":22},"4":{"name":"allowAction","decl":{"start":{"line":42,"column":21},"end":{"line":52,"column":10}},"loc":{"start":{"line":42,"column":21},"end":{"line":52,"column":10}},"line":42},"5":{"name":"overrideKey","decl":{"start":{"line":53,"column":21},"end":{"line":63,"column":10}},"loc":{"start":{"line":53,"column":21},"end":{"line":63,"column":10}},"line":53},"6":{"name":"overrideKeyAndValue","decl":{"start":{"line":64,"column":29},"end":{"line":74,"column":9}},"loc":{"start":{"line":64,"column":29},"end":{"line":74,"column":9}},"line":64},"7":{"name":"clear","decl":{"start":{"line":80,"column":2},"end":{"line":91,"column":3}},"loc":{"start":{"line":80,"column":2},"end":{"line":91,"column":3}},"line":80},"8":{"name":"allowAction","decl":{"start":{"line":87,"column":19},"end":{"line":89,"column":7}},"loc":{"start":{"line":87,"column":19},"end":{"line":89,"column":7}},"line":87},"9":{"name":"delete","decl":{"start":{"line":93,"column":2},"end":{"line":111,"column":3}},"loc":{"start":{"line":93,"column":2},"end":{"line":111,"column":3}},"line":93},"10":{"name":"allowAction","decl":{"start":{"line":100,"column":19},"end":{"line":102,"column":8}},"loc":{"start":{"line":100,"column":19},"end":{"line":102,"column":8}},"line":100},"11":{"name":"overrideKey","decl":{"start":{"line":103,"column":19},"end":{"line":105,"column":8}},"loc":{"start":{"line":103,"column":19},"end":{"line":105,"column":8}},"line":103},"12":{"name":"overrideKeyAndValue","decl":{"start":{"line":106,"column":27},"end":{"line":108,"column":7}},"loc":{"start":{"line":106,"column":27},"end":{"line":108,"column":7}},"line":106},"13":{"name":"<instance_members_initializer>","decl":{"start":{"line":114,"column":0},"end":{"line":191,"column":1}},"loc":{"start":{"line":114,"column":0},"end":{"line":191,"column":1}},"line":114},"14":{"name":"ObservableSet","decl":{"start":{"line":119,"column":2},"end":{"line":125,"column":3}},"loc":{"start":{"line":119,"column":2},"end":{"line":125,"column":3}},"line":119},"15":{"name":"finishInit","decl":{"start":{"line":127,"column":2},"end":{"line":129,"column":3}},"loc":{"start":{"line":127,"column":2},"end":{"line":129,"column":3}},"line":127},"16":{"name":"add","decl":{"start":{"line":131,"column":2},"end":{"line":163,"column":3}},"loc":{"start":{"line":131,"column":2},"end":{"line":163,"column":3}},"line":131},"17":{"name":"allowAction","decl":{"start":{"line":150,"column":21},"end":{"line":159,"column":9}},"loc":{"start":{"line":150,"column":21},"end":{"line":159,"column":9}},"line":150},"18":{"name":"clear","decl":{"start":{"line":165,"column":2},"end":{"line":176,"column":3}},"loc":{"start":{"line":165,"column":2},"end":{"line":176,"column":3}},"line":165},"19":{"name":"allowAction","decl":{"start":{"line":172,"column":19},"end":{"line":174,"column":7}},"loc":{"start":{"line":172,"column":19},"end":{"line":174,"column":7}},"line":172},"20":{"name":"delete","decl":{"start":{"line":178,"column":2},"end":{"line":190,"column":3}},"loc":{"start":{"line":178,"column":2},"end":{"line":190,"column":3}},"line":178},"21":{"name":"allowAction","decl":{"start":{"line":185,"column":19},"end":{"line":187,"column":7}},"loc":{"start":{"line":185,"column":19},"end":{"line":187,"column":7}},"line":185}},"f":{"0":9,"1":9,"2":9,"3":19,"4":3,"5":1,"6":1,"7":2,"8":1,"9":3,"10":1,"11":1,"12":1,"13":9,"14":9,"15":9,"16":17,"17":1,"18":1,"19":1,"20":5,"21":3}}
,"C:\\Users\\alb03\\Documents\\Github\\packages\\store\\src\\helpers\\store\\index.ts": {"path":"C:\\Users\\alb03\\Documents\\Github\\packages\\store\\src\\helpers\\store\\index.ts","all":false,"statementMap":{"0":{"start":{"line":1,"column":0},"end":{"line":1,"column":51}},"1":{"start":{"line":2,"column":0},"end":{"line":2,"column":47}},"2":{"start":{"line":3,"column":0},"end":{"line":3,"column":0}},"3":{"start":{"line":4,"column":0},"end":{"line":4,"column":13}},"4":{"start":{"line":5,"column":0},"end":{"line":5,"column":31}},"5":{"start":{"line":6,"column":0},"end":{"line":6,"column":38}},"6":{"start":{"line":7,"column":0},"end":{"line":7,"column":53}},"7":{"start":{"line":8,"column":0},"end":{"line":8,"column":29}},"8":{"start":{"line":9,"column":0},"end":{"line":9,"column":36}},"9":{"start":{"line":10,"column":0},"end":{"line":10,"column":0}},"10":{"start":{"line":11,"column":0},"end":{"line":11,"column":17}},"11":{"start":{"line":12,"column":0},"end":{"line":12,"column":50}},"12":{"start":{"line":13,"column":0},"end":{"line":13,"column":21}},"13":{"start":{"line":14,"column":0},"end":{"line":14,"column":28}},"14":{"start":{"line":15,"column":0},"end":{"line":15,"column":35}},"15":{"start":{"line":16,"column":0},"end":{"line":16,"column":28}},"16":{"start":{"line":17,"column":0},"end":{"line":17,"column":37}},"17":{"start":{"line":18,"column":0},"end":{"line":18,"column":51}},"18":{"start":{"line":19,"column":0},"end":{"line":19,"column":3}},"19":{"start":{"line":20,"column":0},"end":{"line":20,"column":0}},"20":{"start":{"line":21,"column":0},"end":{"line":21,"column":25}},"21":{"start":{"line":22,"column":0},"end":{"line":22,"column":33}},"22":{"start":{"line":23,"column":0},"end":{"line":23,"column":3}},"23":{"start":{"line":24,"column":0},"end":{"line":24,"column":0}},"24":{"start":{"line":25,"column":0},"end":{"line":25,"column":15}},"25":{"start":{"line":26,"column":0},"end":{"line":26,"column":23}},"26":{"start":{"line":27,"column":0},"end":{"line":27,"column":3}},"27":{"start":{"line":28,"column":0},"end":{"line":28,"column":0}},"28":{"start":{"line":29,"column":0},"end":{"line":29,"column":22}},"29":{"start":{"line":30,"column":0},"end":{"line":30,"column":30}},"30":{"start":{"line":31,"column":0},"end":{"line":31,"column":3}},"31":{"start":{"line":32,"column":0},"end":{"line":32,"column":0}},"32":{"start":{"line":33,"column":0},"end":{"line":33,"column":29}},"33":{"start":{"line":34,"column":0},"end":{"line":34,"column":37}},"34":{"start":{"line":35,"column":0},"end":{"line":35,"column":3}},"35":{"start":{"line":36,"column":0},"end":{"line":36,"column":0}},"36":{"start":{"line":37,"column":0},"end":{"line":37,"column":17}},"37":{"start":{"line":38,"column":0},"end":{"line":38,"column":30}},"38":{"start":{"line":39,"column":0},"end":{"line":39,"column":3}},"39":{"start":{"line":40,"column":0},"end":{"line":40,"column":0}},"40":{"start":{"line":41,"column":0},"end":{"line":41,"column":39}},"41":{"start":{"line":42,"column":0},"end":{"line":42,"column":26}},"42":{"start":{"line":43,"column":0},"end":{"line":43,"column":28}},"43":{"start":{"line":44,"column":0},"end":{"line":44,"column":65}},"44":{"start":{"line":45,"column":0},"end":{"line":45,"column":35}},"45":{"start":{"line":46,"column":0},"end":{"line":46,"column":40}},"46":{"start":{"line":47,"column":0},"end":{"line":47,"column":44}},"47":{"start":{"line":48,"column":0},"end":{"line":48,"column":63}},"48":{"start":{"line":49,"column":0},"end":{"line":49,"column":38}},"49":{"start":{"line":50,"column":0},"end":{"line":50,"column":14}},"50":{"start":{"line":51,"column":0},"end":{"line":51,"column":36}},"51":{"start":{"line":52,"column":0},"end":{"line":52,"column":7}},"52":{"start":{"line":53,"column":0},"end":{"line":53,"column":5}},"53":{"start":{"line":54,"column":0},"end":{"line":54,"column":30}},"54":{"start":{"line":55,"column":0},"end":{"line":55,"column":3}},"55":{"start":{"line":56,"column":0},"end":{"line":56,"column":0}},"56":{"start":{"line":57,"column":0},"end":{"line":57,"column":24}},"57":{"start":{"line":58,"column":0},"end":{"line":58,"column":31}},"58":{"start":{"line":59,"column":0},"end":{"line":59,"column":3}},"59":{"start":{"line":60,"column":0},"end":{"line":60,"column":0}},"60":{"start":{"line":61,"column":0},"end":{"line":61,"column":30}},"61":{"start":{"line":62,"column":0},"end":{"line":62,"column":43}},"62":{"start":{"line":63,"column":0},"end":{"line":63,"column":68}},"63":{"start":{"line":64,"column":0},"end":{"line":64,"column":44}},"64":{"start":{"line":65,"column":0},"end":{"line":65,"column":8}},"65":{"start":{"line":66,"column":0},"end":{"line":66,"column":61}},"66":{"start":{"line":67,"column":0},"end":{"line":67,"column":44}},"67":{"start":{"line":68,"column":0},"end":{"line":68,"column":11}},"68":{"start":{"line":69,"column":0},"end":{"line":69,"column":69}},"69":{"start":{"line":70,"column":0},"end":{"line":70,"column":40}},"70":{"start":{"line":71,"column":0},"end":{"line":71,"column":49}},"71":{"start":{"line":72,"column":0},"end":{"line":72,"column":0}},"72":{"start":{"line":73,"column":0},"end":{"line":73,"column":48}},"73":{"start":{"line":74,"column":0},"end":{"line":74,"column":59}},"74":{"start":{"line":75,"column":0},"end":{"line":75,"column":34}},"75":{"start":{"line":76,"column":0},"end":{"line":76,"column":21}},"76":{"start":{"line":77,"column":0},"end":{"line":77,"column":29}},"77":{"start":{"line":78,"column":0},"end":{"line":78,"column":8}},"78":{"start":{"line":79,"column":0},"end":{"line":79,"column":41}},"79":{"start":{"line":80,"column":0},"end":{"line":80,"column":45}},"80":{"start":{"line":81,"column":0},"end":{"line":81,"column":124}},"81":{"start":{"line":82,"column":0},"end":{"line":82,"column":62}},"82":{"start":{"line":83,"column":0},"end":{"line":83,"column":49}},"83":{"start":{"line":84,"column":0},"end":{"line":84,"column":93}},"84":{"start":{"line":85,"column":0},"end":{"line":85,"column":79}},"85":{"start":{"line":86,"column":0},"end":{"line":86,"column":11}},"86":{"start":{"line":87,"column":0},"end":{"line":87,"column":41}},"87":{"start":{"line":88,"column":0},"end":{"line":88,"column":47}},"88":{"start":{"line":89,"column":0},"end":{"line":89,"column":49}},"89":{"start":{"line":90,"column":0},"end":{"line":90,"column":92}},"90":{"start":{"line":91,"column":0},"end":{"line":91,"column":71}},"91":{"start":{"line":92,"column":0},"end":{"line":92,"column":63}},"92":{"start":{"line":93,"column":0},"end":{"line":93,"column":32}},"93":{"start":{"line":94,"column":0},"end":{"line":94,"column":12}},"94":{"start":{"line":95,"column":0},"end":{"line":95,"column":9}},"95":{"start":{"line":96,"column":0},"end":{"line":96,"column":7}},"96":{"start":{"line":97,"column":0},"end":{"line":97,"column":5}},"97":{"start":{"line":98,"column":0},"end":{"line":98,"column":63}},"98":{"start":{"line":99,"column":0},"end":{"line":99,"column":3}},"99":{"start":{"line":100,"column":0},"end":{"line":100,"column":0}},"100":{"start":{"line":101,"column":0},"end":{"line":101,"column":28}},"101":{"start":{"line":102,"column":0},"end":{"line":102,"column":28}},"102":{"start":{"line":103,"column":0},"end":{"line":103,"column":3}},"103":{"start":{"line":104,"column":0},"end":{"line":104,"column":0}},"104":{"start":{"line":105,"column":0},"end":{"line":105,"column":27}},"105":{"start":{"line":106,"column":0},"end":{"line":106,"column":6}},"106":{"start":{"line":107,"column":0},"end":{"line":107,"column":59}},"107":{"start":{"line":108,"column":0},"end":{"line":108,"column":42}},"108":{"start":{"line":109,"column":0},"end":{"line":109,"column":9}},"109":{"start":{"line":110,"column":0},"end":{"line":110,"column":68}},"110":{"start":{"line":111,"column":0},"end":{"line":111,"column":31}},"111":{"start":{"line":112,"column":0},"end":{"line":112,"column":40}},"112":{"start":{"line":113,"column":0},"end":{"line":113,"column":0}},"113":{"start":{"line":114,"column":0},"end":{"line":114,"column":39}},"114":{"start":{"line":115,"column":0},"end":{"line":115,"column":50}},"115":{"start":{"line":116,"column":0},"end":{"line":116,"column":25}},"116":{"start":{"line":117,"column":0},"end":{"line":117,"column":9}},"117":{"start":{"line":118,"column":0},"end":{"line":118,"column":27}},"118":{"start":{"line":119,"column":0},"end":{"line":119,"column":6}},"119":{"start":{"line":120,"column":0},"end":{"line":120,"column":45}},"120":{"start":{"line":121,"column":0},"end":{"line":121,"column":35}},"121":{"start":{"line":122,"column":0},"end":{"line":122,"column":58}},"122":{"start":{"line":123,"column":0},"end":{"line":123,"column":36}},"123":{"start":{"line":124,"column":0},"end":{"line":124,"column":45}},"124":{"start":{"line":125,"column":0},"end":{"line":125,"column":9}},"125":{"start":{"line":126,"column":0},"end":{"line":126,"column":50}},"126":{"start":{"line":127,"column":0},"end":{"line":127,"column":53}},"127":{"start":{"line":128,"column":0},"end":{"line":128,"column":48}},"128":{"start":{"line":129,"column":0},"end":{"line":129,"column":60}},"129":{"start":{"line":130,"column":0},"end":{"line":130,"column":47}},"130":{"start":{"line":131,"column":0},"end":{"line":131,"column":23}},"131":{"start":{"line":132,"column":0},"end":{"line":132,"column":8}},"132":{"start":{"line":133,"column":0},"end":{"line":133,"column":5}},"133":{"start":{"line":134,"column":0},"end":{"line":134,"column":69}},"134":{"start":{"line":135,"column":0},"end":{"line":135,"column":3}},"135":{"start":{"line":136,"column":0},"end":{"line":136,"column":1}},"136":{"start":{"line":137,"column":0},"end":{"line":137,"column":0}},"137":{"start":{"line":138,"column":0},"end":{"line":138,"column":34}}},"s":{"0":1,"1":1,"2":1,"3":1,"4":1,"5":1,"6":1,"7":1,"8":1,"9":1,"10":1,"11":39,"12":39,"13":39,"14":39,"15":39,"16":39,"17":39,"18":39,"19":1,"20":1,"21":39,"22":39,"23":1,"24":1,"25":12,"26":12,"27":1,"28":1,"29":27,"30":27,"31":1,"32":1,"33":27,"34":27,"35":1,"36":1,"37":12,"38":12,"39":1,"40":1,"41":33,"42":33,"43":33,"44":33,"45":117,"46":117,"47":63,"48":63,"49":107,"50":54,"51":54,"52":117,"53":33,"54":33,"55":1,"56":1,"57":12,"58":12,"59":1,"60":1,"61":12,"62":6,"63":6,"64":6,"65":6,"66":6,"67":6,"68":6,"69":6,"70":6,"71":6,"72":6,"73":6,"74":6,"75":6,"76":6,"77":6,"78":6,"79":6,"80":6,"81":6,"82":6,"83":6,"84":6,"85":6,"86":6,"87":4,"88":4,"89":4,"90":4,"91":2,"92":2,"93":2,"94":4,"95":6,"96":6,"97":12,"98":12,"99":1,"100":1,"101":27,"102":27,"103":1,"104":1,"105":27,"106":27,"107":27,"108":27,"109":27,"110":27,"111":27,"112":27,"113":27,"114":27,"115":27,"116":27,"117":27,"118":27,"119":27,"120":27,"121":27,"122":27,"123":27,"124":27,"125":27,"126":59,"127":59,"128":59,"129":39,"130":39,"131":39,"132":59,"133":27,"134":27,"135":1,"136":1,"137":1},"branchMap":{"0":{"type":"branch","line":11,"loc":{"start":{"line":11,"column":2},"end":{"line":19,"column":3}},"locations":[{"start":{"line":11,"column":2},"end":{"line":19,"column":3}}]},"1":{"type":"branch","line":21,"loc":{"start":{"line":21,"column":2},"end":{"line":23,"column":3}},"locations":[{"start":{"line":21,"column":2},"end":{"line":23,"column":3}}]},"2":{"type":"branch","line":25,"loc":{"start":{"line":25,"column":2},"end":{"line":27,"column":3}},"locations":[{"start":{"line":25,"column":2},"end":{"line":27,"column":3}}]},"3":{"type":"branch","line":29,"loc":{"start":{"line":29,"column":2},"end":{"line":31,"column":3}},"locations":[{"start":{"line":29,"column":2},"end":{"line":31,"column":3}}]},"4":{"type":"branch","line":33,"loc":{"start":{"line":33,"column":2},"end":{"line":35,"column":3}},"locations":[{"start":{"line":33,"column":2},"end":{"line":35,"column":3}}]},"5":{"type":"branch","line":37,"loc":{"start":{"line":37,"column":2},"end":{"line":39,"column":3}},"locations":[{"start":{"line":37,"column":2},"end":{"line":39,"column":3}}]},"6":{"type":"branch","line":41,"loc":{"start":{"line":41,"column":2},"end":{"line":55,"column":3}},"locations":[{"start":{"line":41,"column":2},"end":{"line":55,"column":3}}]},"7":{"type":"branch","line":45,"loc":{"start":{"line":45,"column":34},"end":{"line":53,"column":5}},"locations":[{"start":{"line":45,"column":34},"end":{"line":53,"column":5}}]},"8":{"type":"branch","line":47,"loc":{"start":{"line":47,"column":43},"end":{"line":52,"column":7}},"locations":[{"start":{"line":47,"column":43},"end":{"line":52,"column":7}}]},"9":{"type":"branch","line":47,"loc":{"start":{"line":47,"column":43},"end":{"line":50,"column":13}},"locations":[{"start":{"line":47,"column":43},"end":{"line":50,"column":13}}]},"10":{"type":"branch","line":50,"loc":{"start":{"line":50,"column":6},"end":{"line":52,"column":7}},"locations":[{"start":{"line":50,"column":6},"end":{"line":52,"column":7}}]},"11":{"type":"branch","line":57,"loc":{"start":{"line":57,"column":2},"end":{"line":59,"column":3}},"locations":[{"start":{"line":57,"column":2},"end":{"line":59,"column":3}}]},"12":{"type":"branch","line":61,"loc":{"start":{"line":61,"column":2},"end":{"line":99,"column":3}},"locations":[{"start":{"line":61,"column":2},"end":{"line":99,"column":3}}]},"13":{"type":"branch","line":62,"loc":{"start":{"line":62,"column":42},"end":{"line":97,"column":5}},"locations":[{"start":{"line":62,"column":42},"end":{"line":97,"column":5}}]},"14":{"type":"branch","line":87,"loc":{"start":{"line":87,"column":40},"end":{"line":95,"column":9}},"locations":[{"start":{"line":87,"column":40},"end":{"line":95,"column":9}}]},"15":{"type":"branch","line":91,"loc":{"start":{"line":91,"column":50},"end":{"line":94,"column":12}},"locations":[{"start":{"line":91,"column":50},"end":{"line":94,"column":12}}]},"16":{"type":"branch","line":101,"loc":{"start":{"line":101,"column":2},"end":{"line":103,"column":3}},"locations":[{"start":{"line":101,"column":2},"end":{"line":103,"column":3}}]},"17":{"type":"branch","line":105,"loc":{"start":{"line":105,"column":2},"end":{"line":135,"column":3}},"locations":[{"start":{"line":105,"column":2},"end":{"line":135,"column":3}}]},"18":{"type":"branch","line":126,"loc":{"start":{"line":126,"column":49},"end":{"line":133,"column":5}},"locations":[{"start":{"line":126,"column":49},"end":{"line":133,"column":5}}]},"19":{"type":"branch","line":129,"loc":{"start":{"line":129,"column":39},"end":{"line":132,"column":8}},"locations":[{"start":{"line":129,"column":39},"end":{"line":132,"column":8}}]}},"b":{"0":[39],"1":[39],"2":[12],"3":[27],"4":[27],"5":[12],"6":[33],"7":[117],"8":[107],"9":[63],"10":[54],"11":[12],"12":[12],"13":[6],"14":[4],"15":[2],"16":[27],"17":[27],"18":[59],"19":[39]},"fnMap":{"0":{"name":"Store","decl":{"start":{"line":11,"column":2},"end":{"line":19,"column":3}},"loc":{"start":{"line":11,"column":2},"end":{"line":19,"column":3}},"line":11},"1":{"name":"get storeController","decl":{"start":{"line":21,"column":2},"end":{"line":23,"column":3}},"loc":{"start":{"line":21,"column":2},"end":{"line":23,"column":3}},"line":21},"2":{"name":"get store","decl":{"start":{"line":25,"column":2},"end":{"line":27,"column":3}},"loc":{"start":{"line":25,"column":2},"end":{"line":27,"column":3}},"line":25},"3":{"name":"get privateStore","decl":{"start":{"line":29,"column":2},"end":{"line":31,"column":3}},"loc":{"start":{"line":29,"column":2},"end":{"line":31,"column":3}},"line":29},"4":{"name":"get privateStoreActions","decl":{"start":{"line":33,"column":2},"end":{"line":35,"column":3}},"loc":{"start":{"line":33,"column":2},"end":{"line":35,"column":3}},"line":33},"5":{"name":"get actions","decl":{"start":{"line":37,"column":2},"end":{"line":39,"column":3}},"loc":{"start":{"line":37,"column":2},"end":{"line":39,"column":3}},"line":37},"6":{"name":"#separateActionsAndData","decl":{"start":{"line":41,"column":2},"end":{"line":55,"column":3}},"loc":{"start":{"line":41,"column":2},"end":{"line":55,"column":3}},"line":41},"7":{"name":"init","decl":{"start":{"line":57,"column":2},"end":{"line":59,"column":3}},"loc":{"start":{"line":57,"column":2},"end":{"line":59,"column":3}},"line":57},"8":{"name":"#groupInit","decl":{"start":{"line":61,"column":2},"end":{"line":99,"column":3}},"loc":{"start":{"line":61,"column":2},"end":{"line":99,"column":3}},"line":61},"9":{"name":"_StoreActions.<computed>.<computed>","decl":{"start":{"line":91,"column":50},"end":{"line":94,"column":12}},"loc":{"start":{"line":91,"column":50},"end":{"line":94,"column":12}},"line":91},"10":{"name":"initPrivate","decl":{"start":{"line":101,"column":2},"end":{"line":103,"column":3}},"loc":{"start":{"line":101,"column":2},"end":{"line":103,"column":3}},"line":101},"11":{"name":"#sliceInit","decl":{"start":{"line":105,"column":2},"end":{"line":135,"column":3}},"loc":{"start":{"line":105,"column":2},"end":{"line":135,"column":3}},"line":105},"12":{"name":"_privateStoreActions.<computed>","decl":{"start":{"line":129,"column":39},"end":{"line":132,"column":8}},"loc":{"start":{"line":129,"column":39},"end":{"line":132,"column":8}},"line":129}},"f":{"0":39,"1":39,"2":12,"3":27,"4":27,"5":12,"6":33,"7":12,"8":12,"9":2,"10":27,"11":27,"12":39}}
[...]
"line":303,"column":56}}]},"72":{"type":"branch","line":303,"loc":{"start":{"line":303,"column":49},"end":{"line":304,"column":58}},"locations":[{"start":{"line":303,"column":49},"end":{"line":304,"column":58}}]},"73":{"type":"branch","line":304,"loc":{"start":{"line":304,"column":25},"end":{"line":304,"column":58}},"locations":[{"start":{"line":304,"column":25},"end":{"line":304,"column":58}}]},"74":{"type":"branch","line":304,"loc":{"start":{"line":304,"column":50},"end":{"line":305,"column":31}},"locations":[{"start":{"line":304,"column":50},"end":{"line":305,"column":31}}]},"75":{"type":"branch","line":306,"loc":{"start":{"line":306,"column":4},"end":{"line":318,"column":3}},"locations":[{"start":{"line":306,"column":4},"end":{"line":318,"column":3}}]},"76":{"type":"branch","line":309,"loc":{"start":{"line":309,"column":42},"end":{"line":316,"column":5}},"locations":[{"start":{"line":309,"column":42},"end":{"line":316,"column":5}}]},"77":{"type":"branch","line":313,"loc":{"start":{"line":313,"column":20},"end":{"line":315,"column":7}},"locations":[{"start":{"line":313,"column":20},"end":{"line":315,"column":7}}]},"78":{"type":"branch","line":318,"loc":{"start":{"line":318,"column":2},"end":{"line":320,"column":43}},"locations":[{"start":{"line":318,"column":2},"end":{"line":320,"column":43}}]},"79":{"type":"branch","line":320,"loc":{"start":{"line":320,"column":32},"end":{"line":321,"column":43}},"locations":[{"start":{"line":320,"column":32},"end":{"line":321,"column":43}}]},"80":{"type":"branch","line":321,"loc":{"start":{"line":321,"column":32},"end":{"line":322,"column":61}},"locations":[{"start":{"line":321,"column":32},"end":{"line":322,"column":61}}]},"81":{"type":"branch","line":323,"loc":{"start":{"line":323,"column":4},"end":{"line":332,"column":3}},"locations":[{"start":{"line":323,"column":4},"end":{"line":332,"column":3}}]},"82":{"type":"branch","line":325,"loc":{"start":{"line":325,"column":52},"end":{"line":330,"column":5}},"locations":[{"start":{"line":325,"column":52},"end":{"line":330,"column":5}}]},"83":{"type":"branch","line":327,"loc":{"start":{"line":327,"column":20},"end":{"line":329,"column":7}},"locations":[{"start":{"line":327,"column":20},"end":{"line":329,"column":7}}]},"84":{"type":"branch","line":332,"loc":{"start":{"line":332,"column":2},"end":{"line":334,"column":1}},"locations":[{"start":{"line":332,"column":2},"end":{"line":334,"column":1}}]},"85":{"type":"branch","line":336,"loc":{"start":{"line":336,"column":7},"end":{"line":366,"column":1}},"locations":[{"start":{"line":336,"column":7},"end":{"line":366,"column":1}}]},"86":{"type":"branch","line":345,"loc":{"start":{"line":345,"column":25},"end":{"line":347,"column":3}},"locations":[{"start":{"line":345,"column":25},"end":{"line":347,"column":3}}]},"87":{"type":"branch","line":347,"loc":{"start":{"line":347,"column":2},"end":{"line":349,"column":25}},"locations":[{"start":{"line":347,"column":2},"end":{"line":349,"column":25}}]},"88":{"type":"branch","line":349,"loc":{"start":{"line":349,"column":25},"end":{"line":351,"column":3}},"locations":[{"start":{"line":349,"column":25},"end":{"line":351,"column":3}}]},"89":{"type":"branch","line":351,"loc":{"start":{"line":351,"column":2},"end":{"line":353,"column":27}},"locations":[{"start":{"line":351,"column":2},"end":{"line":353,"column":27}}]},"90":{"type":"branch","line":353,"loc":{"start":{"line":353,"column":19},"end":{"line":353,"column":48}},"locations":[{"start":{"line":353,"column":19},"end":{"line":353,"column":48}}]},"91":{"type":"branch","line":353,"loc":{"start":{"line":353,"column":48},"end":{"line":355,"column":3}},"locations":[{"start":{"line":353,"column":48},"end":{"line":355,"column":3}}]},"92":{"type":"branch","line":354,"loc":{"start":{"line":354,"column":11},"end":{"line":354,"column":40}},"locations":[{"start":{"line":354,"column":11},"end":{"line":354,"column":40}}]},"93":{"type":"branch","line":354,"loc":{"start":{"line":354,"column":30},"end":{"line":354,"column":64}},"locations":[{"start":{"line":354,"column":30},"end":{"line":354,"column":64}}]},"94":{"type":"branch","line":355,"loc":{"start":{"line":355,"column":2},"end":{"line":357,"column":27}},"locations":[{"start":{"line":355,"column":2},"end":{"line":357,"column":27}}]},"95":{"type":"branch","line":357,"loc":{"start":{"line":357,"column":19},"end":{"line":357,"column":48}},"locations":[{"start":{"line":357,"column":19},"end":{"line":357,"column":48}}]},"96":{"type":"branch","line":357,"loc":{"start":{"line":357,"column":48},"end":{"line":361,"column":3}},"locations":[{"start":{"line":357,"column":48},"end":{"line":361,"column":3}}]},"97":{"type":"branch","line":358,"loc":{"start":{"line":358,"column":11},"end":{"line":359,"column":45}},"locations":[{"start":{"line":358,"column":11},"end":{"line":359,"column":45}}]},"98":{"type":"branch","line":359,"loc":{"start":{"line":359,"column":44},"end":{"line":360,"column":56}},"locations":[{"start":{"line":359,"column":44},"end":{"line":360,"column":56}}]},"99":{"type":"branch","line":361,"loc":{"start":{"line":361,"column":2},"end":{"line":366,"column":1}},"locations":[{"start":{"line":361,"column":2},"end":{"line":366,"column":1}}]},"100":{"type":"branch","line":368,"loc":{"start":{"line":368,"column":7},"end":{"line":406,"column":1}},"locations":[{"start":{"line":368,"column":7},"end":{"line":406,"column":1}}]},"101":{"type":"branch","line":378,"loc":{"start":{"line":378,"column":34},"end":{"line":391,"column":3}},"locations":[{"start":{"line":378,"column":34},"end":{"line":391,"column":3}}]},"102":{"type":"branch","line":379,"loc":{"start":{"line":379,"column":29},"end":{"line":382,"column":5}},"locations":[{"start":{"line":379,"column":29},"end":{"line":382,"column":5}}]},"103":{"type":"branch","line":381,"loc":{"start":{"line":381,"column":14},"end":{"line":381,"column":64}},"locations":[{"start":{"line":381,"column":14},"end":{"line":381,"column":64}}]},"104":{"type":"branch","line":381,"loc":{"start":{"line":381,"column":39},"end":{"line":381,"column":52}},"locations":[{"start":{"line":381,"column":39},"end":{"line":381,"column":52}}]},"105":{"type":"branch","line":381,"loc":{"start":{"line":381,"column":46},"end":{"line":381,"column":64}},"locations":[{"start":{"line":381,"column":46},"end":{"line":381,"column":64}}]},"106":{"type":"branch","line":381,"loc":{"start":{"line":381,"column":52},"end":{"line":381,"column":68}},"locations":[{"start":{"line":381,"column":52},"end":{"line":381,"column":68}}]},"107":{"type":"branch","line":383,"loc":{"start":{"line":383,"column":29},"end":{"line":390,"column":5}},"locations":[{"start":{"line":383,"column":29},"end":{"line":390,"column":5}}]},"108":{"type":"branch","line":384,"loc":{"start":{"line":384,"column":34},"end":{"line":384,"column":67}},"locations":[{"start":{"line":384,"column":34},"end":{"line":384,"column":67}}]},"109":{"type":"branch","line":385,"loc":{"start":{"line":385,"column":14},"end":{"line":388,"column":20}},"locations":[{"start":{"line":385,"column":14},"end":{"line":388,"column":20}}]},"110":{"type":"branch","line":386,"loc":{"start":{"line":386,"column":30},"end":{"line":386,"column":55}},"locations":[{"start":{"line":386,"column":30},"end":{"line":386,"column":55}}]},"111":{"type":"branch","line":386,"loc":{"start":{"line":386,"column":51},"end":{"line":387,"column":15}},"locations":[{"start":{"line":386,"column":51},"end":{"line":387,"column":15}}]},"112":{"type":"branch","line":387,"loc":{"start":{"line":387,"column":12},"end":{"line":388,"column":20}},"locations":[{"start":{"line":387,"column":12},"end":{"line":388,"column":20}}]},"113":{"type":"branch","line":388,"loc":{"start":{"line":388,"column":12},"end":{"line":389,"column":14}},"locations":[{"start":{"line":388,"column":12},"end":{"line":389,"column":14}}]},"114":{"type":"branch","line":392,"loc":{"start":{"line":392,"column":34},"end":{"line":404,"column":3}},"locations":[{"start":{"line":392,"column":34},"end":{"line":404,"column":3}}]},"115":{"type":"branch","line":393,"loc":{"start":{"line":393,"column":29},"end":{"line":396,"column":5}},"locations":[{"start":{"line":393,"column":29},"end":{"line":396,"column":5}}]},"116":{"type":"branch","line":395,"loc":{"start":{"line":395,"column":27},"end":{"line":395,"column":41}},"locations":[{"start":{"line":395,"column":27},"end":{"line":395,"column":41}}]},"117":{"type":"branch","line":395,"loc":{"start":{"line":395,"column":34},"end":{"line":395,"column":59}},"locations":[{"start":{"line":395,"column":34},"end":{"line":395,"column":59}}]},"118":{"type":"branch","line":397,"loc":{"start":{"line":397,"column":29},"end":{"line":403,"column":5}},"locations":[{"start":{"line":397,"column":29},"end":{"line":403,"column":5}}]},"119":{"type":"branch","line":398,"loc":{"start":{"line":398,"column":34},"end":{"line":398,"column":67}},"locations":[{"start":{"line":398,"column":34},"end":{"line":398,"column":67}}]},"120":{"type":"branch","line":400,"loc":{"start":{"line":400,"column":28},"end":{"line":400,"column":53}},"locations":[{"start":{"line":400,"column":28},"end":{"line":400,"column":53}}]},"121":{"type":"branch","line":400,"loc":{"start":{"line":400,"column":49},"end":{"line":401,"column":15}},"locations":[{"start":{"line":400,"column":49},"end":{"line":401,"column":15}}]},"122":{"type":"branch","line":401,"loc":{"start":{"line":401,"column":12},"end":{"line":402,"column":31}},"locations":[{"start":{"line":401,"column":12},"end":{"line":402,"column":31}}]},"123":{"type":"branch","line":408,"loc":{"start":{"line":408,"column":0},"end":{"line":430,"column":1}},"locations":[{"start":{"line":408,"column":0},"end":{"line":430,"column":1}}]},"124":{"type":"branch","line":420,"loc":{"start":{"line":420,"column":21},"end":{"line":422,"column":3}},"locations":[{"start":{"line":420,"column":21},"end":{"line":422,"column":3}}]},"125":{"type":"branch","line":422,"loc":{"start":{"line":422,"column":2},"end":{"line":430,"column":1}},"locations":[{"start":{"line":422,"column":2},"end":{"line":430,"column":1}}]},"126":{"type":"branch","line":423,"loc":{"start":{"line":423,"column":42},"end":{"line":429,"column":3}},"locations":[{"start":{"line":423,"column":42},"end":{"line":429,"column":3}}]},"127":{"type":"branch","line":432,"loc":{"start":{"line":432,"column":7},"end":{"line":455,"column":1}},"locations":[{"start":{"line":432,"column":7},"end":{"line":455,"column":1}}]},"128":{"type":"branch","line":433,"loc":{"start":{"line":433,"column":13},"end":{"line":436,"column":4}},"locations":[{"start":{"line":433,"column":13},"end":{"line":436,"column":4}}]},"129":{"type":"branch","line":437,"loc":{"start":{"line":437,"column":17},"end":{"line":440,"column":4}},"locations":[{"start":{"line":437,"column":17},"end":{"line":440,"column":4}}]},"130":{"type":"branch","line":441,"loc":{"start":{"line":441,"column":20},"end":{"line":453,"column":4}},"locations":[{"start":{"line":441,"column":20},"end":{"line":453,"column":4}}]},"131":{"type":"branch","line":448,"loc":{"start":{"line":448,"column":23},"end":{"line":450,"column":5}},"locations":[{"start":{"line":448,"column":23},"end":{"line":450,"column":5}}]},"132":{"type":"branch","line":450,"loc":{"start":{"line":450,"column":4},"end":{"line":452,"column":64}},"locations":[{"start":{"line":450,"column":4},"end":{"line":452,"column":64}}]},"133":{"type":"branch","line":449,"loc":{"start":{"line":449,"column":13},"end":{"line":449,"column":26}},"locations":[{"start":{"line":449,"column":13},"end":{"line":449,"column":26}}]},"134":{"type":"branch","line":457,"loc":{"start":{"line":457,"column":7},"end":{"line":476,"column":1}},"locations":[{"start":{"line":457,"column":7},"end":{"line":476,"column":1}}]},"135":{"type":"branch","line":461,"loc":{"start":{"line":461,"column":21},"end":{"line":465,"column":4}},"locations":[{"start":{"line":461,"column":21},"end":{"line":465,"column":4}}]},"136":{"type":"branch","line":463,"loc":{"start":{"line":463,"column":44},"end":{"line":463,"column":65}},"locations":[{"start":{"line":463,"column":44},"end":{"line":463,"column":65}}]},"137":{"type":"branch","line":463,"loc":{"start":{"line":463,"column":61},"end":{"line":463,"column":72}},"locations":[{"start":{"line":463,"column":61},"end":{"line":463,"column":72}}]},"138":{"type":"branch","line":466,"loc":{"start":{"line":466,"column":26},"end":{"line":470,"column":4}},"locations":[{"start":{"line":466,"column":26},"end":{"line":470,"column":4}}]},"139":{"type":"branch","line":468,"loc":{"start":{"line":468,"column":44},"end":{"line":468,"column":65}},"locations":[{"start":{"line":468,"column":44},"end":{"line":468,"column":65}}]},"140":{"type":"branch","line":468,"loc":{"start":{"line":468,"column":61},"end":{"line":468,"column":72}},"locations":[{"start":{"line":468,"column":61},"end":{"line":468,"column":72}}]},"141":{"type":"branch","line":471,"loc":{"start":{"line":471,"column":22},"end":{"line":474,"column":4}},"locations":[{"start":{"line":471,"column":22},"end":{"line":474,"column":4}}]},"142":{"type":"branch","line":478,"loc":{"start":{"line":478,"column":7},"end":{"line":480,"column":1}},"locations":[{"start":{"line":478,"column":7},"end":{"line":480,"column":1}}]},"143":{"type":"branch","line":482,"loc":{"start":{"line":482,"column":7},"end":{"line":507,"column":1}},"locations":[{"start":{"line":482,"column":7},"end":{"line":507,"column":1}}]},"144":{"type":"branch","line":487,"loc":{"start":{"line":487,"column":27},"end":{"line":497,"column":3}},"locations":[{"start":{"line":487,"column":27},"end":{"line":497,"column":3}}]},"145":{"type":"branch","line":497,"loc":{"start":{"line":497,"column":2},"end":{"line":507,"column":1}},"locations":[{"start":{"line":497,"column":2},"end":{"line":507,"column":1}}]}},"b":{"0":[31],"1":[25],"2":[6],"3":[23],"4":[3],"5":[83],"6":[27],"7":[25],"8":[8],"9":[3],"10":[6],"11":[0],"12":[0],"13":[207],"14":[18],"15":[313],"16":[172],"17":[13],"18":[159],"19":[141],"20":[16],"21":[125],"22":[203],"23":[190],"24":[3],"25":[200],"26":[187],"27":[9],"28":[191],"29":[178],"30":[9],"31":[182],"32":[169],"33":[80],"34":[11],"35":[102],"36":[111],"37":[105],"38":[56],"39":[49],"40":[6],"41":[1016],"42":[923],"43":[29],"44":[987],"45":[894],"46":[97],"47":[890],"48":[797],"49":[92],"50":[798],"51":[705],"52":[260],"53":[538],"54":[557],"55":[40],"56":[83],"57":[27],"58":[13],"59":[166],"60":[159],"61":[159],"62":[159],"63":[7],"64":[159],"65":[39],"66":[39],"67":[38],"68":[76],"69":[33],"70":[121],"71":[10],"72":[111],"73":[15],"74":[25],"75":[15],"76":[10],"77":[5],"78":[106],"79":[42],"80":[42],"81":[33],"82":[38],"83":[33],"84":[73],"85":[105],"86":[35],"87":[70],"88":[11],"89":[59],"90":[4],"91":[4],"92":[2],"93":[2],"94":[55],"95":[7],"96":[7],"97":[1],"98":[6],"99":[48],"100":[89],"101":[47],"102":[28],"103":[10],"104":[2],"105":[8],"106":[18],"107":[19],"108":[18],"109":[14],"110":[11],"111":[6],"112":[8],"113":[5],"114":[42],"115":[37],"116":[1],"117":[36],"118":[5],"119":[4],"120":[4],"121":[2],"122":[3],"123":[9],"124":[1],"125":[8],"126":[15],"127":[39],"128":[5],"129":[10],"130":[45],"131":[2],"132":[40],"133":[1],"134":[39],"135":[10],"136":[2],"137":[8],"138":[29],"139":[1],"140":[27],"141":[5],"142":[39],"143":[46],"144":[12],"145":[27]},"fnMap":{"0":{"name":"handleChanges","decl":{"start":{"line":28,"column":0},"end":{"line":66,"column":1}},"loc":{"start":{"line":28,"column":0},"end":{"line":66,"column":1}},"line":28},"1":{"name":"next","decl":{"start":{"line":35,"column":17},"end":{"line":41,"column":6}},"loc":{"start":{"line":35,"column":17},"end":{"line":41,"column":6}},"line":35},"2":{"name":"next","decl":{"start":{"line":53,"column":17},"end":{"line":55,"column":6}},"loc":{"start":{"line":53,"column":17},"end":{"line":55,"column":6}},"line":53},"3":{"name":"createProxyValidator","decl":{"start":{"line":68,"column":0},"end":{"line":114,"column":1}},"loc":{"start":{"line":68,"column":0},"end":{"line":114,"column":1}},"line":68},"4":{"name":"set","decl":{"start":{"line":73,"column":9},"end":{"line":98,"column":6}},"loc":{"start":{"line":73,"column":9},"end":{"line":98,"column":6}},"line":73},"5":{"name":"deleteProperty","decl":{"start":{"line":99,"column":20},"end":{"line":112,"column":5}},"loc":{"start":{"line":99,"column":20},"end":{"line":112,"column":5}},"line":99},"6":{"name":"handleObservable","decl":{"start":{"line":116,"column":0},"end":{"line":136,"column":1}},"loc":{"start":{"line":116,"column":0},"end":{"line":136,"column":1}},"line":116},"7":{"name":"assignObservableAndProxy","decl":{"start":{"line":143,"column":7},"end":{"line":241,"column":1}},"loc":{"start":{"line":143,"column":7},"end":{"line":241,"column":1}},"line":143},"8":{"name":"removeObservableAndProxy","decl":{"start":{"line":243,"column":7},"end":{"line":262,"column":1}},"loc":{"start":{"line":243,"column":7},"end":{"line":262,"column":1}},"line":243},"9":{"name":"getStoreType","decl":{"start":{"line":264,"column":7},"end":{"line":277,"column":1}},"loc":{"start":{"line":264,"column":7},"end":{"line":277,"column":1}},"line":264},"10":{"name":"isSame","decl":{"start":{"line":279,"column":7},"end":{"line":334,"column":1}},"loc":{"start":{"line":279,"column":7},"end":{"line":334,"column":1}},"line":279},"11":{"name":"getData","decl":{"start":{"line":336,"column":7},"end":{"line":366,"column":1}},"loc":{"start":{"line":336,"column":7},"end":{"line":366,"column":1}},"line":336},"12":{"name":"getEventAndPath","decl":{"start":{"line":368,"column":7},"end":{"line":406,"column":1}},"loc":{"start":{"line":368,"column":7},"end":{"line":406,"column":1}},"line":368},"13":{"name":"sendDataWithMemo","decl":{"start":{"line":408,"column":0},"end":{"line":430,"column":1}},"loc":{"start":{"line":408,"column":0},"end":{"line":430,"column":1}},"line":408},"14":{"name":"attachEvent","decl":{"start":{"line":432,"column":7},"end":{"line":455,"column":1}},"loc":{"start":{"line":432,"column":7},"end":{"line":455,"column":1}},"line":432},"15":{"name":"store.on","decl":{"start":{"line":433,"column":13},"end":{"line":436,"column":4}},"loc":{"start":{"line":433,"column":13},"end":{"line":436,"column":4}},"line":433},"16":{"name":"store.listen","decl":{"start":{"line":437,"column":17},"end":{"line":440,"column":4}},"loc":{"start":{"line":437,"column":17},"end":{"line":440,"column":4}},"line":437},"17":{"name":"store.intercept","decl":{"start":{"line":441,"column":20},"end":{"line":453,"column":4}},"loc":{"start":{"line":441,"column":20},"end":{"line":453,"column":4}},"line":441},"18":{"name":"storeController.storeController","decl":{"start":{"line":449,"column":13},"end":{"line":449,"column":26}},"loc":{"start":{"line":449,"column":13},"end":{"line":449,"column":26}},"line":449},"19":{"name":"attachSnapshotHandler","decl":{"start":{"line":457,"column":7},"end":{"line":476,"column":1}},"loc":{"start":{"line":457,"column":7},"end":{"line":476,"column":1}},"line":457},"20":{"name":"store.getActions","decl":{"start":{"line":461,"column":21},"end":{"line":465,"column":4}},"loc":{"start":{"line":461,"column":21},"end":{"line":465,"column":4}},"line":461},"21":{"name":"store.getDataSnapshot","decl":{"start":{"line":466,"column":26},"end":{"line":470,"column":4}},"loc":{"start":{"line":466,"column":26},"end":{"line":470,"column":4}},"line":466},"22":{"name":"store.getSnapshot","decl":{"start":{"line":471,"column":22},"end":{"line":474,"column":4}},"loc":{"start":{"line":471,"column":22},"end":{"line":474,"column":4}},"line":471},"23":{"name":"finalizeStore","decl":{"start":{"line":478,"column":7},"end":{"line":480,"column":1}},"loc":{"start":{"line":478,"column":7},"end":{"line":480,"column":1}},"line":478},"24":{"name":"getNewStore","decl":{"start":{"line":482,"column":7},"end":{"line":507,"column":1}},"loc":{"start":{"line":482,"column":7},"end":{"line":507,"column":1}},"line":482}},"f":{"0":31,"1":23,"2":3,"3":83,"4":27,"5":6,"6":207,"7":203,"8":1016,"9":40,"10":166,"11":105,"12":89,"13":9,"14":39,"15":5,"16":10,"17":45,"18":1,"19":39,"20":10,"21":29,"22":5,"23":39,"24":46}}
}
