{"C:\\Users\\alb03\\Documents\\Github\\packages\\store\\src\\index.ts": {"path":"C:\\Users\\alb03\\Documents\\Github\\packages\\store\\src\\index.ts","all":false,"statementMap":{"0":{"start":{"line":1,"column":0},"end":{"line":1,"column":37}},"1":{"start":{"line":2,"column":0},"end":{"line":2,"column":8}},"2":{"start":{"line":3,"column":0},"end":{"line":3,"column":14}},"3":{"start":{"line":4,"column":0},"end":{"line":4,"column":10}},"4":{"start":{"line":5,"column":0},"end":{"line":5,"column":18}},"5":{"start":{"line":6,"column":0},"end":{"line":6,"column":15}},"6":{"start":{"line":7,"column":0},"end":{"line":7,"column":24}},"7":{"start":{"line":8,"column":0},"end":{"line":8,"column":59}},"8":{"start":{"line":9,"column":0},"end":{"line":9,"column":52}},"9":{"start":{"line":10,"column":0},"end":{"line":10,"column":0}},"10":{"start":{"line":11,"column":0},"end":{"line":11,"column":45}},"11":{"start":{"line":12,"column":0},"end":{"line":12,"column":38}},"12":{"start":{"line":13,"column":0},"end":{"line":13,"column":45}},"13":{"start":{"line":14,"column":0},"end":{"line":14,"column":51}},"14":{"start":{"line":15,"column":0},"end":{"line":15,"column":80}},"15":{"start":{"line":16,"column":0},"end":{"line":16,"column":36}},"16":{"start":{"line":17,"column":0},"end":{"line":17,"column":3}},"17":{"start":{"line":18,"column":0},"end":{"line":18,"column":54}},"18":{"start":{"line":19,"column":0},"end":{"line":19,"column":50}},"19":{"start":{"line":20,"column":0},"end":{"line":20,"column":1}},"20":{"start":{"line":21,"column":0},"end":{"line":21,"column":0}},"21":{"start":{"line":22,"column":0},"end":{"line":22,"column":23}}},"s":{"0":1,"1":1,"2":1,"3":1,"4":1,"5":1,"6":1,"7":1,"8":1,"9":1,"10":47,"11":47,"12":47,"13":39,"14":39,"15":39,"16":39,"17":47,"18":47,"19":47,"20":1,"21":1},"branchMap":{"0":{"type":"branch","line":11,"loc":{"start":{"line":11,"column":0},"end":{"line":20,"column":1}},"locations":[{"start":{"line":11,"column":0},"end":{"line":20,"column":1}}]},"1":{"type":"branch","line":13,"loc":{"start":{"line":13,"column":2},"end":{"line":17,"column":3}},"locations":[{"start":{"line":13,"column":2},"end":{"line":17,"column":3}}]}},"b":{"0":[47],"1":[39]},"fnMap":{"0":{"name":"createStore","decl":{"start":{"line":11,"column":0},"end":{"line":20,"column":1}},"loc":{"start":{"line":11,"column":0},"end":{"line":20,"column":1}},"line":11},"1":{"name":"useVanillaStore","decl":{"start":{"line":13,"column":2},"end":{"line":17,"column":3}},"loc":{"start":{"line":13,"column":2},"end":{"line":17,"column":3}},"line":13}},"f":{"0":47,"1":39}}
,"C:\\Users\\alb03\\Documents\\Github\\packages\\store\\src\\constants\\internal.ts": {"path":"C:\\Users\\alb03\\Documents\\Github\\packages\\store\\src\\constants\\internal.ts","all":false,"statementMap":{"0":{"start":{"line":1,"column":0},"end":{"line":1,"column":29}},"1":{"start":{"line":2,"column":0},"end":{"line":2,"column":29}},"2":{"start":{"line":3,"column":0},"end":{"line":3,"column":43}},"3":{"start":{"line":4,"column":0},"end":{"line":4,"column":43}},"4":{"start":{"line":5,"column":0},"end":{"line":5,"column":23}},"5":{"start":{"line":6,"column":0},"end":{"line":6,"column":0}},"6":{"start":{"line":7,"column":0},"end":{"line":7,"column":66}},"7":{"start":{"line":8,"column":0},"end":{"line":8,"column":0}},"8":{"start":{"line":9,"column":0},"end":{"line":9,"column":25}},"9":{"start":{"line":10,"column":0},"end":{"line":10,"column":39}},"10":{"start":{"line":11,"column":0},"end":{"line":11,"column":21}},"11":{"start":{"line":12,"column":0},"end":{"line":12,"column":42}},"12":{"start":{"line":13,"column":0},"end":{"line":13,"column":55}},"13":{"start":{"line":14,"column":0},"end":{"line":14,"column":180}},"14":{"start":{"line":15,"column":0},"end":{"line":15,"column":70}},"15":{"start":{"line":16,"column":0},"end":{"line":16,"column":108}},"16":{"start":{"line":17,"column":0},"end":{"line":17,"column":133}},"17":{"start":{"line":18,"column":0},"end":{"line":18,"column":66}},"18":{"start":{"line":19,"column":0},"end":{"line":19,"column":78}},"19":{"start":{"line":20,"column":0},"end":{"line":20,"column":84}},"20":{"start":{"line":21,"column":0},"end":{"line":21,"column":89}},"21":{"start":{"line":22,"column":0},"end":{"line":22,"column":230}},"22":{"start":{"line":23,"column":0},"end":{"line":23,"column":72}},"23":{"start":{"line":24,"column":0},"end":{"line":24,"column":8}},"24":{"start":{"line":25,"column":0},"end":{"line":25,"column":18}}},"s":{"0":1,"1":1,"2":1,"3":1,"4":1,"5":1,"6":1,"7":1,"8":1,"9":1,"10":1,"11":1,"12":1,"13":1,"14":1,"15":1,"16":1,"17":1,"18":1,"19":1,"20":1,"21":1,"22":1,"23":1,"24":0},"branchMap":{"0":{"type":"branch","line":24,"loc":{"start":{"line":24,"column":7},"end":{"line":25,"column":18}},"locations":[{"start":{"line":24,"column":7},"end":{"line":25,"column":18}}]}},"b":{"0":[0]},"fnMap":{},"f":{}}
,"C:\\Users\\alb03\\Documents\\Github\\packages\\store\\src\\helpers\\commonProdDev\\index.ts": {"path":"C:\\Users\\alb03\\Documents\\Github\\packages\\store\\src\\helpers\\commonProdDev\\index.ts","all":false,"statementMap":{"0":{"start":{"line":1,"column":0},"end":{"line":1,"column":54}},"1":{"start":{"line":2,"column":0},"end":{"line":2,"column":46}},"2":{"start":{"line":3,"column":0},"end":{"line":3,"column":58}},"3":{"start":{"line":4,"column":0},"end":{"line":4,"column":0}},"4":{"start":{"line":5,"column":0},"end":{"line":5,"column":45}},"5":{"start":{"line":6,"column":0},"end":{"line":6,"column":65}},"6":{"start":{"line":7,"column":0},"end":{"line":7,"column":1}},"7":{"start":{"line":8,"column":0},"end":{"line":8,"column":0}},"8":{"start":{"line":9,"column":0},"end":{"line":9,"column":46}},"9":{"start":{"line":10,"column":0},"end":{"line":10,"column":31}},"10":{"start":{"line":11,"column":0},"end":{"line":11,"column":17}},"11":{"start":{"line":12,"column":0},"end":{"line":12,"column":3}},"12":{"start":{"line":13,"column":0},"end":{"line":13,"column":43}},"13":{"start":{"line":14,"column":0},"end":{"line":14,"column":23}},"14":{"start":{"line":15,"column":0},"end":{"line":15,"column":28}},"15":{"start":{"line":16,"column":0},"end":{"line":16,"column":14}},"16":{"start":{"line":17,"column":0},"end":{"line":17,"column":21}},"17":{"start":{"line":18,"column":0},"end":{"line":18,"column":22}},"18":{"start":{"line":19,"column":0},"end":{"line":19,"column":6}},"19":{"start":{"line":20,"column":0},"end":{"line":20,"column":10}},"20":{"start":{"line":21,"column":0},"end":{"line":21,"column":36}},"21":{"start":{"line":22,"column":0},"end":{"line":22,"column":21}},"22":{"start":{"line":23,"column":0},"end":{"line":23,"column":28}},"23":{"start":{"line":24,"column":0},"end":{"line":24,"column":29}},"24":{"start":{"line":25,"column":0},"end":{"line":25,"column":8}},"25":{"start":{"line":26,"column":0},"end":{"line":26,"column":5}},"26":{"start":{"line":27,"column":0},"end":{"line":27,"column":3}},"27":{"start":{"line":28,"column":0},"end":{"line":28,"column":24}},"28":{"start":{"line":29,"column":0},"end":{"line":29,"column":73}},"29":{"start":{"line":30,"column":0},"end":{"line":30,"column":44}},"30":{"start":{"line":31,"column":0},"end":{"line":31,"column":5}},"31":{"start":{"line":32,"column":0},"end":{"line":32,"column":16}},"32":{"start":{"line":33,"column":0},"end":{"line":33,"column":1}}},"s":{"0":1,"1":1,"2":1,"3":1,"4":1,"5":142,"6":142,"7":1,"8":1,"9":93,"10":93,"11":93,"12":93,"13":93,"14":93,"15":65,"16":65,"17":65,"18":65,"19":93,"20":28,"21":25,"22":25,"23":25,"24":25,"25":25,"26":28,"27":93,"28":76,"29":76,"30":93,"31":93,"32":93},"branchMap":{"0":{"type":"branch","line":5,"loc":{"start":{"line":5,"column":7},"end":{"line":7,"column":1}},"locations":[{"start":{"line":5,"column":7},"end":{"line":7,"column":1}}]},"1":{"type":"branch","line":6,"loc":{"start":{"line":6,"column":9},"end":{"line":6,"column":62}},"locations":[{"start":{"line":6,"column":9},"end":{"line":6,"column":62}}]},"2":{"type":"branch","line":6,"loc":{"start":{"line":6,"column":30},"end":{"line":6,"column":41}},"locations":[{"start":{"line":6,"column":30},"end":{"line":6,"column":41}}]},"3":{"type":"branch","line":6,"loc":{"start":{"line":6,"column":37},"end":{"line":6,"column":62}},"locations":[{"start":{"line":6,"column":37},"end":{"line":6,"column":62}}]},"4":{"type":"branch","line":6,"loc":{"start":{"line":6,"column":57},"end":{"line":6,"column":65}},"locations":[{"start":{"line":6,"column":57},"end":{"line":6,"column":65}}]},"5":{"type":"branch","line":9,"loc":{"start":{"line":9,"column":7},"end":{"line":33,"column":1}},"locations":[{"start":{"line":9,"column":7},"end":{"line":33,"column":1}}]},"6":{"type":"branch","line":15,"loc":{"start":{"line":15,"column":27},"end":{"line":20,"column":9}},"locations":[{"start":{"line":15,"column":27},"end":{"line":20,"column":9}}]},"7":{"type":"branch","line":20,"loc":{"start":{"line":20,"column":2},"end":{"line":27,"column":3}},"locations":[{"start":{"line":20,"column":2},"end":{"line":27,"column":3}}]},"8":{"type":"branch","line":21,"loc":{"start":{"line":21,"column":35},"end":{"line":26,"column":5}},"locations":[{"start":{"line":21,"column":35},"end":{"line":26,"column":5}}]},"9":{"type":"branch","line":28,"loc":{"start":{"line":28,"column":16},"end":{"line":31,"column":3}},"locations":[{"start":{"line":28,"column":16},"end":{"line":31,"column":3}}]},"10":{"type":"branch","line":30,"loc":{"start":{"line":30,"column":13},"end":{"line":30,"column":34}},"locations":[{"start":{"line":30,"column":13},"end":{"line":30,"column":34}}]},"11":{"type":"branch","line":30,"loc":{"start":{"line":30,"column":30},"end":{"line":30,"column":44}},"locations":[{"start":{"line":30,"column":30},"end":{"line":30,"column":44}}]}},"b":{"0":[142],"1":[123],"2":[28],"3":[95],"4":[19],"5":[93],"6":[65],"7":[28],"8":[25],"9":[76],"10":[71],"11":[0]},"fnMap":{"0":{"name":"createPath","decl":{"start":{"line":5,"column":7},"end":{"line":7,"column":1}},"loc":{"start":{"line":5,"column":7},"end":{"line":7,"column":1}},"line":5},"1":{"name":"checkReWriteStoreAndGetResult","decl":{"start":{"line":9,"column":7},"end":{"line":33,"column":1}},"loc":{"start":{"line":9,"column":7},"end":{"line":33,"column":1}},"line":9}},"f":{"0":142,"1":93}}
,"C:\\Users\\alb03\\Documents\\Github\\packages\\store\\src\\helpers\\developement\\index.ts": {"path":"C:\\Users\\alb03\\Documents\\Github\\packages\\store\\src\\helpers\\developement\\index.ts","all":false,"statementMap":{"0":{"start":{"line":1,"column":0},"end":{"line":1,"column":62}},"1":{"start":{"line":2,"column":0},"end":{"line":2,"column":80}},"2":{"start":{"line":3,"column":0},"end":{"line":3,"column":62}},"3":{"start":{"line":4,"column":0},"end":{"line":4,"column":77}},"4":{"start":{"line":5,"column":0},"end":{"line":5,"column":0}},"5":{"start":{"line":6,"column":0},"end":{"line":6,"column":59}},"6":{"start":{"line":7,"column":0},"end":{"line":7,"column":55}},"7":{"start":{"line":8,"column":0},"end":{"line":8,"column":17}},"8":{"start":{"line":9,"column":0},"end":{"line":9,"column":18}},"9":{"start":{"line":10,"column":0},"end":{"line":10,"column":31}},"10":{"start":{"line":11,"column":0},"end":{"line":11,"column":56}},"11":{"start":{"line":12,"column":0},"end":{"line":12,"column":20}},"12":{"start":{"line":13,"column":0},"end":{"line":13,"column":9}},"13":{"start":{"line":14,"column":0},"end":{"line":14,"column":3}},"14":{"start":{"line":15,"column":0},"end":{"line":15,"column":44}},"15":{"start":{"line":16,"column":0},"end":{"line":16,"column":17}},"16":{"start":{"line":17,"column":0},"end":{"line":17,"column":18}},"17":{"start":{"line":18,"column":0},"end":{"line":18,"column":31}},"18":{"start":{"line":19,"column":0},"end":{"line":19,"column":61}},"19":{"start":{"line":20,"column":0},"end":{"line":20,"column":20}},"20":{"start":{"line":21,"column":0},"end":{"line":21,"column":9}},"21":{"start":{"line":22,"column":0},"end":{"line":22,"column":3}},"22":{"start":{"line":23,"column":0},"end":{"line":23,"column":1}},"23":{"start":{"line":24,"column":0},"end":{"line":24,"column":0}},"24":{"start":{"line":25,"column":0},"end":{"line":25,"column":48}},"25":{"start":{"line":26,"column":0},"end":{"line":26,"column":28}},"26":{"start":{"line":27,"column":0},"end":{"line":27,"column":18}},"27":{"start":{"line":28,"column":0},"end":{"line":28,"column":17}},"28":{"start":{"line":29,"column":0},"end":{"line":29,"column":57}},"29":{"start":{"line":30,"column":0},"end":{"line":30,"column":6}},"30":{"start":{"line":31,"column":0},"end":{"line":31,"column":3}},"31":{"start":{"line":32,"column":0},"end":{"line":32,"column":1}},"32":{"start":{"line":33,"column":0},"end":{"line":33,"column":0}},"33":{"start":{"line":34,"column":0},"end":{"line":34,"column":53}},"34":{"start":{"line":35,"column":0},"end":{"line":35,"column":27}},"35":{"start":{"line":36,"column":0},"end":{"line":36,"column":17}},"36":{"start":{"line":37,"column":0},"end":{"line":37,"column":18}},"37":{"start":{"line":38,"column":0},"end":{"line":38,"column":41}},"38":{"start":{"line":39,"column":0},"end":{"line":39,"column":45}},"39":{"start":{"line":40,"column":0},"end":{"line":40,"column":20}},"40":{"start":{"line":41,"column":0},"end":{"line":41,"column":9}},"41":{"start":{"line":42,"column":0},"end":{"line":42,"column":3}},"42":{"start":{"line":43,"column":0},"end":{"line":43,"column":33}},"43":{"start":{"line":44,"column":0},"end":{"line":44,"column":1}},"44":{"start":{"line":45,"column":0},"end":{"line":45,"column":0}},"45":{"start":{"line":46,"column":0},"end":{"line":46,"column":44}},"46":{"start":{"line":47,"column":0},"end":{"line":47,"column":6}},"47":{"start":{"line":48,"column":0},"end":{"line":48,"column":36}},"48":{"start":{"line":49,"column":0},"end":{"line":49,"column":62}},"49":{"start":{"line":50,"column":0},"end":{"line":50,"column":5}},"50":{"start":{"line":51,"column":0},"end":{"line":51,"column":17}},"51":{"start":{"line":52,"column":0},"end":{"line":52,"column":18}},"52":{"start":{"line":53,"column":0},"end":{"line":53,"column":40}},"53":{"start":{"line":54,"column":0},"end":{"line":54,"column":51}},"54":{"start":{"line":55,"column":0},"end":{"line":55,"column":9}},"55":{"start":{"line":56,"column":0},"end":{"line":56,"column":3}},"56":{"start":{"line":57,"column":0},"end":{"line":57,"column":1}},"57":{"start":{"line":58,"column":0},"end":{"line":58,"column":0}},"58":{"start":{"line":59,"column":0},"end":{"line":59,"column":37}},"59":{"start":{"line":60,"column":0},"end":{"line":60,"column":38}},"60":{"start":{"line":61,"column":0},"end":{"line":61,"column":17}},"61":{"start":{"line":62,"column":0},"end":{"line":62,"column":18}},"62":{"start":{"line":63,"column":0},"end":{"line":63,"column":32}},"63":{"start":{"line":64,"column":0},"end":{"line":64,"column":38}},"64":{"start":{"line":65,"column":0},"end":{"line":65,"column":21}},"65":{"start":{"line":66,"column":0},"end":{"line":66,"column":9}},"66":{"start":{"line":67,"column":0},"end":{"line":67,"column":3}},"67":{"start":{"line":68,"column":0},"end":{"line":68,"column":1}},"68":{"start":{"line":69,"column":0},"end":{"line":69,"column":0}},"69":{"start":{"line":70,"column":0},"end":{"line":70,"column":54}},"70":{"start":{"line":71,"column":0},"end":{"line":71,"column":39}},"71":{"start":{"line":72,"column":0},"end":{"line":72,"column":17}},"72":{"start":{"line":73,"column":0},"end":{"line":73,"column":18}},"73":{"start":{"line":74,"column":0},"end":{"line":74,"column":41}},"74":{"start":{"line":75,"column":0},"end":{"line":75,"column":46}},"75":{"start":{"line":76,"column":0},"end":{"line":76,"column":9}},"76":{"start":{"line":77,"column":0},"end":{"line":77,"column":3}},"77":{"start":{"line":78,"column":0},"end":{"line":78,"column":1}},"78":{"start":{"line":79,"column":0},"end":{"line":79,"column":0}},"79":{"start":{"line":80,"column":0},"end":{"line":80,"column":26}},"80":{"start":{"line":81,"column":0},"end":{"line":81,"column":16}},"81":{"start":{"line":82,"column":0},"end":{"line":82,"column":16}},"82":{"start":{"line":83,"column":0},"end":{"line":83,"column":31}},"83":{"start":{"line":84,"column":0},"end":{"line":84,"column":22}},"84":{"start":{"line":85,"column":0},"end":{"line":85,"column":3}},"85":{"start":{"line":86,"column":0},"end":{"line":86,"column":36}},"86":{"start":{"line":87,"column":0},"end":{"line":87,"column":6}},"87":{"start":{"line":88,"column":0},"end":{"line":88,"column":45}},"88":{"start":{"line":89,"column":0},"end":{"line":89,"column":19}},"89":{"start":{"line":90,"column":0},"end":{"line":90,"column":21}},"90":{"start":{"line":91,"column":0},"end":{"line":91,"column":26}},"91":{"start":{"line":92,"column":0},"end":{"line":92,"column":32}},"92":{"start":{"line":93,"column":0},"end":{"line":93,"column":5}},"93":{"start":{"line":94,"column":0},"end":{"line":94,"column":17}},"94":{"start":{"line":95,"column":0},"end":{"line":95,"column":18}},"95":{"start":{"line":96,"column":0},"end":{"line":96,"column":41}},"96":{"start":{"line":97,"column":0},"end":{"line":97,"column":16}},"97":{"start":{"line":98,"column":0},"end":{"line":98,"column":36}},"98":{"start":{"line":99,"column":0},"end":{"line":99,"column":47}},"99":{"start":{"line":100,"column":0},"end":{"line":100,"column":50}},"100":{"start":{"line":101,"column":0},"end":{"line":101,"column":9}},"101":{"start":{"line":102,"column":0},"end":{"line":102,"column":3}},"102":{"start":{"line":103,"column":0},"end":{"line":103,"column":0}},"103":{"start":{"line":104,"column":0},"end":{"line":104,"column":34}},"104":{"start":{"line":105,"column":0},"end":{"line":105,"column":28}},"105":{"start":{"line":106,"column":0},"end":{"line":106,"column":40}},"106":{"start":{"line":107,"column":0},"end":{"line":107,"column":11}},"107":{"start":{"line":108,"column":0},"end":{"line":108,"column":3}},"108":{"start":{"line":109,"column":0},"end":{"line":109,"column":0}},"109":{"start":{"line":110,"column":0},"end":{"line":110,"column":63}},"110":{"start":{"line":111,"column":0},"end":{"line":111,"column":11}},"111":{"start":{"line":112,"column":0},"end":{"line":112,"column":3}},"112":{"start":{"line":113,"column":0},"end":{"line":113,"column":0}},"113":{"start":{"line":114,"column":0},"end":{"line":114,"column":52}},"114":{"start":{"line":115,"column":0},"end":{"line":115,"column":33}},"115":{"start":{"line":116,"column":0},"end":{"line":116,"column":1}},"116":{"start":{"line":117,"column":0},"end":{"line":117,"column":0}},"117":{"start":{"line":118,"column":0},"end":{"line":118,"column":28}},"118":{"start":{"line":119,"column":0},"end":{"line":119,"column":6}},"119":{"start":{"line":120,"column":0},"end":{"line":120,"column":39}},"120":{"start":{"line":121,"column":0},"end":{"line":121,"column":29}},"121":{"start":{"line":122,"column":0},"end":{"line":122,"column":77}},"122":{"start":{"line":123,"column":0},"end":{"line":123,"column":5}},"123":{"start":{"line":124,"column":0},"end":{"line":124,"column":41}},"124":{"start":{"line":125,"column":0},"end":{"line":125,"column":3}},"125":{"start":{"line":126,"column":0},"end":{"line":126,"column":1}},"126":{"start":{"line":127,"column":0},"end":{"line":127,"column":0}},"127":{"start":{"line":128,"column":0},"end":{"line":128,"column":76}},"128":{"start":{"line":129,"column":0},"end":{"line":129,"column":23}},"129":{"start":{"line":130,"column":0},"end":{"line":130,"column":76}},"130":{"start":{"line":131,"column":0},"end":{"line":131,"column":76}},"131":{"start":{"line":132,"column":0},"end":{"line":132,"column":29}},"132":{"start":{"line":133,"column":0},"end":{"line":133,"column":15}},"133":{"start":{"line":134,"column":0},"end":{"line":134,"column":19}},"134":{"start":{"line":135,"column":0},"end":{"line":135,"column":19}},"135":{"start":{"line":136,"column":0},"end":{"line":136,"column":20}},"136":{"start":{"line":137,"column":0},"end":{"line":137,"column":20}},"137":{"start":{"line":138,"column":0},"end":{"line":138,"column":16}},"138":{"start":{"line":139,"column":0},"end":{"line":139,"column":5}},"139":{"start":{"line":140,"column":0},"end":{"line":140,"column":11}},"140":{"start":{"line":141,"column":0},"end":{"line":141,"column":51}},"141":{"start":{"line":142,"column":0},"end":{"line":142,"column":17}},"142":{"start":{"line":143,"column":0},"end":{"line":143,"column":18}},"143":{"start":{"line":144,"column":0},"end":{"line":144,"column":58}},"144":{"start":{"line":145,"column":0},"end":{"line":145,"column":64}},"145":{"start":{"line":146,"column":0},"end":{"line":146,"column":9}},"146":{"start":{"line":147,"column":0},"end":{"line":147,"column":3}},"147":{"start":{"line":148,"column":0},"end":{"line":148,"column":1}},"148":{"start":{"line":149,"column":0},"end":{"line":149,"column":0}},"149":{"start":{"line":150,"column":0},"end":{"line":150,"column":74}},"150":{"start":{"line":151,"column":0},"end":{"line":151,"column":64}},"151":{"start":{"line":152,"column":0},"end":{"line":152,"column":17}},"152":{"start":{"line":153,"column":0},"end":{"line":153,"column":18}},"153":{"start":{"line":154,"column":0},"end":{"line":154,"column":49}},"154":{"start":{"line":155,"column":0},"end":{"line":155,"column":68}},"155":{"start":{"line":156,"column":0},"end":{"line":156,"column":9}},"156":{"start":{"line":157,"column":0},"end":{"line":157,"column":3}},"157":{"start":{"line":158,"column":0},"end":{"line":158,"column":1}},"158":{"start":{"line":159,"column":0},"end":{"line":159,"column":0}},"159":{"start":{"line":160,"column":0},"end":{"line":160,"column":40}},"160":{"start":{"line":161,"column":0},"end":{"line":161,"column":61}},"161":{"start":{"line":162,"column":0},"end":{"line":162,"column":16}},"162":{"start":{"line":163,"column":0},"end":{"line":163,"column":1}},"163":{"start":{"line":164,"column":0},"end":{"line":164,"column":0}},"164":{"start":{"line":165,"column":0},"end":{"line":165,"column":77}},"165":{"start":{"line":166,"column":0},"end":{"line":166,"column":0}},"166":{"start":{"line":167,"column":0},"end":{"line":167,"column":29}},"167":{"start":{"line":168,"column":0},"end":{"line":168,"column":57}},"168":{"start":{"line":169,"column":0},"end":{"line":169,"column":0}},"169":{"start":{"line":170,"column":0},"end":{"line":170,"column":28}},"170":{"start":{"line":171,"column":0},"end":{"line":171,"column":56}},"171":{"start":{"line":172,"column":0},"end":{"line":172,"column":0}},"172":{"start":{"line":173,"column":0},"end":{"line":173,"column":32}},"173":{"start":{"line":174,"column":0},"end":{"line":174,"column":60}},"174":{"start":{"line":175,"column":0},"end":{"line":175,"column":0}},"175":{"start":{"line":176,"column":0},"end":{"line":176,"column":32}},"176":{"start":{"line":177,"column":0},"end":{"line":177,"column":60}},"177":{"start":{"line":178,"column":0},"end":{"line":178,"column":77}},"178":{"start":{"line":179,"column":0},"end":{"line":179,"column":31}},"179":{"start":{"line":180,"column":0},"end":{"line":180,"column":59}},"180":{"start":{"line":181,"column":0},"end":{"line":181,"column":36}},"181":{"start":{"line":182,"column":0},"end":{"line":182,"column":64}},"182":{"start":{"line":183,"column":0},"end":{"line":183,"column":38}},"183":{"start":{"line":184,"column":0},"end":{"line":184,"column":66}},"184":{"start":{"line":185,"column":0},"end":{"line":185,"column":41}},"185":{"start":{"line":186,"column":0},"end":{"line":186,"column":69}}},"s":{"0":1,"1":1,"2":1,"3":1,"4":1,"5":54,"6":54,"7":2,"8":2,"9":2,"10":2,"11":2,"12":2,"13":2,"14":54,"15":5,"16":5,"17":5,"18":5,"19":5,"20":5,"21":5,"22":54,"23":1,"24":13,"25":13,"26":7,"27":7,"28":7,"29":7,"30":7,"31":12,"32":1,"33":5,"34":5,"35":1,"36":1,"37":1,"38":1,"39":1,"40":1,"41":1,"42":4,"43":4,"44":1,"45":39,"46":39,"47":39,"48":22,"49":39,"50":1,"51":1,"52":1,"53":1,"54":1,"55":1,"56":39,"57":1,"58":44,"59":44,"60":1,"61":1,"62":1,"63":1,"64":1,"65":1,"66":1,"67":44,"68":1,"69":45,"70":45,"71":2,"72":2,"73":2,"74":2,"75":2,"76":2,"77":45,"78":1,"79":55,"80":55,"81":55,"82":55,"83":55,"84":55,"85":55,"86":55,"87":55,"88":53,"89":53,"90":53,"91":53,"92":55,"93":2,"94":2,"95":2,"96":2,"97":2,"98":1,"99":1,"100":2,"101":2,"102":53,"103":53,"104":53,"105":55,"106":4,"107":4,"108":49,"109":55,"110":4,"111":4,"112":45,"113":45,"114":45,"115":45,"116":1,"117":47,"118":47,"119":47,"120":47,"121":47,"122":47,"123":47,"124":47,"125":47,"126":1,"127":19,"128":19,"129":19,"130":19,"131":19,"132":19,"133":19,"134":19,"135":19,"136":19,"137":19,"138":19,"139":19,"140":19,"141":6,"142":6,"143":6,"144":6,"145":6,"146":6,"147":19,"148":1,"149":76,"150":76,"151":5,"152":5,"153":5,"154":5,"155":5,"156":5,"157":76,"158":1,"159":25,"160":25,"161":25,"162":25,"163":1,"164":1,"165":1,"166":1,"167":1,"168":1,"169":1,"170":1,"171":1,"172":1,"173":1,"174":1,"175":1,"176":1,"177":1,"178":1,"179":1,"180":1,"181":1,"182":1,"183":1,"184":1,"185":1},"branchMap":{"0":{"type":"branch","line":6,"loc":{"start":{"line":6,"column":0},"end":{"line":23,"column":1}},"locations":[{"start":{"line":6,"column":0},"end":{"line":23,"column":1}}]},"1":{"type":"branch","line":7,"loc":{"start":{"line":7,"column":23},"end":{"line":7,"column":54}},"locations":[{"start":{"line":7,"column":23},"end":{"line":7,"column":54}}]},"2":{"type":"branch","line":7,"loc":{"start":{"line":7,"column":54},"end":{"line":14,"column":3}},"locations":[{"start":{"line":7,"column":54},"end":{"line":14,"column":3}}]},"3":{"type":"branch","line":14,"loc":{"start":{"line":14,"column":2},"end":{"line":15,"column":43}},"locations":[{"start":{"line":14,"column":2},"end":{"line":15,"column":43}}]},"4":{"type":"branch","line":15,"loc":{"start":{"line":15,"column":43},"end":{"line":22,"column":3}},"locations":[{"start":{"line":15,"column":43},"end":{"line":22,"column":3}}]},"5":{"type":"branch","line":19,"loc":{"start":{"line":19,"column":17},"end":{"line":19,"column":61}},"locations":[{"start":{"line":19,"column":17},"end":{"line":19,"column":61}}]},"6":{"type":"branch","line":25,"loc":{"start":{"line":25,"column":0},"end":{"line":32,"column":1}},"locations":[{"start":{"line":25,"column":0},"end":{"line":32,"column":1}}]},"7":{"type":"branch","line":26,"loc":{"start":{"line":26,"column":27},"end":{"line":31,"column":3}},"locations":[{"start":{"line":26,"column":27},"end":{"line":31,"column":3}}]},"8":{"type":"branch","line":31,"loc":{"start":{"line":31,"column":2},"end":{"line":32,"column":1}},"locations":[{"start":{"line":31,"column":2},"end":{"line":32,"column":1}}]},"9":{"type":"branch","line":34,"loc":{"start":{"line":34,"column":0},"end":{"line":44,"column":1}},"locations":[{"start":{"line":34,"column":0},"end":{"line":44,"column":1}}]},"10":{"type":"branch","line":35,"loc":{"start":{"line":35,"column":26},"end":{"line":42,"column":3}},"locations":[{"start":{"line":35,"column":26},"end":{"line":42,"column":3}}]},"11":{"type":"branch","line":42,"loc":{"start":{"line":42,"column":2},"end":{"line":44,"column":1}},"locations":[{"start":{"line":42,"column":2},"end":{"line":44,"column":1}}]},"12":{"type":"branch","line":46,"loc":{"start":{"line":46,"column":0},"end":{"line":57,"column":1}},"locations":[{"start":{"line":46,"column":0},"end":{"line":57,"column":1}}]},"13":{"type":"branch","line":48,"loc":{"start":{"line":48,"column":22},"end":{"line":49,"column":62}},"locations":[{"start":{"line":48,"column":22},"end":{"line":49,"column":62}}]},"14":{"type":"branch","line":49,"loc":{"start":{"line":49,"column":16},"end":{"line":49,"column":62}},"locations":[{"start":{"line":49,"column":16},"end":{"line":49,"column":62}}]},"15":{"type":"branch","line":50,"loc":{"start":{"line":50,"column":4},"end":{"line":56,"column":3}},"locations":[{"start":{"line":50,"column":4},"end":{"line":56,"column":3}}]},"16":{"type":"branch","line":59,"loc":{"start":{"line":59,"column":0},"end":{"line":68,"column":1}},"locations":[{"start":{"line":59,"column":0},"end":{"line":68,"column":1}}]},"17":{"type":"branch","line":60,"loc":{"start":{"line":60,"column":37},"end":{"line":67,"column":3}},"locations":[{"start":{"line":60,"column":37},"end":{"line":67,"column":3}}]},"18":{"type":"branch","line":70,"loc":{"start":{"line":70,"column":0},"end":{"line":78,"column":1}},"locations":[{"start":{"line":70,"column":0},"end":{"line":78,"column":1}}]},"19":{"type":"branch","line":71,"loc":{"start":{"line":71,"column":38},"end":{"line":77,"column":3}},"locations":[{"start":{"line":71,"column":38},"end":{"line":77,"column":3}}]},"20":{"type":"branch","line":80,"loc":{"start":{"line":80,"column":0},"end":{"line":116,"column":1}},"locations":[{"start":{"line":80,"column":0},"end":{"line":116,"column":1}}]},"21":{"type":"branch","line":88,"loc":{"start":{"line":88,"column":34},"end":{"line":89,"column":19}},"locations":[{"start":{"line":88,"column":34},"end":{"line":89,"column":19}}]},"22":{"type":"branch","line":89,"loc":{"start":{"line":89,"column":14},"end":{"line":90,"column":21}},"locations":[{"start":{"line":89,"column":14},"end":{"line":90,"column":21}}]},"23":{"type":"branch","line":90,"loc":{"start":{"line":90,"column":14},"end":{"line":91,"column":26}},"locations":[{"start":{"line":90,"column":14},"end":{"line":91,"column":26}}]},"24":{"type":"branch","line":91,"loc":{"start":{"line":91,"column":14},"end":{"line":92,"column":32}},"locations":[{"start":{"line":91,"column":14},"end":{"line":92,"column":32}}]},"25":{"type":"branch","line":93,"loc":{"start":{"line":93,"column":4},"end":{"line":102,"column":3}},"locations":[{"start":{"line":93,"column":4},"end":{"line":102,"column":3}}]},"26":{"type":"branch","line":98,"loc":{"start":{"line":98,"column":24},"end":{"line":99,"column":47}},"locations":[{"start":{"line":98,"column":24},"end":{"line":99,"column":47}}]},"27":{"type":"branch","line":99,"loc":{"start":{"line":99,"column":25},"end":{"line":100,"column":50}},"locations":[{"start":{"line":99,"column":25},"end":{"line":100,"column":50}}]},"28":{"type":"branch","line":102,"loc":{"start":{"line":102,"column":2},"end":{"line":106,"column":39}},"locations":[{"start":{"line":102,"column":2},"end":{"line":106,"column":39}}]},"29":{"type":"branch","line":106,"loc":{"start":{"line":106,"column":39},"end":{"line":108,"column":3}},"locations":[{"start":{"line":106,"column":39},"end":{"line":108,"column":3}}]},"30":{"type":"branch","line":108,"loc":{"start":{"line":108,"column":2},"end":{"line":110,"column":41}},"locations":[{"start":{"line":108,"column":2},"end":{"line":110,"column":41}}]},"31":{"type":"branch","line":110,"loc":{"start":{"line":110,"column":36},"end":{"line":110,"column":62}},"locations":[{"start":{"line":110,"column":36},"end":{"line":110,"column":62}}]},"32":{"type":"branch","line":110,"loc":{"start":{"line":110,"column":62},"end":{"line":112,"column":3}},"locations":[{"start":{"line":110,"column":62},"end":{"line":112,"column":3}}]},"33":{"type":"branch","line":112,"loc":{"start":{"line":112,"column":2},"end":{"line":116,"column":1}},"locations":[{"start":{"line":112,"column":2},"end":{"line":116,"column":1}}]},"34":{"type":"branch","line":118,"loc":{"start":{"line":118,"column":0},"end":{"line":126,"column":1}},"locations":[{"start":{"line":118,"column":0},"end":{"line":126,"column":1}}]},"35":{"type":"branch","line":128,"loc":{"start":{"line":128,"column":0},"end":{"line":148,"column":1}},"locations":[{"start":{"line":128,"column":0},"end":{"line":148,"column":1}}]},"36":{"type":"branch","line":141,"loc":{"start":{"line":141,"column":50},"end":{"line":147,"column":3}},"locations":[{"start":{"line":141,"column":50},"end":{"line":147,"column":3}}]},"37":{"type":"branch","line":150,"loc":{"start":{"line":150,"column":0},"end":{"line":158,"column":1}},"locations":[{"start":{"line":150,"column":0},"end":{"line":158,"column":1}}]},"38":{"type":"branch","line":151,"loc":{"start":{"line":151,"column":63},"end":{"line":157,"column":3}},"locations":[{"start":{"line":151,"column":63},"end":{"line":157,"column":3}}]},"39":{"type":"branch","line":160,"loc":{"start":{"line":160,"column":0},"end":{"line":163,"column":1}},"locations":[{"start":{"line":160,"column":0},"end":{"line":163,"column":1}}]}},"b":{"0":[54],"1":[53],"2":[2],"3":[52],"4":[5],"5":[4],"6":[13],"7":[7],"8":[12],"9":[5],"10":[1],"11":[4],"12":[39],"13":[22],"14":[21],"15":[1],"16":[44],"17":[1],"18":[45],"19":[2],"20":[55],"21":[53],"22":[53],"23":[53],"24":[53],"25":[2],"26":[1],"27":[1],"28":[53],"29":[4],"30":[49],"31":[4],"32":[4],"33":[45],"34":[47],"35":[19],"36":[6],"37":[76],"38":[5],"39":[25]},"fnMap":{"0":{"name":"validateStore","decl":{"start":{"line":6,"column":0},"end":{"line":23,"column":1}},"loc":{"start":{"line":6,"column":0},"end":{"line":23,"column":1}},"line":6},"1":{"name":"checkGroupStoreRootObject","decl":{"start":{"line":25,"column":0},"end":{"line":32,"column":1}},"loc":{"start":{"line":25,"column":0},"end":{"line":32,"column":1}},"line":25},"2":{"name":"checkOnEvent","decl":{"start":{"line":34,"column":0},"end":{"line":44,"column":1}},"loc":{"start":{"line":34,"column":0},"end":{"line":44,"column":1}},"line":34},"3":{"name":"checkStoreTarget","decl":{"start":{"line":46,"column":0},"end":{"line":57,"column":1}},"loc":{"start":{"line":46,"column":0},"end":{"line":57,"column":1}},"line":46},"4":{"name":"checkNull","decl":{"start":{"line":59,"column":0},"end":{"line":68,"column":1}},"loc":{"start":{"line":59,"column":0},"end":{"line":68,"column":1}},"line":59},"5":{"name":"checkCallback","decl":{"start":{"line":70,"column":0},"end":{"line":78,"column":1}},"loc":{"start":{"line":70,"column":0},"end":{"line":78,"column":1}},"line":70},"6":{"name":"checkListenEvent","decl":{"start":{"line":80,"column":0},"end":{"line":116,"column":1}},"loc":{"start":{"line":80,"column":0},"end":{"line":116,"column":1}},"line":80},"7":{"name":"warnProdNodeENV","decl":{"start":{"line":118,"column":0},"end":{"line":126,"column":1}},"loc":{"start":{"line":118,"column":0},"end":{"line":126,"column":1}},"line":118},"8":{"name":"checkInterceptorCall","decl":{"start":{"line":128,"column":0},"end":{"line":148,"column":1}},"loc":{"start":{"line":128,"column":0},"end":{"line":148,"column":1}},"line":128},"9":{"name":"checkConnectionToStore","decl":{"start":{"line":150,"column":0},"end":{"line":158,"column":1}},"loc":{"start":{"line":150,"column":0},"end":{"line":158,"column":1}},"line":150},"10":{"name":"utilError","decl":{"start":{"line":160,"column":0},"end":{"line":163,"column":1}},"loc":{"start":{"line":160,"column":0},"end":{"line":163,"column":1}},"line":160}},"f":{"0":54,"1":13,"2":5,"3":39,"4":44,"5":45,"6":55,"7":47,"8":19,"9":76,"10":25}}
,"C:\\Users\\alb03\\Documents\\Github\\packages\\store\\src\\helpers\\observable\\index.ts": {"path":"C:\\Users\\alb03\\Documents\\Github\\packages\\store\\src\\helpers\\observable\\index.ts","all":false,"statementMap":{"0":{"start":{"line":1,"column":0},"end":{"line":1,"column":43}},"1":{"start":{"line":2,"column":0},"end":{"line":2,"column":77}},"2":{"start":{"line":3,"column":0},"end":{"line":3,"column":51}},"3":{"start":{"line":4,"column":0},"end":{"line":4,"column":0}},"4":{"start":{"line":5,"column":0},"end":{"line":5,"column":33}},"5":{"start":{"line":6,"column":0},"end":{"line":6,"column":26}},"6":{"start":{"line":7,"column":0},"end":{"line":7,"column":17}},"7":{"start":{"line":8,"column":0},"end":{"line":8,"column":45}},"8":{"start":{"line":9,"column":0},"end":{"line":9,"column":0}},"9":{"start":{"line":10,"column":0},"end":{"line":10,"column":79}},"10":{"start":{"line":11,"column":0},"end":{"line":11,"column":12}},"11":{"start":{"line":12,"column":0},"end":{"line":12,"column":24}},"12":{"start":{"line":13,"column":0},"end":{"line":13,"column":22}},"13":{"start":{"line":14,"column":0},"end":{"line":14,"column":44}},"14":{"start":{"line":15,"column":0},"end":{"line":15,"column":49}},"15":{"start":{"line":16,"column":0},"end":{"line":16,"column":3}},"16":{"start":{"line":17,"column":0},"end":{"line":17,"column":0}},"17":{"start":{"line":18,"column":0},"end":{"line":18,"column":16}},"18":{"start":{"line":19,"column":0},"end":{"line":19,"column":23}},"19":{"start":{"line":20,"column":0},"end":{"line":20,"column":3}},"20":{"start":{"line":21,"column":0},"end":{"line":21,"column":0}},"21":{"start":{"line":22,"column":0},"end":{"line":22,"column":29}},"22":{"start":{"line":23,"column":0},"end":{"line":23,"column":21}},"23":{"start":{"line":24,"column":0},"end":{"line":24,"column":16}},"24":{"start":{"line":25,"column":0},"end":{"line":25,"column":12}},"25":{"start":{"line":26,"column":0},"end":{"line":26,"column":33}},"26":{"start":{"line":27,"column":0},"end":{"line":27,"column":16}},"27":{"start":{"line":28,"column":0},"end":{"line":28,"column":22}},"28":{"start":{"line":29,"column":0},"end":{"line":29,"column":32}},"29":{"start":{"line":30,"column":0},"end":{"line":30,"column":14}},"30":{"start":{"line":31,"column":0},"end":{"line":31,"column":9}},"31":{"start":{"line":32,"column":0},"end":{"line":32,"column":8}},"32":{"start":{"line":33,"column":0},"end":{"line":33,"column":18}},"33":{"start":{"line":34,"column":0},"end":{"line":34,"column":5}},"34":{"start":{"line":35,"column":0},"end":{"line":35,"column":23}},"35":{"start":{"line":36,"column":0},"end":{"line":36,"column":35}},"36":{"start":{"line":37,"column":0},"end":{"line":37,"column":57}},"37":{"start":{"line":38,"column":0},"end":{"line":38,"column":14}},"38":{"start":{"line":39,"column":0},"end":{"line":39,"column":46}},"39":{"start":{"line":40,"column":0},"end":{"line":40,"column":12}},"40":{"start":{"line":41,"column":0},"end":{"line":41,"column":27}},"41":{"start":{"line":42,"column":0},"end":{"line":42,"column":57}},"42":{"start":{"line":43,"column":0},"end":{"line":43,"column":20}},"43":{"start":{"line":44,"column":0},"end":{"line":44,"column":24}},"44":{"start":{"line":45,"column":0},"end":{"line":45,"column":37}},"45":{"start":{"line":46,"column":0},"end":{"line":46,"column":28}},"46":{"start":{"line":47,"column":0},"end":{"line":47,"column":26}},"47":{"start":{"line":48,"column":0},"end":{"line":48,"column":36}},"48":{"start":{"line":49,"column":0},"end":{"line":49,"column":18}},"49":{"start":{"line":50,"column":0},"end":{"line":50,"column":13}},"50":{"start":{"line":51,"column":0},"end":{"line":51,"column":12}},"51":{"start":{"line":52,"column":0},"end":{"line":52,"column":10}},"52":{"start":{"line":53,"column":0},"end":{"line":53,"column":57}},"53":{"start":{"line":54,"column":0},"end":{"line":54,"column":20}},"54":{"start":{"line":55,"column":0},"end":{"line":55,"column":24}},"55":{"start":{"line":56,"column":0},"end":{"line":56,"column":37}},"56":{"start":{"line":57,"column":0},"end":{"line":57,"column":28}},"57":{"start":{"line":58,"column":0},"end":{"line":58,"column":26}},"58":{"start":{"line":59,"column":0},"end":{"line":59,"column":36}},"59":{"start":{"line":60,"column":0},"end":{"line":60,"column":18}},"60":{"start":{"line":61,"column":0},"end":{"line":61,"column":13}},"61":{"start":{"line":62,"column":0},"end":{"line":62,"column":12}},"62":{"start":{"line":63,"column":0},"end":{"line":63,"column":10}},"63":{"start":{"line":64,"column":0},"end":{"line":64,"column":65}},"64":{"start":{"line":65,"column":0},"end":{"line":65,"column":20}},"65":{"start":{"line":66,"column":0},"end":{"line":66,"column":24}},"66":{"start":{"line":67,"column":0},"end":{"line":67,"column":37}},"67":{"start":{"line":68,"column":0},"end":{"line":68,"column":28}},"68":{"start":{"line":69,"column":0},"end":{"line":69,"column":26}},"69":{"start":{"line":70,"column":0},"end":{"line":70,"column":36}},"70":{"start":{"line":71,"column":0},"end":{"line":71,"column":18}},"71":{"start":{"line":72,"column":0},"end":{"line":72,"column":13}},"72":{"start":{"line":73,"column":0},"end":{"line":73,"column":12}},"73":{"start":{"line":74,"column":0},"end":{"line":74,"column":9}},"74":{"start":{"line":75,"column":0},"end":{"line":75,"column":9}},"75":{"start":{"line":76,"column":0},"end":{"line":76,"column":5}},"76":{"start":{"line":77,"column":0},"end":{"line":77,"column":16}},"77":{"start":{"line":78,"column":0},"end":{"line":78,"column":3}},"78":{"start":{"line":79,"column":0},"end":{"line":79,"column":0}},"79":{"start":{"line":80,"column":0},"end":{"line":80,"column":11}},"80":{"start":{"line":81,"column":0},"end":{"line":81,"column":49}},"81":{"start":{"line":82,"column":0},"end":{"line":82,"column":55}},"82":{"start":{"line":83,"column":0},"end":{"line":83,"column":16}},"83":{"start":{"line":84,"column":0},"end":{"line":84,"column":18}},"84":{"start":{"line":85,"column":0},"end":{"line":85,"column":19}},"85":{"start":{"line":86,"column":0},"end":{"line":86,"column":27}},"86":{"start":{"line":87,"column":0},"end":{"line":87,"column":26}},"87":{"start":{"line":88,"column":0},"end":{"line":88,"column":22}},"88":{"start":{"line":89,"column":0},"end":{"line":89,"column":7}},"89":{"start":{"line":90,"column":0},"end":{"line":90,"column":7}},"90":{"start":{"line":91,"column":0},"end":{"line":91,"column":3}},"91":{"start":{"line":92,"column":0},"end":{"line":92,"column":0}},"92":{"start":{"line":93,"column":0},"end":{"line":93,"column":20}},"93":{"start":{"line":94,"column":0},"end":{"line":94,"column":49}},"94":{"start":{"line":95,"column":0},"end":{"line":95,"column":53}},"95":{"start":{"line":96,"column":0},"end":{"line":96,"column":32}},"96":{"start":{"line":97,"column":0},"end":{"line":97,"column":6}},"97":{"start":{"line":98,"column":0},"end":{"line":98,"column":55}},"98":{"start":{"line":99,"column":0},"end":{"line":99,"column":15}},"99":{"start":{"line":100,"column":0},"end":{"line":100,"column":18}},"100":{"start":{"line":101,"column":0},"end":{"line":101,"column":19}},"101":{"start":{"line":102,"column":0},"end":{"line":102,"column":28}},"102":{"start":{"line":103,"column":0},"end":{"line":103,"column":24}},"103":{"start":{"line":104,"column":0},"end":{"line":104,"column":23}},"104":{"start":{"line":105,"column":0},"end":{"line":105,"column":7}},"105":{"start":{"line":106,"column":0},"end":{"line":106,"column":16}},"106":{"start":{"line":107,"column":0},"end":{"line":107,"column":3}},"107":{"start":{"line":108,"column":0},"end":{"line":108,"column":1}},"108":{"start":{"line":109,"column":0},"end":{"line":109,"column":0}},"109":{"start":{"line":110,"column":0},"end":{"line":110,"column":33}},"110":{"start":{"line":111,"column":0},"end":{"line":111,"column":26}},"111":{"start":{"line":112,"column":0},"end":{"line":112,"column":17}},"112":{"start":{"line":113,"column":0},"end":{"line":113,"column":45}},"113":{"start":{"line":114,"column":0},"end":{"line":114,"column":0}},"114":{"start":{"line":115,"column":0},"end":{"line":115,"column":79}},"115":{"start":{"line":116,"column":0},"end":{"line":116,"column":12}},"116":{"start":{"line":117,"column":0},"end":{"line":117,"column":24}},"117":{"start":{"line":118,"column":0},"end":{"line":118,"column":22}},"118":{"start":{"line":119,"column":0},"end":{"line":119,"column":44}},"119":{"start":{"line":120,"column":0},"end":{"line":120,"column":49}},"120":{"start":{"line":121,"column":0},"end":{"line":121,"column":3}},"121":{"start":{"line":122,"column":0},"end":{"line":122,"column":0}},"122":{"start":{"line":123,"column":0},"end":{"line":123,"column":16}},"123":{"start":{"line":124,"column":0},"end":{"line":124,"column":23}},"124":{"start":{"line":125,"column":0},"end":{"line":125,"column":3}},"125":{"start":{"line":126,"column":0},"end":{"line":126,"column":0}},"126":{"start":{"line":127,"column":0},"end":{"line":127,"column":19}},"127":{"start":{"line":128,"column":0},"end":{"line":128,"column":21}},"128":{"start":{"line":129,"column":0},"end":{"line":129,"column":16}},"129":{"start":{"line":130,"column":0},"end":{"line":130,"column":33}},"130":{"start":{"line":131,"column":0},"end":{"line":131,"column":16}},"131":{"start":{"line":132,"column":0},"end":{"line":132,"column":22}},"132":{"start":{"line":133,"column":0},"end":{"line":133,"column":32}},"133":{"start":{"line":134,"column":0},"end":{"line":134,"column":14}},"134":{"start":{"line":135,"column":0},"end":{"line":135,"column":9}},"135":{"start":{"line":136,"column":0},"end":{"line":136,"column":8}},"136":{"start":{"line":137,"column":0},"end":{"line":137,"column":18}},"137":{"start":{"line":138,"column":0},"end":{"line":138,"column":5}},"138":{"start":{"line":139,"column":0},"end":{"line":139,"column":28}},"139":{"start":{"line":140,"column":0},"end":{"line":140,"column":51}},"140":{"start":{"line":141,"column":0},"end":{"line":141,"column":57}},"141":{"start":{"line":142,"column":0},"end":{"line":142,"column":18}},"142":{"start":{"line":143,"column":0},"end":{"line":143,"column":14}},"143":{"start":{"line":144,"column":0},"end":{"line":144,"column":14}},"144":{"start":{"line":145,"column":0},"end":{"line":145,"column":27}},"145":{"start":{"line":146,"column":0},"end":{"line":146,"column":57}},"146":{"start":{"line":147,"column":0},"end":{"line":147,"column":20}},"147":{"start":{"line":148,"column":0},"end":{"line":148,"column":37}},"148":{"start":{"line":149,"column":0},"end":{"line":149,"column":28}},"149":{"start":{"line":150,"column":0},"end":{"line":150,"column":26}},"150":{"start":{"line":151,"column":0},"end":{"line":151,"column":36}},"151":{"start":{"line":152,"column":0},"end":{"line":152,"column":18}},"152":{"start":{"line":153,"column":0},"end":{"line":153,"column":13}},"153":{"start":{"line":154,"column":0},"end":{"line":154,"column":12}},"154":{"start":{"line":155,"column":0},"end":{"line":155,"column":9}},"155":{"start":{"line":156,"column":0},"end":{"line":156,"column":9}},"156":{"start":{"line":157,"column":0},"end":{"line":157,"column":5}},"157":{"start":{"line":158,"column":0},"end":{"line":158,"column":16}},"158":{"start":{"line":159,"column":0},"end":{"line":159,"column":3}},"159":{"start":{"line":160,"column":0},"end":{"line":160,"column":0}},"160":{"start":{"line":161,"column":0},"end":{"line":161,"column":11}},"161":{"start":{"line":162,"column":0},"end":{"line":162,"column":49}},"162":{"start":{"line":163,"column":0},"end":{"line":163,"column":55}},"163":{"start":{"line":164,"column":0},"end":{"line":164,"column":16}},"164":{"start":{"line":165,"column":0},"end":{"line":165,"column":18}},"165":{"start":{"line":166,"column":0},"end":{"line":166,"column":19}},"166":{"start":{"line":167,"column":0},"end":{"line":167,"column":27}},"167":{"start":{"line":168,"column":0},"end":{"line":168,"column":26}},"168":{"start":{"line":169,"column":0},"end":{"line":169,"column":22}},"169":{"start":{"line":170,"column":0},"end":{"line":170,"column":7}},"170":{"start":{"line":171,"column":0},"end":{"line":171,"column":7}},"171":{"start":{"line":172,"column":0},"end":{"line":172,"column":3}},"172":{"start":{"line":173,"column":0},"end":{"line":173,"column":0}},"173":{"start":{"line":174,"column":0},"end":{"line":174,"column":22}},"174":{"start":{"line":175,"column":0},"end":{"line":175,"column":49}},"175":{"start":{"line":176,"column":0},"end":{"line":176,"column":55}},"176":{"start":{"line":177,"column":0},"end":{"line":177,"column":16}},"177":{"start":{"line":178,"column":0},"end":{"line":178,"column":12}},"178":{"start":{"line":179,"column":0},"end":{"line":179,"column":19}},"179":{"start":{"line":180,"column":0},"end":{"line":180,"column":28}},"180":{"start":{"line":181,"column":0},"end":{"line":181,"column":55}},"181":{"start":{"line":182,"column":0},"end":{"line":182,"column":36}},"182":{"start":{"line":183,"column":0},"end":{"line":183,"column":7}},"183":{"start":{"line":184,"column":0},"end":{"line":184,"column":7}},"184":{"start":{"line":185,"column":0},"end":{"line":185,"column":16}},"185":{"start":{"line":186,"column":0},"end":{"line":186,"column":3}},"186":{"start":{"line":187,"column":0},"end":{"line":187,"column":1}},"187":{"start":{"line":188,"column":0},"end":{"line":188,"column":0}},"188":{"start":{"line":189,"column":0},"end":{"line":189,"column":40}}},"s":{"0":1,"1":1,"2":1,"3":1,"4":9,"5":9,"6":9,"7":9,"8":9,"9":9,"10":9,"11":9,"12":9,"13":9,"14":9,"15":9,"16":9,"17":9,"18":9,"19":9,"20":9,"21":9,"22":19,"23":14,"24":14,"25":14,"26":14,"27":14,"28":14,"29":14,"30":14,"31":14,"32":14,"33":14,"34":5,"35":5,"36":5,"37":5,"38":5,"39":5,"40":5,"41":5,"42":3,"43":3,"44":3,"45":3,"46":3,"47":3,"48":3,"49":3,"50":3,"51":3,"52":5,"53":1,"54":1,"55":1,"56":1,"57":1,"58":1,"59":1,"60":1,"61":1,"62":1,"63":5,"64":1,"65":1,"66":1,"67":1,"68":1,"69":1,"70":1,"71":1,"72":1,"73":1,"74":5,"75":5,"76":5,"77":19,"78":9,"79":9,"80":2,"81":2,"82":2,"83":2,"84":2,"85":2,"86":2,"87":1,"88":1,"89":2,"90":2,"91":9,"92":9,"93":3,"94":3,"95":3,"96":3,"97":3,"98":3,"99":3,"100":3,"101":3,"102":3,"103":3,"104":3,"105":3,"106":3,"107":9,"108":1,"109":9,"110":9,"111":9,"112":9,"113":9,"114":9,"115":9,"116":9,"117":9,"118":9,"119":9,"120":9,"121":9,"122":9,"123":9,"124":9,"125":9,"126":9,"127":17,"128":16,"129":16,"130":16,"131":16,"132":16,"133":16,"134":16,"135":16,"136":16,"137":16,"138":1,"139":1,"140":1,"141":1,"142":1,"143":1,"144":1,"145":1,"146":1,"147":1,"148":1,"149":1,"150":1,"151":1,"152":1,"153":1,"154":1,"155":1,"156":1,"157":1,"158":17,"159":9,"160":9,"161":1,"162":1,"163":1,"164":1,"165":1,"166":1,"167":1,"168":1,"169":1,"170":1,"171":1,"172":9,"173":9,"174":5,"175":5,"176":5,"177":5,"178":5,"179":5,"180":5,"181":3,"182":3,"183":5,"184":5,"185":5,"186":9,"187":1,"188":1},"branchMap":{"0":{"type":"branch","line":5,"loc":{"start":{"line":5,"column":0},"end":{"line":108,"column":1}},"locations":[{"start":{"line":5,"column":0},"end":{"line":108,"column":1}}]},"1":{"type":"branch","line":10,"loc":{"start":{"line":10,"column":2},"end":{"line":16,"column":3}},"locations":[{"start":{"line":10,"column":2},"end":{"line":16,"column":3}}]},"2":{"type":"branch","line":18,"loc":{"start":{"line":18,"column":2},"end":{"line":20,"column":3}},"locations":[{"start":{"line":18,"column":2},"end":{"line":20,"column":3}}]},"3":{"type":"branch","line":22,"loc":{"start":{"line":22,"column":2},"end":{"line":78,"column":3}},"locations":[{"start":{"line":22,"column":2},"end":{"line":78,"column":3}}]},"4":{"type":"branch","line":23,"loc":{"start":{"line":23,"column":20},"end":{"line":34,"column":5}},"locations":[{"start":{"line":23,"column":20},"end":{"line":34,"column":5}}]},"5":{"type":"branch","line":34,"loc":{"start":{"line":34,"column":4},"end":{"line":77,"column":16}},"locations":[{"start":{"line":34,"column":4},"end":{"line":77,"column":16}}]},"6":{"type":"branch","line":42,"loc":{"start":{"line":42,"column":21},"end":{"line":52,"column":10}},"locations":[{"start":{"line":42,"column":21},"end":{"line":52,"column":10}}]},"7":{"type":"branch","line":53,"loc":{"start":{"line":53,"column":21},"end":{"line":63,"column":10}},"locations":[{"start":{"line":53,"column":21},"end":{"line":63,"column":10}}]},"8":{"type":"branch","line":64,"loc":{"start":{"line":64,"column":29},"end":{"line":74,"column":9}},"locations":[{"start":{"line":64,"column":29},"end":{"line":74,"column":9}}]},"9":{"type":"branch","line":80,"loc":{"start":{"line":80,"column":2},"end":{"line":91,"column":3}},"locations":[{"start":{"line":80,"column":2},"end":{"line":91,"column":3}}]},"10":{"type":"branch","line":87,"loc":{"start":{"line":87,"column":19},"end":{"line":89,"column":7}},"locations":[{"start":{"line":87,"column":19},"end":{"line":89,"column":7}}]},"11":{"type":"branch","line":93,"loc":{"start":{"line":93,"column":2},"end":{"line":107,"column":3}},"locations":[{"start":{"line":93,"column":2},"end":{"line":107,"column":3}}]},"12":{"type":"branch","line":95,"loc":{"start":{"line":95,"column":17},"end":{"line":97,"column":6}},"locations":[{"start":{"line":95,"column":17},"end":{"line":97,"column":6}}]},"13":{"type":"branch","line":110,"loc":{"start":{"line":110,"column":0},"end":{"line":187,"column":1}},"locations":[{"start":{"line":110,"column":0},"end":{"line":187,"column":1}}]},"14":{"type":"branch","line":115,"loc":{"start":{"line":115,"column":2},"end":{"line":121,"column":3}},"locations":[{"start":{"line":115,"column":2},"end":{"line":121,"column":3}}]},"15":{"type":"branch","line":123,"loc":{"start":{"line":123,"column":2},"end":{"line":125,"column":3}},"locations":[{"start":{"line":123,"column":2},"end":{"line":125,"column":3}}]},"16":{"type":"branch","line":127,"loc":{"start":{"line":127,"column":2},"end":{"line":159,"column":3}},"locations":[{"start":{"line":127,"column":2},"end":{"line":159,"column":3}}]},"17":{"type":"branch","line":128,"loc":{"start":{"line":128,"column":20},"end":{"line":138,"column":5}},"locations":[{"start":{"line":128,"column":20},"end":{"line":138,"column":5}}]},"18":{"type":"branch","line":138,"loc":{"start":{"line":138,"column":4},"end":{"line":158,"column":16}},"locations":[{"start":{"line":138,"column":4},"end":{"line":158,"column":16}}]},"19":{"type":"branch","line":146,"loc":{"start":{"line":146,"column":21},"end":{"line":155,"column":9}},"locations":[{"start":{"line":146,"column":21},"end":{"line":155,"column":9}}]},"20":{"type":"branch","line":161,"loc":{"start":{"line":161,"column":2},"end":{"line":172,"column":3}},"locations":[{"start":{"line":161,"column":2},"end":{"line":172,"column":3}}]},"21":{"type":"branch","line":168,"loc":{"start":{"line":168,"column":19},"end":{"line":170,"column":7}},"locations":[{"start":{"line":168,"column":19},"end":{"line":170,"column":7}}]},"22":{"type":"branch","line":174,"loc":{"start":{"line":174,"column":2},"end":{"line":186,"column":3}},"locations":[{"start":{"line":174,"column":2},"end":{"line":186,"column":3}}]},"23":{"type":"branch","line":181,"loc":{"start":{"line":181,"column":19},"end":{"line":183,"column":7}},"locations":[{"start":{"line":181,"column":19},"end":{"line":183,"column":7}}]}},"b":{"0":[9],"1":[9],"2":[9],"3":[19],"4":[14],"5":[5],"6":[3],"7":[1],"8":[1],"9":[2],"10":[1],"11":[3],"12":[3],"13":[9],"14":[9],"15":[9],"16":[17],"17":[16],"18":[1],"19":[1],"20":[1],"21":[1],"22":[5],"23":[3]},"fnMap":{"0":{"name":"<instance_members_initializer>","decl":{"start":{"line":5,"column":0},"end":{"line":108,"column":1}},"loc":{"start":{"line":5,"column":0},"end":{"line":108,"column":1}},"line":5},"1":{"name":"ObservableMap","decl":{"start":{"line":10,"column":2},"end":{"line":16,"column":3}},"loc":{"start":{"line":10,"column":2},"end":{"line":16,"column":3}},"line":10},"2":{"name":"finishInit","decl":{"start":{"line":18,"column":2},"end":{"line":20,"column":3}},"loc":{"start":{"line":18,"column":2},"end":{"line":20,"column":3}},"line":18},"3":{"name":"set","decl":{"start":{"line":22,"column":2},"end":{"line":78,"column":3}},"loc":{"start":{"line":22,"column":2},"end":{"line":78,"column":3}},"line":22},"4":{"name":"allowAction","decl":{"start":{"line":42,"column":21},"end":{"line":52,"column":10}},"loc":{"start":{"line":42,"column":21},"end":{"line":52,"column":10}},"line":42},"5":{"name":"overrideKey","decl":{"start":{"line":53,"column":21},"end":{"line":63,"column":10}},"loc":{"start":{"line":53,"column":21},"end":{"line":63,"column":10}},"line":53},"6":{"name":"overrideKeyAndValue","decl":{"start":{"line":64,"column":29},"end":{"line":74,"column":9}},"loc":{"start":{"line":64,"column":29},"end":{"line":74,"column":9}},"line":64},"7":{"name":"clear","decl":{"start":{"line":80,"column":2},"end":{"line":91,"column":3}},"loc":{"start":{"line":80,"column":2},"end":{"line":91,"column":3}},"line":80},"8":{"name":"allowAction","decl":{"start":{"line":87,"column":19},"end":{"line":89,"column":7}},"loc":{"start":{"line":87,"column":19},"end":{"line":89,"column":7}},"line":87},"9":{"name":"delete","decl":{"start":{"line":93,"column":2},"end":{"line":107,"column":3}},"loc":{"start":{"line":93,"column":2},"end":{"line":107,"column":3}},"line":93},"10":{"name":"next","decl":{"start":{"line":95,"column":17},"end":{"line":97,"column":6}},"loc":{"start":{"line":95,"column":17},"end":{"line":97,"column":6}},"line":95},"11":{"name":"<instance_members_initializer>","decl":{"start":{"line":110,"column":0},"end":{"line":187,"column":1}},"loc":{"start":{"line":110,"column":0},"end":{"line":187,"column":1}},"line":110},"12":{"name":"ObservableSet","decl":{"start":{"line":115,"column":2},"end":{"line":121,"column":3}},"loc":{"start":{"line":115,"column":2},"end":{"line":121,"column":3}},"line":115},"13":{"name":"finishInit","decl":{"start":{"line":123,"column":2},"end":{"line":125,"column":3}},"loc":{"start":{"line":123,"column":2},"end":{"line":125,"column":3}},"line":123},"14":{"name":"add","decl":{"start":{"line":127,"column":2},"end":{"line":159,"column":3}},"loc":{"start":{"line":127,"column":2},"end":{"line":159,"column":3}},"line":127},"15":{"name":"allowAction","decl":{"start":{"line":146,"column":21},"end":{"line":155,"column":9}},"loc":{"start":{"line":146,"column":21},"end":{"line":155,"column":9}},"line":146},"16":{"name":"clear","decl":{"start":{"line":161,"column":2},"end":{"line":172,"column":3}},"loc":{"start":{"line":161,"column":2},"end":{"line":172,"column":3}},"line":161},"17":{"name":"allowAction","decl":{"start":{"line":168,"column":19},"end":{"line":170,"column":7}},"loc":{"start":{"line":168,"column":19},"end":{"line":170,"column":7}},"line":168},"18":{"name":"delete","decl":{"start":{"line":174,"column":2},"end":{"line":186,"column":3}},"loc":{"start":{"line":174,"column":2},"end":{"line":186,"column":3}},"line":174},"19":{"name":"allowAction","decl":{"start":{"line":181,"column":19},"end":{"line":183,"column":7}},"loc":{"start":{"line":181,"column":19},"end":{"line":183,"column":7}},"line":181}},"f":{"0":9,"1":9,"2":9,"3":19,"4":3,"5":1,"6":1,"7":2,"8":1,"9":3,"10":3,"11":9,"12":9,"13":9,"14":17,"15":1,"16":1,"17":1,"18":5,"19":3}}
,"C:\\Users\\alb03\\Documents\\Github\\packages\\store\\src\\helpers\\store\\index.ts": {"path":"C:\\Users\\alb03\\Documents\\Github\\packages\\store\\src\\helpers\\store\\index.ts","all":false,"statementMap":{"0":{"start":{"line":1,"column":0},"end":{"line":1,"column":51}},"1":{"start":{"line":2,"column":0},"end":{"line":2,"column":47}},"2":{"start":{"line":3,"column":0},"end":{"line":3,"column":0}},"3":{"start":{"line":4,"column":0},"end":{"line":4,"column":13}},"4":{"start":{"line":5,"column":0},"end":{"line":5,"column":31}},"5":{"start":{"line":6,"column":0},"end":{"line":6,"column":38}},"6":{"start":{"line":7,"column":0},"end":{"line":7,"column":53}},"7":{"start":{"line":8,"column":0},"end":{"line":8,"column":29}},"8":{"start":{"line":9,"column":0},"end":{"line":9,"column":36}},"9":{"start":{"line":10,"column":0},"end":{"line":10,"column":0}},"10":{"start":{"line":11,"column":0},"end":{"line":11,"column":17}},"11":{"start":{"line":12,"column":0},"end":{"line":12,"column":50}},"12":{"start":{"line":13,"column":0},"end":{"line":13,"column":21}},"13":{"start":{"line":14,"column":0},"end":{"line":14,"column":28}},"14":{"start":{"line":15,"column":0},"end":{"line":15,"column":35}},"15":{"start":{"line":16,"column":0},"end":{"line":16,"column":28}},"16":{"start":{"line":17,"column":0},"end":{"line":17,"column":37}},"17":{"start":{"line":18,"column":0},"end":{"line":18,"column":51}},"18":{"start":{"line":19,"column":0},"end":{"line":19,"column":3}},"19":{"start":{"line":20,"column":0},"end":{"line":20,"column":0}},"20":{"start":{"line":21,"column":0},"end":{"line":21,"column":25}},"21":{"start":{"line":22,"column":0},"end":{"line":22,"column":33}},"22":{"start":{"line":23,"column":0},"end":{"line":23,"column":3}},"23":{"start":{"line":24,"column":0},"end":{"line":24,"column":0}},"24":{"start":{"line":25,"column":0},"end":{"line":25,"column":15}},"25":{"start":{"line":26,"column":0},"end":{"line":26,"column":23}},"26":{"start":{"line":27,"column":0},"end":{"line":27,"column":3}},"27":{"start":{"line":28,"column":0},"end":{"line":28,"column":0}},"28":{"start":{"line":29,"column":0},"end":{"line":29,"column":22}},"29":{"start":{"line":30,"column":0},"end":{"line":30,"column":30}},"30":{"start":{"line":31,"column":0},"end":{"line":31,"column":3}},"31":{"start":{"line":32,"column":0},"end":{"line":32,"column":0}},"32":{"start":{"line":33,"column":0},"end":{"line":33,"column":29}},"33":{"start":{"line":34,"column":0},"end":{"line":34,"column":37}},"34":{"start":{"line":35,"column":0},"end":{"line":35,"column":3}},"35":{"start":{"line":36,"column":0},"end":{"line":36,"column":0}},"36":{"start":{"line":37,"column":0},"end":{"line":37,"column":17}},"37":{"start":{"line":38,"column":0},"end":{"line":38,"column":30}},"38":{"start":{"line":39,"column":0},"end":{"line":39,"column":3}},"39":{"start":{"line":40,"column":0},"end":{"line":40,"column":0}},"40":{"start":{"line":41,"column":0},"end":{"line":41,"column":39}},"41":{"start":{"line":42,"column":0},"end":{"line":42,"column":26}},"42":{"start":{"line":43,"column":0},"end":{"line":43,"column":28}},"43":{"start":{"line":44,"column":0},"end":{"line":44,"column":65}},"44":{"start":{"line":45,"column":0},"end":{"line":45,"column":35}},"45":{"start":{"line":46,"column":0},"end":{"line":46,"column":40}},"46":{"start":{"line":47,"column":0},"end":{"line":47,"column":44}},"47":{"start":{"line":48,"column":0},"end":{"line":48,"column":63}},"48":{"start":{"line":49,"column":0},"end":{"line":49,"column":38}},"49":{"start":{"line":50,"column":0},"end":{"line":50,"column":14}},"50":{"start":{"line":51,"column":0},"end":{"line":51,"column":36}},"51":{"start":{"line":52,"column":0},"end":{"line":52,"column":7}},"52":{"start":{"line":53,"column":0},"end":{"line":53,"column":5}},"53":{"start":{"line":54,"column":0},"end":{"line":54,"column":30}},"54":{"start":{"line":55,"column":0},"end":{"line":55,"column":3}},"55":{"start":{"line":56,"column":0},"end":{"line":56,"column":0}},"56":{"start":{"line":57,"column":0},"end":{"line":57,"column":24}},"57":{"start":{"line":58,"column":0},"end":{"line":58,"column":31}},"58":{"start":{"line":59,"column":0},"end":{"line":59,"column":3}},"59":{"start":{"line":60,"column":0},"end":{"line":60,"column":0}},"60":{"start":{"line":61,"column":0},"end":{"line":61,"column":30}},"61":{"start":{"line":62,"column":0},"end":{"line":62,"column":43}},"62":{"start":{"line":63,"column":0},"end":{"line":63,"column":68}},"63":{"start":{"line":64,"column":0},"end":{"line":64,"column":44}},"64":{"start":{"line":65,"column":0},"end":{"line":65,"column":8}},"65":{"start":{"line":66,"column":0},"end":{"line":66,"column":61}},"66":{"start":{"line":67,"column":0},"end":{"line":67,"column":44}},"67":{"start":{"line":68,"column":0},"end":{"line":68,"column":11}},"68":{"start":{"line":69,"column":0},"end":{"line":69,"column":69}},"69":{"start":{"line":70,"column":0},"end":{"line":70,"column":40}},"70":{"start":{"line":71,"column":0},"end":{"line":71,"column":49}},"71":{"start":{"line":72,"column":0},"end":{"line":72,"column":0}},"72":{"start":{"line":73,"column":0},"end":{"line":73,"column":48}},"73":{"start":{"line":74,"column":0},"end":{"line":74,"column":59}},"74":{"start":{"line":75,"column":0},"end":{"line":75,"column":34}},"75":{"start":{"line":76,"column":0},"end":{"line":76,"column":21}},"76":{"start":{"line":77,"column":0},"end":{"line":77,"column":29}},"77":{"start":{"line":78,"column":0},"end":{"line":78,"column":8}},"78":{"start":{"line":79,"column":0},"end":{"line":79,"column":41}},"79":{"start":{"line":80,"column":0},"end":{"line":80,"column":45}},"80":{"start":{"line":81,"column":0},"end":{"line":81,"column":124}},"81":{"start":{"line":82,"column":0},"end":{"line":82,"column":62}},"82":{"start":{"line":83,"column":0},"end":{"line":83,"column":49}},"83":{"start":{"line":84,"column":0},"end":{"line":84,"column":93}},"84":{"start":{"line":85,"column":0},"end":{"line":85,"column":79}},"85":{"start":{"line":86,"column":0},"end":{"line":86,"column":11}},"86":{"start":{"line":87,"column":0},"end":{"line":87,"column":41}},"87":{"start":{"line":88,"column":0},"end":{"line":88,"column":47}},"88":{"start":{"line":89,"column":0},"end":{"line":89,"column":49}},"89":{"start":{"line":90,"column":0},"end":{"line":90,"column":92}},"90":{"start":{"line":91,"column":0},"end":{"line":91,"column":71}},"91":{"start":{"line":92,"column":0},"end":{"line":92,"column":63}},"92":{"start":{"line":93,"column":0},"end":{"line":93,"column":32}},"93":{"start":{"line":94,"column":0},"end":{"line":94,"column":12}},"94":{"start":{"line":95,"column":0},"end":{"line":95,"column":9}},"95":{"start":{"line":96,"column":0},"end":{"line":96,"column":7}},"96":{"start":{"line":97,"column":0},"end":{"line":97,"column":5}},"97":{"start":{"line":98,"column":0},"end":{"line":98,"column":63}},"98":{"start":{"line":99,"column":0},"end":{"line":99,"column":3}},"99":{"start":{"line":100,"column":0},"end":{"line":100,"column":0}},"100":{"start":{"line":101,"column":0},"end":{"line":101,"column":28}},"101":{"start":{"line":102,"column":0},"end":{"line":102,"column":28}},"102":{"start":{"line":103,"column":0},"end":{"line":103,"column":3}},"103":{"start":{"line":104,"column":0},"end":{"line":104,"column":0}},"104":{"start":{"line":105,"column":0},"end":{"line":105,"column":27}},"105":{"start":{"line":106,"column":0},"end":{"line":106,"column":6}},"106":{"start":{"line":107,"column":0},"end":{"line":107,"column":59}},"107":{"start":{"line":108,"column":0},"end":{"line":108,"column":42}},"108":{"start":{"line":109,"column":0},"end":{"line":109,"column":9}},"109":{"start":{"line":110,"column":0},"end":{"line":110,"column":68}},"110":{"start":{"line":111,"column":0},"end":{"line":111,"column":31}},"111":{"start":{"line":112,"column":0},"end":{"line":112,"column":40}},"112":{"start":{"line":113,"column":0},"end":{"line":113,"column":0}},"113":{"start":{"line":114,"column":0},"end":{"line":114,"column":39}},"114":{"start":{"line":115,"column":0},"end":{"line":115,"column":50}},"115":{"start":{"line":116,"column":0},"end":{"line":116,"column":25}},"116":{"start":{"line":117,"column":0},"end":{"line":117,"column":9}},"117":{"start":{"line":118,"column":0},"end":{"line":118,"column":27}},"118":{"start":{"line":119,"column":0},"end":{"line":119,"column":6}},"119":{"start":{"line":120,"column":0},"end":{"line":120,"column":45}},"120":{"start":{"line":121,"column":0},"end":{"line":121,"column":35}},"121":{"start":{"line":122,"column":0},"end":{"line":122,"column":58}},"122":{"start":{"line":123,"column":0},"end":{"line":123,"column":36}},"123":{"start":{"line":124,"column":0},"end":{"line":124,"column":45}},"124":{"start":{"line":125,"column":0},"end":{"line":125,"column":9}},"125":{"start":{"line":126,"column":0},"end":{"line":126,"column":50}},"126":{"start":{"line":127,"column":0},"end":{"line":127,"column":53}},"127":{"start":{"line":128,"column":0},"end":{"line":128,"column":48}},"128":{"start":{"line":129,"column":0},"end":{"line":129,"column":60}},"129":{"start":{"line":130,"column":0},"end":{"line":130,"column":47}},"130":{"start":{"line":131,"column":0},"end":{"line":131,"column":23}},"131":{"start":{"line":132,"column":0},"end":{"line":132,"column":8}},"132":{"start":{"line":133,"column":0},"end":{"line":133,"column":5}},"133":{"start":{"line":134,"column":0},"end":{"line":134,"column":69}},"134":{"start":{"line":135,"column":0},"end":{"line":135,"column":3}},"135":{"start":{"line":136,"column":0},"end":{"line":136,"column":1}},"136":{"start":{"line":137,"column":0},"end":{"line":137,"column":0}},"137":{"start":{"line":138,"column":0},"end":{"line":138,"column":34}}},"s":{"0":1,"1":1,"2":1,"3":1,"4":1,"5":1,"6":1,"7":1,"8":1,"9":1,"10":1,"11":40,"12":40,"13":40,"14":40,"15":40,"16":40,"17":40,"18":40,"19":1,"20":1,"21":40,"22":40,"23":1,"24":1,"25":12,"26":12,"27":1,"28":1,"29":28,"30":28,"31":1,"32":1,"33":28,"34":28,"35":1,"36":1,"37":12,"38":12,"39":1,"40":1,"41":34,"42":34,"43":34,"44":34,"45":119,"46":119,"47":64,"48":64,"49":109,"50":55,"51":55,"52":119,"53":34,"54":34,"55":1,"56":1,"57":12,"58":12,"59":1,"60":1,"61":12,"62":6,"63":6,"64":6,"65":6,"66":6,"67":6,"68":6,"69":6,"70":6,"71":6,"72":6,"73":6,"74":6,"75":6,"76":6,"77":6,"78":6,"79":6,"80":6,"81":6,"82":6,"83":6,"84":6,"85":6,"86":6,"87":4,"88":4,"89":4,"90":4,"91":2,"92":2,"93":2,"94":4,"95":6,"96":6,"97":12,"98":12,"99":1,"100":1,"101":28,"102":28,"103":1,"104":1,"105":28,"106":28,"107":28,"108":28,"109":28,"110":28,"111":28,"112":28,"113":28,"114":28,"115":28,"116":28,"117":28,"118":28,"119":28,"120":28,"121":28,"122":28,"123":28,"124":28,"125":28,"126":60,"127":60,"128":60,"129":40,"130":40,"131":40,"132":60,"133":28,"134":28,"135":1,"136":1,"137":1},"branchMap":{"0":{"type":"branch","line":11,"loc":{"start":{"line":11,"column":2},"end":{"line":19,"column":3}},"locations":[{"start":{"line":11,"column":2},"end":{"line":19,"column":3}}]},"1":{"type":"branch","line":21,"loc":{"start":{"line":21,"column":2},"end":{"line":23,"column":3}},"locations":[{"start":{"line":21,"column":2},"end":{"line":23,"column":3}}]},"2":{"type":"branch","line":25,"loc":{"start":{"line":25,"column":2},"end":{"line":27,"column":3}},"locations":[{"start":{"line":25,"column":2},"end":{"line":27,"column":3}}]},"3":{"type":"branch","line":29,"loc":{"start":{"line":29,"column":2},"end":{"line":31,"column":3}},"locations":[{"start":{"line":29,"column":2},"end":{"line":31,"column":3}}]},"4":{"type":"branch","line":33,"loc":{"start":{"line":33,"column":2},"end":{"line":35,"column":3}},"locations":[{"start":{"line":33,"column":2},"end":{"line":35,"column":3}}]},"5":{"type":"branch","line":37,"loc":{"start":{"line":37,"column":2},"end":{"line":39,"column":3}},"locations":[{"start":{"line":37,"column":2},"end":{"line":39,"column":3}}]},"6":{"type":"branch","line":41,"loc":{"start":{"line":41,"column":2},"end":{"line":55,"column":3}},"locations":[{"start":{"line":41,"column":2},"end":{"line":55,"column":3}}]},"7":{"type":"branch","line":45,"loc":{"start":{"line":45,"column":34},"end":{"line":53,"column":5}},"locations":[{"start":{"line":45,"column":34},"end":{"line":53,"column":5}}]},"8":{"type":"branch","line":47,"loc":{"start":{"line":47,"column":43},"end":{"line":52,"column":7}},"locations":[{"start":{"line":47,"column":43},"end":{"line":52,"column":7}}]},"9":{"type":"branch","line":47,"loc":{"start":{"line":47,"column":43},"end":{"line":50,"column":13}},"locations":[{"start":{"line":47,"column":43},"end":{"line":50,"column":13}}]},"10":{"type":"branch","line":50,"loc":{"start":{"line":50,"column":6},"end":{"line":52,"column":7}},"locations":[{"start":{"line":50,"column":6},"end":{"line":52,"column":7}}]},"11":{"type":"branch","line":57,"loc":{"start":{"line":57,"column":2},"end":{"line":59,"column":3}},"locations":[{"start":{"line":57,"column":2},"end":{"line":59,"column":3}}]},"12":{"type":"branch","line":61,"loc":{"start":{"line":61,"column":2},"end":{"line":99,"column":3}},"locations":[{"start":{"line":61,"column":2},"end":{"line":99,"column":3}}]},"13":{"type":"branch","line":62,"loc":{"start":{"line":62,"column":42},"end":{"line":97,"column":5}},"locations":[{"start":{"line":62,"column":42},"end":{"line":97,"column":5}}]},"14":{"type":"branch","line":87,"loc":{"start":{"line":87,"column":40},"end":{"line":95,"column":9}},"locations":[{"start":{"line":87,"column":40},"end":{"line":95,"column":9}}]},"15":{"type":"branch","line":91,"loc":{"start":{"line":91,"column":50},"end":{"line":94,"column":12}},"locations":[{"start":{"line":91,"column":50},"end":{"line":94,"column":12}}]},"16":{"type":"branch","line":101,"loc":{"start":{"line":101,"column":2},"end":{"line":103,"column":3}},"locations":[{"start":{"line":101,"column":2},"end":{"line":103,"column":3}}]},"17":{"type":"branch","line":105,"loc":{"start":{"line":105,"column":2},"end":{"line":135,"column":3}},"locations":[{"start":{"line":105,"column":2},"end":{"line":135,"column":3}}]},"18":{"type":"branch","line":126,"loc":{"start":{"line":126,"column":49},"end":{"line":133,"column":5}},"locations":[{"start":{"line":126,"column":49},"end":{"line":133,"column":5}}]},"19":{"type":"branch","line":129,"loc":{"start":{"line":129,"column":39},"end":{"line":132,"column":8}},"locations":[{"start":{"line":129,"column":39},"end":{"line":132,"column":8}}]}},"b":{"0":[40],"1":[40],"2":[12],"3":[28],"4":[28],"5":[12],"6":[34],"7":[119],"8":[109],"9":[64],"10":[55],"11":[12],"12":[12],"13":[6],"14":[4],"15":[2],"16":[28],"17":[28],"18":[60],"19":[40]},"fnMap":{"0":{"name":"Store","decl":{"start":{"line":11,"column":2},"end":{"line":19,"column":3}},"loc":{"start":{"line":11,"column":2},"end":{"line":19,"column":3}},"line":11},"1":{"name":"get storeController","decl":{"start":{"line":21,"column":2},"end":{"line":23,"column":3}},"loc":{"start":{"line":21,"column":2},"end":{"line":23,"column":3}},"line":21},"2":{"name":"get store","decl":{"start":{"line":25,"column":2},"end":{"line":27,"column":3}},"loc":{"start":{"line":25,"column":2},"end":{"line":27,"column":3}},"line":25},"3":{"name":"get privateStore","decl":{"start":{"line":29,"column":2},"end":{"line":31,"column":3}},"loc":{"start":{"line":29,"column":2},"end":{"line":31,"column":3}},"line":29},"4":{"name":"get privateStoreActions","decl":{"start":{"line":33,"column":2},"end":{"line":35,"column":3}},"loc":{"start":{"line":33,"column":2},"end":{"line":35,"column":3}},"line":33},"5":{"name":"get actions","decl":{"start":{"line":37,"column":2},"end":{"line":39,"column":3}},"loc":{"start":{"line":37,"column":2},"end":{"line":39,"column":3}},"line":37},"6":{"name":"#separateActionsAndData","decl":{"start":{"line":41,"column":2},"end":{"line":55,"column":3}},"loc":{"start":{"line":41,"column":2},"end":{"line":55,"column":3}},"line":41},"7":{"name":"init","decl":{"start":{"line":57,"column":2},"end":{"line":59,"column":3}},"loc":{"start":{"line":57,"column":2},"end":{"line":59,"column":3}},"line":57},"8":{"name":"#groupInit","decl":{"start":{"line":61,"column":2},"end":{"line":99,"column":3}},"loc":{"start":{"line":61,"column":2},"end":{"line":99,"column":3}},"line":61},"9":{"name":"_StoreActions.<computed>.<computed>","decl":{"start":{"line":91,"column":50},"end":{"line":94,"column":12}},"loc":{"start":{"line":91,"column":50},"end":{"line":94,"column":12}},"line":91},"10":{"name":"initPrivate","decl":{"start":{"line":101,"column":2},"end":{"line":103,"column":3}},"loc":{"start":{"line":101,"column":2},"end":{"line":103,"column":3}},"line":101},"11":{"name":"#sliceInit","decl":{"start":{"line":105,"column":2},"end":{"line":135,"column":3}},"loc":{"start":{"line":105,"column":2},"end":{"line":135,"column":3}},"line":105},"12":{"name":"_privateStoreActions.<computed>","decl":{"start":{"line":129,"column":39},"end":{"line":132,"column":8}},"loc":{"start":{"line":129,"column":39},"end":{"line":132,"column":8}},"line":129}},"f":{"0":40,"1":40,"2":12,"3":28,"4":28,"5":12,"6":34,"7":12,"8":12,"9":2,"10":28,"11":28,"12":40}}
,"C:\\Users\\alb03\\Documents\\Github\\packages\\store\\src\\helpers\\store\\controller\\index.ts": {"path":"C:\\Users\\alb03\\Documents\\Github\\packages\\store\\src\\helpers\\store\\controller\\index.ts","all":false,"statementMap":{"0":{"start":{"line":1,"column":0},"end":{"line":1,"column":50}},"1":{"start":{"line":2,"column":0},"end":{"line":2,"column":78}},"2":{"start":{"line":3,"column":0},"end":{"line":3,"column":59}},"3":{"start":{"line":4,"column":0},"end":{"line":4,"column":0}},"4":{"start":{"line":5,"column":0},"end":{"line":5,"column":23}},"5":{"start":{"line":6,"column":0},"end":{"line":6,"column":24}},"6":{"start":{"line":7,"column":0},"end":{"line":7,"column":35}},"7":{"start":{"line":8,"column":0},"end":{"line":8,"column":60}},"8":{"start":{"line":9,"column":0},"end":{"line":9,"column":29}},"9":{"start":{"line":10,"column":0},"end":{"line":10,"column":30}},"10":{"start":{"line":11,"column":0},"end":{"line":11,"column":33}},"11":{"start":{"line":12,"column":0},"end":{"line":12,"column":0}},"12":{"start":{"line":13,"column":0},"end":{"line":13,"column":17}},"13":{"start":{"line":14,"column":0},"end":{"line":14,"column":22}},"14":{"start":{"line":15,"column":0},"end":{"line":15,"column":35}},"15":{"start":{"line":16,"column":0},"end":{"line":16,"column":35}},"16":{"start":{"line":17,"column":0},"end":{"line":17,"column":32}},"17":{"start":{"line":18,"column":0},"end":{"line":18,"column":28}},"18":{"start":{"line":19,"column":0},"end":{"line":19,"column":37}},"19":{"start":{"line":20,"column":0},"end":{"line":20,"column":3}},"20":{"start":{"line":21,"column":0},"end":{"line":21,"column":0}},"21":{"start":{"line":22,"column":0},"end":{"line":22,"column":43}},"22":{"start":{"line":23,"column":0},"end":{"line":23,"column":50}},"23":{"start":{"line":24,"column":0},"end":{"line":24,"column":3}},"24":{"start":{"line":25,"column":0},"end":{"line":25,"column":0}},"25":{"start":{"line":26,"column":0},"end":{"line":26,"column":26}},"26":{"start":{"line":27,"column":0},"end":{"line":27,"column":78}},"27":{"start":{"line":28,"column":0},"end":{"line":28,"column":64}},"28":{"start":{"line":29,"column":0},"end":{"line":29,"column":7}},"29":{"start":{"line":30,"column":0},"end":{"line":30,"column":50}},"30":{"start":{"line":31,"column":0},"end":{"line":31,"column":6}},"31":{"start":{"line":32,"column":0},"end":{"line":32,"column":44}},"32":{"start":{"line":33,"column":0},"end":{"line":33,"column":9}},"33":{"start":{"line":34,"column":0},"end":{"line":34,"column":24}},"34":{"start":{"line":35,"column":0},"end":{"line":35,"column":39}},"35":{"start":{"line":36,"column":0},"end":{"line":36,"column":55}},"36":{"start":{"line":37,"column":0},"end":{"line":37,"column":50}},"37":{"start":{"line":38,"column":0},"end":{"line":38,"column":11}},"38":{"start":{"line":39,"column":0},"end":{"line":39,"column":55}},"39":{"start":{"line":40,"column":0},"end":{"line":40,"column":5}},"40":{"start":{"line":41,"column":0},"end":{"line":41,"column":6}},"41":{"start":{"line":42,"column":0},"end":{"line":42,"column":25}},"42":{"start":{"line":43,"column":0},"end":{"line":43,"column":62}},"43":{"start":{"line":44,"column":0},"end":{"line":44,"column":52}},"44":{"start":{"line":45,"column":0},"end":{"line":45,"column":77}},"45":{"start":{"line":46,"column":0},"end":{"line":46,"column":9}},"46":{"start":{"line":47,"column":0},"end":{"line":47,"column":6}},"47":{"start":{"line":48,"column":0},"end":{"line":48,"column":69}},"48":{"start":{"line":49,"column":0},"end":{"line":49,"column":94}},"49":{"start":{"line":50,"column":0},"end":{"line":50,"column":81}},"50":{"start":{"line":51,"column":0},"end":{"line":51,"column":78}},"51":{"start":{"line":52,"column":0},"end":{"line":52,"column":82}},"52":{"start":{"line":53,"column":0},"end":{"line":53,"column":92}},"53":{"start":{"line":54,"column":0},"end":{"line":54,"column":115}},"54":{"start":{"line":55,"column":0},"end":{"line":55,"column":9}},"55":{"start":{"line":56,"column":0},"end":{"line":56,"column":35}},"56":{"start":{"line":57,"column":0},"end":{"line":57,"column":72}},"57":{"start":{"line":58,"column":0},"end":{"line":58,"column":38}},"58":{"start":{"line":59,"column":0},"end":{"line":59,"column":5}},"59":{"start":{"line":60,"column":0},"end":{"line":60,"column":59}},"60":{"start":{"line":61,"column":0},"end":{"line":61,"column":38}},"61":{"start":{"line":62,"column":0},"end":{"line":62,"column":18}},"62":{"start":{"line":63,"column":0},"end":{"line":63,"column":66}},"63":{"start":{"line":64,"column":0},"end":{"line":64,"column":43}},"64":{"start":{"line":65,"column":0},"end":{"line":65,"column":6}},"65":{"start":{"line":66,"column":0},"end":{"line":66,"column":3}},"66":{"start":{"line":67,"column":0},"end":{"line":67,"column":0}},"67":{"start":{"line":68,"column":0},"end":{"line":68,"column":4}},"68":{"start":{"line":69,"column":0},"end":{"line":69,"column":32}},"69":{"start":{"line":70,"column":0},"end":{"line":70,"column":37}},"70":{"start":{"line":71,"column":0},"end":{"line":71,"column":87}},"71":{"start":{"line":72,"column":0},"end":{"line":72,"column":46}},"72":{"start":{"line":73,"column":0},"end":{"line":73,"column":76}},"73":{"start":{"line":74,"column":0},"end":{"line":74,"column":21}},"74":{"start":{"line":75,"column":0},"end":{"line":75,"column":74}},"75":{"start":{"line":76,"column":0},"end":{"line":76,"column":64}},"76":{"start":{"line":77,"column":0},"end":{"line":77,"column":63}},"77":{"start":{"line":78,"column":0},"end":{"line":78,"column":68}},"78":{"start":{"line":79,"column":0},"end":{"line":79,"column":88}},"79":{"start":{"line":80,"column":0},"end":{"line":80,"column":102}},"80":{"start":{"line":81,"column":0},"end":{"line":81,"column":4}},"81":{"start":{"line":82,"column":0},"end":{"lin
[...]
"column":56}}]},"73":{"type":"branch","line":304,"loc":{"start":{"line":304,"column":49},"end":{"line":305,"column":58}},"locations":[{"start":{"line":304,"column":49},"end":{"line":305,"column":58}}]},"74":{"type":"branch","line":305,"loc":{"start":{"line":305,"column":25},"end":{"line":305,"column":58}},"locations":[{"start":{"line":305,"column":25},"end":{"line":305,"column":58}}]},"75":{"type":"branch","line":305,"loc":{"start":{"line":305,"column":50},"end":{"line":306,"column":31}},"locations":[{"start":{"line":305,"column":50},"end":{"line":306,"column":31}}]},"76":{"type":"branch","line":307,"loc":{"start":{"line":307,"column":4},"end":{"line":319,"column":3}},"locations":[{"start":{"line":307,"column":4},"end":{"line":319,"column":3}}]},"77":{"type":"branch","line":310,"loc":{"start":{"line":310,"column":42},"end":{"line":317,"column":5}},"locations":[{"start":{"line":310,"column":42},"end":{"line":317,"column":5}}]},"78":{"type":"branch","line":314,"loc":{"start":{"line":314,"column":20},"end":{"line":316,"column":7}},"locations":[{"start":{"line":314,"column":20},"end":{"line":316,"column":7}}]},"79":{"type":"branch","line":319,"loc":{"start":{"line":319,"column":2},"end":{"line":321,"column":43}},"locations":[{"start":{"line":319,"column":2},"end":{"line":321,"column":43}}]},"80":{"type":"branch","line":321,"loc":{"start":{"line":321,"column":32},"end":{"line":322,"column":43}},"locations":[{"start":{"line":321,"column":32},"end":{"line":322,"column":43}}]},"81":{"type":"branch","line":322,"loc":{"start":{"line":322,"column":32},"end":{"line":323,"column":61}},"locations":[{"start":{"line":322,"column":32},"end":{"line":323,"column":61}}]},"82":{"type":"branch","line":324,"loc":{"start":{"line":324,"column":4},"end":{"line":333,"column":3}},"locations":[{"start":{"line":324,"column":4},"end":{"line":333,"column":3}}]},"83":{"type":"branch","line":326,"loc":{"start":{"line":326,"column":52},"end":{"line":331,"column":5}},"locations":[{"start":{"line":326,"column":52},"end":{"line":331,"column":5}}]},"84":{"type":"branch","line":328,"loc":{"start":{"line":328,"column":20},"end":{"line":330,"column":7}},"locations":[{"start":{"line":328,"column":20},"end":{"line":330,"column":7}}]},"85":{"type":"branch","line":333,"loc":{"start":{"line":333,"column":2},"end":{"line":335,"column":1}},"locations":[{"start":{"line":333,"column":2},"end":{"line":335,"column":1}}]},"86":{"type":"branch","line":337,"loc":{"start":{"line":337,"column":7},"end":{"line":367,"column":1}},"locations":[{"start":{"line":337,"column":7},"end":{"line":367,"column":1}}]},"87":{"type":"branch","line":346,"loc":{"start":{"line":346,"column":25},"end":{"line":348,"column":3}},"locations":[{"start":{"line":346,"column":25},"end":{"line":348,"column":3}}]},"88":{"type":"branch","line":348,"loc":{"start":{"line":348,"column":2},"end":{"line":350,"column":25}},"locations":[{"start":{"line":348,"column":2},"end":{"line":350,"column":25}}]},"89":{"type":"branch","line":350,"loc":{"start":{"line":350,"column":25},"end":{"line":352,"column":3}},"locations":[{"start":{"line":350,"column":25},"end":{"line":352,"column":3}}]},"90":{"type":"branch","line":352,"loc":{"start":{"line":352,"column":2},"end":{"line":354,"column":27}},"locations":[{"start":{"line":352,"column":2},"end":{"line":354,"column":27}}]},"91":{"type":"branch","line":354,"loc":{"start":{"line":354,"column":19},"end":{"line":354,"column":48}},"locations":[{"start":{"line":354,"column":19},"end":{"line":354,"column":48}}]},"92":{"type":"branch","line":354,"loc":{"start":{"line":354,"column":48},"end":{"line":356,"column":3}},"locations":[{"start":{"line":354,"column":48},"end":{"line":356,"column":3}}]},"93":{"type":"branch","line":355,"loc":{"start":{"line":355,"column":11},"end":{"line":355,"column":40}},"locations":[{"start":{"line":355,"column":11},"end":{"line":355,"column":40}}]},"94":{"type":"branch","line":355,"loc":{"start":{"line":355,"column":30},"end":{"line":355,"column":64}},"locations":[{"start":{"line":355,"column":30},"end":{"line":355,"column":64}}]},"95":{"type":"branch","line":356,"loc":{"start":{"line":356,"column":2},"end":{"line":358,"column":27}},"locations":[{"start":{"line":356,"column":2},"end":{"line":358,"column":27}}]},"96":{"type":"branch","line":358,"loc":{"start":{"line":358,"column":19},"end":{"line":358,"column":48}},"locations":[{"start":{"line":358,"column":19},"end":{"line":358,"column":48}}]},"97":{"type":"branch","line":358,"loc":{"start":{"line":358,"column":48},"end":{"line":362,"column":3}},"locations":[{"start":{"line":358,"column":48},"end":{"line":362,"column":3}}]},"98":{"type":"branch","line":359,"loc":{"start":{"line":359,"column":11},"end":{"line":360,"column":45}},"locations":[{"start":{"line":359,"column":11},"end":{"line":360,"column":45}}]},"99":{"type":"branch","line":360,"loc":{"start":{"line":360,"column":44},"end":{"line":361,"column":56}},"locations":[{"start":{"line":360,"column":44},"end":{"line":361,"column":56}}]},"100":{"type":"branch","line":362,"loc":{"start":{"line":362,"column":2},"end":{"line":367,"column":1}},"locations":[{"start":{"line":362,"column":2},"end":{"line":367,"column":1}}]},"101":{"type":"branch","line":369,"loc":{"start":{"line":369,"column":7},"end":{"line":407,"column":1}},"locations":[{"start":{"line":369,"column":7},"end":{"line":407,"column":1}}]},"102":{"type":"branch","line":379,"loc":{"start":{"line":379,"column":34},"end":{"line":392,"column":3}},"locations":[{"start":{"line":379,"column":34},"end":{"line":392,"column":3}}]},"103":{"type":"branch","line":380,"loc":{"start":{"line":380,"column":29},"end":{"line":383,"column":5}},"locations":[{"start":{"line":380,"column":29},"end":{"line":383,"column":5}}]},"104":{"type":"branch","line":382,"loc":{"start":{"line":382,"column":14},"end":{"line":382,"column":64}},"locations":[{"start":{"line":382,"column":14},"end":{"line":382,"column":64}}]},"105":{"type":"branch","line":382,"loc":{"start":{"line":382,"column":39},"end":{"line":382,"column":52}},"locations":[{"start":{"line":382,"column":39},"end":{"line":382,"column":52}}]},"106":{"type":"branch","line":382,"loc":{"start":{"line":382,"column":46},"end":{"line":382,"column":64}},"locations":[{"start":{"line":382,"column":46},"end":{"line":382,"column":64}}]},"107":{"type":"branch","line":382,"loc":{"start":{"line":382,"column":52},"end":{"line":382,"column":68}},"locations":[{"start":{"line":382,"column":52},"end":{"line":382,"column":68}}]},"108":{"type":"branch","line":384,"loc":{"start":{"line":384,"column":29},"end":{"line":391,"column":5}},"locations":[{"start":{"line":384,"column":29},"end":{"line":391,"column":5}}]},"109":{"type":"branch","line":385,"loc":{"start":{"line":385,"column":34},"end":{"line":385,"column":67}},"locations":[{"start":{"line":385,"column":34},"end":{"line":385,"column":67}}]},"110":{"type":"branch","line":386,"loc":{"start":{"line":386,"column":14},"end":{"line":389,"column":20}},"locations":[{"start":{"line":386,"column":14},"end":{"line":389,"column":20}}]},"111":{"type":"branch","line":387,"loc":{"start":{"line":387,"column":30},"end":{"line":387,"column":55}},"locations":[{"start":{"line":387,"column":30},"end":{"line":387,"column":55}}]},"112":{"type":"branch","line":387,"loc":{"start":{"line":387,"column":51},"end":{"line":388,"column":15}},"locations":[{"start":{"line":387,"column":51},"end":{"line":388,"column":15}}]},"113":{"type":"branch","line":388,"loc":{"start":{"line":388,"column":12},"end":{"line":389,"column":20}},"locations":[{"start":{"line":388,"column":12},"end":{"line":389,"column":20}}]},"114":{"type":"branch","line":389,"loc":{"start":{"line":389,"column":12},"end":{"line":390,"column":14}},"locations":[{"start":{"line":389,"column":12},"end":{"line":390,"column":14}}]},"115":{"type":"branch","line":393,"loc":{"start":{"line":393,"column":34},"end":{"line":405,"column":3}},"locations":[{"start":{"line":393,"column":34},"end":{"line":405,"column":3}}]},"116":{"type":"branch","line":394,"loc":{"start":{"line":394,"column":29},"end":{"line":397,"column":5}},"locations":[{"start":{"line":394,"column":29},"end":{"line":397,"column":5}}]},"117":{"type":"branch","line":396,"loc":{"start":{"line":396,"column":27},"end":{"line":396,"column":41}},"locations":[{"start":{"line":396,"column":27},"end":{"line":396,"column":41}}]},"118":{"type":"branch","line":396,"loc":{"start":{"line":396,"column":34},"end":{"line":396,"column":59}},"locations":[{"start":{"line":396,"column":34},"end":{"line":396,"column":59}}]},"119":{"type":"branch","line":398,"loc":{"start":{"line":398,"column":29},"end":{"line":404,"column":5}},"locations":[{"start":{"line":398,"column":29},"end":{"line":404,"column":5}}]},"120":{"type":"branch","line":399,"loc":{"start":{"line":399,"column":34},"end":{"line":399,"column":67}},"locations":[{"start":{"line":399,"column":34},"end":{"line":399,"column":67}}]},"121":{"type":"branch","line":401,"loc":{"start":{"line":401,"column":28},"end":{"line":401,"column":53}},"locations":[{"start":{"line":401,"column":28},"end":{"line":401,"column":53}}]},"122":{"type":"branch","line":401,"loc":{"start":{"line":401,"column":49},"end":{"line":402,"column":15}},"locations":[{"start":{"line":401,"column":49},"end":{"line":402,"column":15}}]},"123":{"type":"branch","line":402,"loc":{"start":{"line":402,"column":12},"end":{"line":403,"column":31}},"locations":[{"start":{"line":402,"column":12},"end":{"line":403,"column":31}}]},"124":{"type":"branch","line":409,"loc":{"start":{"line":409,"column":0},"end":{"line":431,"column":1}},"locations":[{"start":{"line":409,"column":0},"end":{"line":431,"column":1}}]},"125":{"type":"branch","line":421,"loc":{"start":{"line":421,"column":21},"end":{"line":423,"column":3}},"locations":[{"start":{"line":421,"column":21},"end":{"line":423,"column":3}}]},"126":{"type":"branch","line":423,"loc":{"start":{"line":423,"column":2},"end":{"line":431,"column":1}},"locations":[{"start":{"line":423,"column":2},"end":{"line":431,"column":1}}]},"127":{"type":"branch","line":424,"loc":{"start":{"line":424,"column":42},"end":{"line":430,"column":3}},"locations":[{"start":{"line":424,"column":42},"end":{"line":430,"column":3}}]},"128":{"type":"branch","line":433,"loc":{"start":{"line":433,"column":7},"end":{"line":458,"column":1}},"locations":[{"start":{"line":433,"column":7},"end":{"line":458,"column":1}}]},"129":{"type":"branch","line":434,"loc":{"start":{"line":434,"column":13},"end":{"line":437,"column":4}},"locations":[{"start":{"line":434,"column":13},"end":{"line":437,"column":4}}]},"130":{"type":"branch","line":438,"loc":{"start":{"line":438,"column":17},"end":{"line":442,"column":4}},"locations":[{"start":{"line":438,"column":17},"end":{"line":442,"column":4}}]},"131":{"type":"branch","line":443,"loc":{"start":{"line":443,"column":20},"end":{"line":456,"column":4}},"locations":[{"start":{"line":443,"column":20},"end":{"line":456,"column":4}}]},"132":{"type":"branch","line":451,"loc":{"start":{"line":451,"column":23},"end":{"line":453,"column":5}},"locations":[{"start":{"line":451,"column":23},"end":{"line":453,"column":5}}]},"133":{"type":"branch","line":453,"loc":{"start":{"line":453,"column":4},"end":{"line":455,"column":64}},"locations":[{"start":{"line":453,"column":4},"end":{"line":455,"column":64}}]},"134":{"type":"branch","line":452,"loc":{"start":{"line":452,"column":13},"end":{"line":452,"column":26}},"locations":[{"start":{"line":452,"column":13},"end":{"line":452,"column":26}}]},"135":{"type":"branch","line":460,"loc":{"start":{"line":460,"column":7},"end":{"line":479,"column":1}},"locations":[{"start":{"line":460,"column":7},"end":{"line":479,"column":1}}]},"136":{"type":"branch","line":464,"loc":{"start":{"line":464,"column":21},"end":{"line":468,"column":4}},"locations":[{"start":{"line":464,"column":21},"end":{"line":468,"column":4}}]},"137":{"type":"branch","line":466,"loc":{"start":{"line":466,"column":44},"end":{"line":466,"column":65}},"locations":[{"start":{"line":466,"column":44},"end":{"line":466,"column":65}}]},"138":{"type":"branch","line":466,"loc":{"start":{"line":466,"column":61},"end":{"line":466,"column":72}},"locations":[{"start":{"line":466,"column":61},"end":{"line":466,"column":72}}]},"139":{"type":"branch","line":469,"loc":{"start":{"line":469,"column":26},"end":{"line":473,"column":4}},"locations":[{"start":{"line":469,"column":26},"end":{"line":473,"column":4}}]},"140":{"type":"branch","line":471,"loc":{"start":{"line":471,"column":44},"end":{"line":471,"column":65}},"locations":[{"start":{"line":471,"column":44},"end":{"line":471,"column":65}}]},"141":{"type":"branch","line":471,"loc":{"start":{"line":471,"column":61},"end":{"line":471,"column":72}},"locations":[{"start":{"line":471,"column":61},"end":{"line":471,"column":72}}]},"142":{"type":"branch","line":474,"loc":{"start":{"line":474,"column":22},"end":{"line":477,"column":4}},"locations":[{"start":{"line":474,"column":22},"end":{"line":477,"column":4}}]},"143":{"type":"branch","line":481,"loc":{"start":{"line":481,"column":7},"end":{"line":483,"column":1}},"locations":[{"start":{"line":481,"column":7},"end":{"line":483,"column":1}}]},"144":{"type":"branch","line":485,"loc":{"start":{"line":485,"column":7},"end":{"line":510,"column":1}},"locations":[{"start":{"line":485,"column":7},"end":{"line":510,"column":1}}]},"145":{"type":"branch","line":490,"loc":{"start":{"line":490,"column":27},"end":{"line":500,"column":3}},"locations":[{"start":{"line":490,"column":27},"end":{"line":500,"column":3}}]},"146":{"type":"branch","line":500,"loc":{"start":{"line":500,"column":2},"end":{"line":510,"column":1}},"locations":[{"start":{"line":500,"column":2},"end":{"line":510,"column":1}}]}},"b":{"0":[33],"1":[25],"2":[8],"3":[23],"4":[5],"5":[85],"6":[27],"7":[25],"8":[8],"9":[3],"10":[8],"11":[2],"12":[1],"13":[206],"14":[18],"15":[312],"16":[171],"17":[13],"18":[158],"19":[141],"20":[16],"21":[125],"22":[205],"23":[192],"24":[3],"25":[202],"26":[189],"27":[9],"28":[193],"29":[180],"30":[9],"31":[184],"32":[171],"33":[82],"34":[12],"35":[102],"36":[112],"37":[106],"38":[56],"39":[50],"40":[6],"41":[1018],"42":[925],"43":[29],"44":[989],"45":[896],"46":[96],"47":[893],"48":[800],"49":[92],"50":[801],"51":[708],"52":[264],"53":[537],"54":[558],"55":[41],"56":[85],"57":[28],"58":[13],"59":[13],"60":[166],"61":[159],"62":[159],"63":[159],"64":[7],"65":[159],"66":[39],"67":[39],"68":[38],"69":[76],"70":[33],"71":[121],"72":[10],"73":[111],"74":[15],"75":[25],"76":[15],"77":[10],"78":[5],"79":[106],"80":[42],"81":[42],"82":[33],"83":[38],"84":[33],"85":[73],"86":[105],"87":[35],"88":[70],"89":[11],"90":[59],"91":[4],"92":[4],"93":[2],"94":[2],"95":[55],"96":[7],"97":[7],"98":[1],"99":[6],"100":[48],"101":[89],"102":[47],"103":[28],"104":[9],"105":[2],"106":[7],"107":[19],"108":[19],"109":[18],"110":[14],"111":[11],"112":[6],"113":[8],"114":[5],"115":[42],"116":[37],"117":[1],"118":[36],"119":[5],"120":[4],"121":[4],"122":[2],"123":[3],"124":[9],"125":[1],"126":[8],"127":[15],"128":[40],"129":[5],"130":[10],"131":[45],"132":[2],"133":[40],"134":[1],"135":[40],"136":[10],"137":[2],"138":[8],"139":[29],"140":[1],"141":[27],"142":[5],"143":[40],"144":[47],"145":[12],"146":[28]},"fnMap":{"0":{"name":"handleChanges","decl":{"start":{"line":28,"column":0},"end":{"line":66,"column":1}},"loc":{"start":{"line":28,"column":0},"end":{"line":66,"column":1}},"line":28},"1":{"name":"next","decl":{"start":{"line":35,"column":17},"end":{"line":41,"column":6}},"loc":{"start":{"line":35,"column":17},"end":{"line":41,"column":6}},"line":35},"2":{"name":"next","decl":{"start":{"line":53,"column":17},"end":{"line":55,"column":6}},"loc":{"start":{"line":53,"column":17},"end":{"line":55,"column":6}},"line":53},"3":{"name":"createProxyValidator","decl":{"start":{"line":68,"column":0},"end":{"line":113,"column":1}},"loc":{"start":{"line":68,"column":0},"end":{"line":113,"column":1}},"line":68},"4":{"name":"set","decl":{"start":{"line":73,"column":9},"end":{"line":97,"column":6}},"loc":{"start":{"line":73,"column":9},"end":{"line":97,"column":6}},"line":73},"5":{"name":"deleteProperty","decl":{"start":{"line":98,"column":20},"end":{"line":111,"column":5}},"loc":{"start":{"line":98,"column":20},"end":{"line":111,"column":5}},"line":98},"6":{"name":"handleObservable","decl":{"start":{"line":115,"column":0},"end":{"line":135,"column":1}},"loc":{"start":{"line":115,"column":0},"end":{"line":135,"column":1}},"line":115},"7":{"name":"assignObservableAndProxy","decl":{"start":{"line":142,"column":7},"end":{"line":240,"column":1}},"loc":{"start":{"line":142,"column":7},"end":{"line":240,"column":1}},"line":142},"8":{"name":"removeObservableAndProxy","decl":{"start":{"line":242,"column":7},"end":{"line":261,"column":1}},"loc":{"start":{"line":242,"column":7},"end":{"line":261,"column":1}},"line":242},"9":{"name":"getStoreType","decl":{"start":{"line":263,"column":7},"end":{"line":278,"column":1}},"loc":{"start":{"line":263,"column":7},"end":{"line":278,"column":1}},"line":263},"10":{"name":"isSame","decl":{"start":{"line":280,"column":7},"end":{"line":335,"column":1}},"loc":{"start":{"line":280,"column":7},"end":{"line":335,"column":1}},"line":280},"11":{"name":"getData","decl":{"start":{"line":337,"column":7},"end":{"line":367,"column":1}},"loc":{"start":{"line":337,"column":7},"end":{"line":367,"column":1}},"line":337},"12":{"name":"getEventAndPath","decl":{"start":{"line":369,"column":7},"end":{"line":407,"column":1}},"loc":{"start":{"line":369,"column":7},"end":{"line":407,"column":1}},"line":369},"13":{"name":"sendDataWithMemo","decl":{"start":{"line":409,"column":0},"end":{"line":431,"column":1}},"loc":{"start":{"line":409,"column":0},"end":{"line":431,"column":1}},"line":409},"14":{"name":"attachEvent","decl":{"start":{"line":433,"column":7},"end":{"line":458,"column":1}},"loc":{"start":{"line":433,"column":7},"end":{"line":458,"column":1}},"line":433},"15":{"name":"store.on","decl":{"start":{"line":434,"column":13},"end":{"line":437,"column":4}},"loc":{"start":{"line":434,"column":13},"end":{"line":437,"column":4}},"line":434},"16":{"name":"store.listen","decl":{"start":{"line":438,"column":17},"end":{"line":442,"column":4}},"loc":{"start":{"line":438,"column":17},"end":{"line":442,"column":4}},"line":438},"17":{"name":"store.intercept","decl":{"start":{"line":443,"column":20},"end":{"line":456,"column":4}},"loc":{"start":{"line":443,"column":20},"end":{"line":456,"column":4}},"line":443},"18":{"name":"storeController.storeController","decl":{"start":{"line":452,"column":13},"end":{"line":452,"column":26}},"loc":{"start":{"line":452,"column":13},"end":{"line":452,"column":26}},"line":452},"19":{"name":"attachSnapshotHandler","decl":{"start":{"line":460,"column":7},"end":{"line":479,"column":1}},"loc":{"start":{"line":460,"column":7},"end":{"line":479,"column":1}},"line":460},"20":{"name":"store.getActions","decl":{"start":{"line":464,"column":21},"end":{"line":468,"column":4}},"loc":{"start":{"line":464,"column":21},"end":{"line":468,"column":4}},"line":464},"21":{"name":"store.getDataSnapshot","decl":{"start":{"line":469,"column":26},"end":{"line":473,"column":4}},"loc":{"start":{"line":469,"column":26},"end":{"line":473,"column":4}},"line":469},"22":{"name":"store.getSnapshot","decl":{"start":{"line":474,"column":22},"end":{"line":477,"column":4}},"loc":{"start":{"line":474,"column":22},"end":{"line":477,"column":4}},"line":474},"23":{"name":"finalizeStore","decl":{"start":{"line":481,"column":7},"end":{"line":483,"column":1}},"loc":{"start":{"line":481,"column":7},"end":{"line":483,"column":1}},"line":481},"24":{"name":"getNewStore","decl":{"start":{"line":485,"column":7},"end":{"line":510,"column":1}},"loc":{"start":{"line":485,"column":7},"end":{"line":510,"column":1}},"line":485}},"f":{"0":33,"1":23,"2":5,"3":85,"4":27,"5":8,"6":206,"7":205,"8":1018,"9":41,"10":166,"11":105,"12":89,"13":9,"14":40,"15":5,"16":10,"17":45,"18":1,"19":40,"20":10,"21":29,"22":5,"23":40,"24":47}}
}
